<?xml version="1.0" encoding="UTF-8"?>
<TestRun id="d0c5af83-7612-4eb6-a0ac-cc32824b2d5c" name="cfc@CFC-WINDOWS 2014-10-25 15:47:31" runUser="cfc-windows\cfc" xmlns="http://microsoft.com/schemas/VisualStudio/TeamTest/2010">
  <TestSettings name="Default Test Settings" id="5eabcae0-d344-4fd7-87dc-d7c306a9ad32">
    <Deployment runDeploymentRoot="cfc_CFC-WINDOWS 2014-10-25 15_47_31">
      <DeploymentItem filename="C:\RJ\DojoInterfaceApplication\packages\Selenium.WebDriver.2.44.0\lib\net40\WebDriver.dll" />
      <DeploymentItem filename="C:\RJ\DojoInterfaceApplication\DojoInterfaceApplication\bin\DojoInterfaceApplication.dll" />
      <DeploymentItem filename="C:\RJ\DojoInterfaceApplication\packages\Selenium.Support.2.44.0\lib\net40\WebDriver.Support.dll" />
    </Deployment>
    <Execution>
      <TestTypeSpecific />
      <AgentRule name="Execution Agents">
      </AgentRule>
    </Execution>
  </TestSettings>
  <Times creation="2014-10-25T15:47:31.7915025-02:00" queuing="2014-10-25T15:47:31.9915028-02:00" start="2014-10-25T15:47:32.0315029-02:00" finish="2014-10-25T15:47:40.8494997-02:00" />
  <ResultSummary outcome="Failed">
    <Counters total="1" executed="1" error="0" failed="1" timeout="0" aborted="0" inconclusive="0" passedButRunAborted="0" notRunnable="0" notExecuted="0" disconnected="0" warning="0" passed="0" completed="0" inProgress="0" pending="0" />
  </ResultSummary>
  <TestDefinitions>
    <UnitTest name="Retorna_Erro_quando_campos_obrigatorios_nao_sao_preenchidos" storage="c:\rj\dojointerfaceapplication\dojointerfaceapplication.tests\bin\release\dojointerfaceapplication.tests.dll" id="7344a36e-2dc0-024a-706b-1db8bd933681">
      <Execution id="e02c5259-3b2c-4cfa-a58f-5e3692d3e294" />
      <TestMethod codeBase="C:/RJ/DojoInterfaceApplication/DojoInterfaceApplication.Tests/bin/Release/DojoInterfaceApplication.Tests.DLL" adapterTypeName="Microsoft.VisualStudio.TestTools.TestTypes.Unit.UnitTestAdapter, Microsoft.VisualStudio.QualityTools.Tips.UnitTest.Adapter, Version=10.0.0.0, Culture=neutral, PublicKeyToken=b03f5f7f11d50a3a" className="SeleniumTests.TesteValidacoes, DojoInterfaceApplication.Tests, Version=1.0.0.0, Culture=neutral, PublicKeyToken=null" name="Retorna_Erro_quando_campos_obrigatorios_nao_sao_preenchidos" />
    </UnitTest>
  </TestDefinitions>
  <TestLists>
    <TestList name="Results Not in a List" id="8c84fa94-04c1-424b-9868-57a2d4851a1d" />
    <TestList name="All Loaded Results" id="19431567-8539-422a-85d7-44ee4e166bda" />
  </TestLists>
  <TestEntries>
    <TestEntry testId="7344a36e-2dc0-024a-706b-1db8bd933681" executionId="e02c5259-3b2c-4cfa-a58f-5e3692d3e294" testListId="8c84fa94-04c1-424b-9868-57a2d4851a1d" />
  </TestEntries>
  <Results>
    <UnitTestResult executionId="e02c5259-3b2c-4cfa-a58f-5e3692d3e294" testId="7344a36e-2dc0-024a-706b-1db8bd933681" testName="Retorna_Erro_quando_campos_obrigatorios_nao_sao_preenchidos" computerName="CFC-WINDOWS" duration="00:00:08.2370902" startTime="2014-10-25T15:47:32.0315029-02:00" endTime="2014-10-25T15:47:40.7994968-02:00" testType="13cdc9d9-ddb5-4fa4-a97d-d965ccfc6d4b" outcome="Failed" testListId="8c84fa94-04c1-424b-9868-57a2d4851a1d" relativeResultsDirectory="e02c5259-3b2c-4cfa-a58f-5e3692d3e294">
      <Output>
        <ErrorInfo>
          <Message>Assert.AreEqual failed. Expected:&lt;O campo Id Vendedor é obrigatório.&gt;. Actual:&lt;O camfsdmnfsdkh bsayidfgvhjdf v jksdgfvsjpo Id Vendedor é obrigatório.&gt;. </Message>
          <StackTrace>   em SeleniumTests.TesteValidacoes.Retorna_Erro_quando_campos_obrigatorios_nao_sao_preenchidos() na C:\RJ\DojoInterfaceApplication\DojoInterfaceApplication.Tests\TesteValidacoes.cs:linha 31
</StackTrace>
        </ErrorInfo>
      </Output>
    </UnitTestResult>
  </Results>
</TestRun>