<?xml version="1.0" encoding="UTF-8"?>
<TestRun id="4ee67150-87a0-4480-885a-3fb09a0e34e2" name="cfc@CFC-WINDOWS 2014-10-25 16:00:37" runUser="cfc-windows\cfc" xmlns="http://microsoft.com/schemas/VisualStudio/TeamTest/2010">
  <TestSettings name="Default Test Settings" id="c1fcb146-bf73-48b3-a43d-7fe5cc518e63">
    <Deployment runDeploymentRoot="cfc_CFC-WINDOWS 2014-10-25 16_00_37">
      <DeploymentItem filename="C:\RJ\DojoInterfaceApplication\packages\Selenium.WebDriver.2.44.0\lib\net40\WebDriver.dll" />
      <DeploymentItem filename="C:\RJ\DojoInterfaceApplication\DojoInterfaceApplication\bin\DojoInterfaceApplication.dll" />
      <DeploymentItem filename="C:\RJ\DojoInterfaceApplication\packages\Selenium.Support.2.44.0\lib\net40\WebDriver.Support.dll" />
    </Deployment>
    <Execution>
      <TestTypeSpecific />
      <AgentRule name="Execution Agents">
      </AgentRule>
    </Execution>
  </TestSettings>
  <Times creation="2014-10-25T16:00:37.8246810-02:00" queuing="2014-10-25T16:00:38.0186921-02:00" start="2014-10-25T16:00:38.0576943-02:00" finish="2014-10-25T16:00:46.4600344-02:00" />
  <ResultSummary outcome="Completed">
    <Counters total="1" executed="1" passed="1" error="0" failed="0" timeout="0" aborted="0" inconclusive="0" passedButRunAborted="0" notRunnable="0" notExecuted="0" disconnected="0" warning="0" completed="0" inProgress="0" pending="0" />
  </ResultSummary>
  <TestDefinitions>
    <UnitTest name="Retorna_Erro_quando_campos_obrigatorios_nao_sao_preenchidos" storage="c:\rj\dojointerfaceapplication\dojointerfaceapplication.tests\bin\release\dojointerfaceapplication.tests.dll" id="7344a36e-2dc0-024a-706b-1db8bd933681">
      <Execution id="f2bf5f2e-09eb-4ab7-9c23-c9cd8dfee6a3" />
      <TestMethod codeBase="C:/RJ/DojoInterfaceApplication/DojoInterfaceApplication.Tests/bin/Release/DojoInterfaceApplication.Tests.DLL" adapterTypeName="Microsoft.VisualStudio.TestTools.TestTypes.Unit.UnitTestAdapter, Microsoft.VisualStudio.QualityTools.Tips.UnitTest.Adapter, Version=10.0.0.0, Culture=neutral, PublicKeyToken=b03f5f7f11d50a3a" className="SeleniumTests.TesteValidacoes, DojoInterfaceApplication.Tests, Version=1.0.0.0, Culture=neutral, PublicKeyToken=null" name="Retorna_Erro_quando_campos_obrigatorios_nao_sao_preenchidos" />
    </UnitTest>
  </TestDefinitions>
  <TestLists>
    <TestList name="Results Not in a List" id="8c84fa94-04c1-424b-9868-57a2d4851a1d" />
    <TestList name="All Loaded Results" id="19431567-8539-422a-85d7-44ee4e166bda" />
  </TestLists>
  <TestEntries>
    <TestEntry testId="7344a36e-2dc0-024a-706b-1db8bd933681" executionId="f2bf5f2e-09eb-4ab7-9c23-c9cd8dfee6a3" testListId="8c84fa94-04c1-424b-9868-57a2d4851a1d" />
  </TestEntries>
  <Results>
    <UnitTestResult executionId="f2bf5f2e-09eb-4ab7-9c23-c9cd8dfee6a3" testId="7344a36e-2dc0-024a-706b-1db8bd933681" testName="Retorna_Erro_quando_campos_obrigatorios_nao_sao_preenchidos" computerName="CFC-WINDOWS" duration="00:00:07.8771901" startTime="2014-10-25T16:00:38.0606945-02:00" endTime="2014-10-25T16:00:46.4150337-02:00" testType="13cdc9d9-ddb5-4fa4-a97d-d965ccfc6d4b" outcome="Passed" testListId="8c84fa94-04c1-424b-9868-57a2d4851a1d" relativeResultsDirectory="f2bf5f2e-09eb-4ab7-9c23-c9cd8dfee6a3">
    </UnitTestResult>
  </Results>
</TestRun>