<?xml version="1.0" encoding="UTF-8"?>
<TestRun id="77ccb588-a380-415f-b04e-87560ec0265f" name="cfc@CFC-WINDOWS 2014-10-25 16:10:21" runUser="cfc-windows\cfc" xmlns="http://microsoft.com/schemas/VisualStudio/TeamTest/2010">
  <TestSettings name="Default Test Settings" id="25b61bb9-ef05-4392-8448-b8299de12fad">
    <Deployment runDeploymentRoot="cfc_CFC-WINDOWS 2014-10-25 16_10_21">
      <DeploymentItem filename="C:\RJ\DojoInterfaceApplication\packages\Selenium.WebDriver.2.44.0\lib\net40\WebDriver.dll" />
      <DeploymentItem filename="C:\RJ\DojoInterfaceApplication\DojoInterfaceApplication\bin\DojoInterfaceApplication.dll" />
      <DeploymentItem filename="C:\RJ\DojoInterfaceApplication\packages\Selenium.Support.2.44.0\lib\net40\WebDriver.Support.dll" />
    </Deployment>
    <Execution>
      <TestTypeSpecific />
      <AgentRule name="Execution Agents">
      </AgentRule>
    </Execution>
  </TestSettings>
  <Times creation="2014-10-25T16:10:21.8192379-02:00" queuing="2014-10-25T16:10:22.0772521-02:00" start="2014-10-25T16:10:22.1952566-02:00" finish="2014-10-25T16:10:47.0612350-02:00" />
  <ResultSummary outcome="Failed">
    <Counters total="20" executed="20" passed="17" error="0" failed="3" timeout="0" aborted="0" inconclusive="0" passedButRunAborted="0" notRunnable="0" notExecuted="0" disconnected="0" warning="0" completed="0" inProgress="0" pending="0" />
  </ResultSummary>
  <TestDefinitions>
    <UnitTest name="LogOn_Get_ReturnsView" storage="c:\rj\dojointerfaceapplication\dojointerfaceapplication.tests\bin\release\dojointerfaceapplication.tests.dll" id="142cdcfd-0ccf-00a9-cc49-0c360b8bd921">
      <Execution id="80c59be3-2ac4-4904-9260-9e8fae559210" />
      <TestMethod codeBase="C:/RJ/DojoInterfaceApplication/DojoInterfaceApplication.Tests/bin/Release/DojoInterfaceApplication.Tests.DLL" adapterTypeName="Microsoft.VisualStudio.TestTools.TestTypes.Unit.UnitTestAdapter, Microsoft.VisualStudio.QualityTools.Tips.UnitTest.Adapter, Version=10.0.0.0, Culture=neutral, PublicKeyToken=b03f5f7f11d50a3a" className="DojoInterfaceApplication.Tests.Controllers.AccountControllerTest, DojoInterfaceApplication.Tests, Version=1.0.0.0, Culture=neutral, PublicKeyToken=null" name="LogOn_Get_ReturnsView" />
    </UnitTest>
    <UnitTest name="LogOn_Post_ReturnsRedirectOnSuccess_WithoutReturnUrl" storage="c:\rj\dojointerfaceapplication\dojointerfaceapplication.tests\bin\release\dojointerfaceapplication.tests.dll" id="6636e3fb-e261-0687-6814-a40f8f82cc6a">
      <Execution id="3158d39b-20a6-4268-a53d-0459f9170e46" />
      <TestMethod codeBase="C:/RJ/DojoInterfaceApplication/DojoInterfaceApplication.Tests/bin/Release/DojoInterfaceApplication.Tests.DLL" adapterTypeName="Microsoft.VisualStudio.TestTools.TestTypes.Unit.UnitTestAdapter, Microsoft.VisualStudio.QualityTools.Tips.UnitTest.Adapter, Version=10.0.0.0, Culture=neutral, PublicKeyToken=b03f5f7f11d50a3a" className="DojoInterfaceApplication.Tests.Controllers.AccountControllerTest, DojoInterfaceApplication.Tests, Version=1.0.0.0, Culture=neutral, PublicKeyToken=null" name="LogOn_Post_ReturnsRedirectOnSuccess_WithoutReturnUrl" />
    </UnitTest>
    <UnitTest name="LogOff_LogsOutAndRedirects" storage="c:\rj\dojointerfaceapplication\dojointerfaceapplication.tests\bin\release\dojointerfaceapplication.tests.dll" id="f491a977-fe2d-0a77-aca5-25e012322aff">
      <Execution id="321cc78a-9eb8-4e83-a5f9-65bcef58281b" />
      <TestMethod codeBase="C:/RJ/DojoInterfaceApplication/DojoInterfaceApplication.Tests/bin/Release/DojoInterfaceApplication.Tests.DLL" adapterTypeName="Microsoft.VisualStudio.TestTools.TestTypes.Unit.UnitTestAdapter, Microsoft.VisualStudio.QualityTools.Tips.UnitTest.Adapter, Version=10.0.0.0, Culture=neutral, PublicKeyToken=b03f5f7f11d50a3a" className="DojoInterfaceApplication.Tests.Controllers.AccountControllerTest, DojoInterfaceApplication.Tests, Version=1.0.0.0, Culture=neutral, PublicKeyToken=null" name="LogOff_LogsOutAndRedirects" />
    </UnitTest>
    <UnitTest name="Register_Get_ReturnsView" storage="c:\rj\dojointerfaceapplication\dojointerfaceapplication.tests\bin\release\dojointerfaceapplication.tests.dll" id="44661c57-6dfc-66ad-17aa-975297c98c84">
      <Execution id="464c2f24-8395-4d70-bb28-8e580d186685" />
      <TestMethod codeBase="C:/RJ/DojoInterfaceApplication/DojoInterfaceApplication.Tests/bin/Release/DojoInterfaceApplication.Tests.DLL" adapterTypeName="Microsoft.VisualStudio.TestTools.TestTypes.Unit.UnitTestAdapter, Microsoft.VisualStudio.QualityTools.Tips.UnitTest.Adapter, Version=10.0.0.0, Culture=neutral, PublicKeyToken=b03f5f7f11d50a3a" className="DojoInterfaceApplication.Tests.Controllers.AccountControllerTest, DojoInterfaceApplication.Tests, Version=1.0.0.0, Culture=neutral, PublicKeyToken=null" name="Register_Get_ReturnsView" />
    </UnitTest>
    <UnitTest name="Register_Post_ReturnsViewIfModelStateIsInvalid" storage="c:\rj\dojointerfaceapplication\dojointerfaceapplication.tests\bin\release\dojointerfaceapplication.tests.dll" id="d9be58a0-5971-0096-9697-dedb64d80b35">
      <Execution id="0e385d9c-aaa8-4bd7-99f1-adadff3fd22a" />
      <TestMethod codeBase="C:/RJ/DojoInterfaceApplication/DojoInterfaceApplication.Tests/bin/Release/DojoInterfaceApplication.Tests.DLL" adapterTypeName="Microsoft.VisualStudio.TestTools.TestTypes.Unit.UnitTestAdapter, Microsoft.VisualStudio.QualityTools.Tips.UnitTest.Adapter, Version=10.0.0.0, Culture=neutral, PublicKeyToken=b03f5f7f11d50a3a" className="DojoInterfaceApplication.Tests.Controllers.AccountControllerTest, DojoInterfaceApplication.Tests, Version=1.0.0.0, Culture=neutral, PublicKeyToken=null" name="Register_Post_ReturnsViewIfModelStateIsInvalid" />
    </UnitTest>
    <UnitTest name="Register_Post_ReturnsViewIfRegistrationFails" storage="c:\rj\dojointerfaceapplication\dojointerfaceapplication.tests\bin\release\dojointerfaceapplication.tests.dll" id="b119bad1-e0ad-d5e7-6ab2-c77a8b252d14">
      <Execution id="6114d63e-6ec5-4de7-8292-d81f2323c5a1" />
      <TestMethod codeBase="C:/RJ/DojoInterfaceApplication/DojoInterfaceApplication.Tests/bin/Release/DojoInterfaceApplication.Tests.DLL" adapterTypeName="Microsoft.VisualStudio.TestTools.TestTypes.Unit.UnitTestAdapter, Microsoft.VisualStudio.QualityTools.Tips.UnitTest.Adapter, Version=10.0.0.0, Culture=neutral, PublicKeyToken=b03f5f7f11d50a3a" className="DojoInterfaceApplication.Tests.Controllers.AccountControllerTest, DojoInterfaceApplication.Tests, Version=1.0.0.0, Culture=neutral, PublicKeyToken=null" name="Register_Post_ReturnsViewIfRegistrationFails" />
    </UnitTest>
    <UnitTest name="Salva_Venda_Com_Sucesso" storage="c:\rj\dojointerfaceapplication\dojointerfaceapplication.tests\bin\release\dojointerfaceapplication.tests.dll" id="a681ffae-0d56-d979-b9c1-5f6b150f2fd5">
      <Execution id="f0c9d296-c349-4398-a4aa-6ce80d7d4c62" />
      <TestMethod codeBase="C:/RJ/DojoInterfaceApplication/DojoInterfaceApplication.Tests/bin/Release/DojoInterfaceApplication.Tests.DLL" adapterTypeName="Microsoft.VisualStudio.TestTools.TestTypes.Unit.UnitTestAdapter, Microsoft.VisualStudio.QualityTools.Tips.UnitTest.Adapter, Version=10.0.0.0, Culture=neutral, PublicKeyToken=b03f5f7f11d50a3a" className="SeleniumTests.TesteValidacoes, DojoInterfaceApplication.Tests, Version=1.0.0.0, Culture=neutral, PublicKeyToken=null" name="Salva_Venda_Com_Sucesso" />
    </UnitTest>
    <UnitTest name="LogOn_Post_ReturnsViewIfModelStateIsInvalid" storage="c:\rj\dojointerfaceapplication\dojointerfaceapplication.tests\bin\release\dojointerfaceapplication.tests.dll" id="a0d13992-9142-726f-e7eb-b3bf5c5d15ce">
      <Execution id="f32e53eb-f2e6-4510-9cf0-3d4184404567" />
      <TestMethod codeBase="C:/RJ/DojoInterfaceApplication/DojoInterfaceApplication.Tests/bin/Release/DojoInterfaceApplication.Tests.DLL" adapterTypeName="Microsoft.VisualStudio.TestTools.TestTypes.Unit.UnitTestAdapter, Microsoft.VisualStudio.QualityTools.Tips.UnitTest.Adapter, Version=10.0.0.0, Culture=neutral, PublicKeyToken=b03f5f7f11d50a3a" className="DojoInterfaceApplication.Tests.Controllers.AccountControllerTest, DojoInterfaceApplication.Tests, Version=1.0.0.0, Culture=neutral, PublicKeyToken=null" name="LogOn_Post_ReturnsViewIfModelStateIsInvalid" />
    </UnitTest>
    <UnitTest name="About" storage="c:\rj\dojointerfaceapplication\dojointerfaceapplication.tests\bin\release\dojointerfaceapplication.tests.dll" id="995d5285-b062-2b9f-9217-85227074bf30">
      <Execution id="02c09134-823b-4cb5-bebe-e65c2cf659e8" />
      <TestMethod codeBase="C:/RJ/DojoInterfaceApplication/DojoInterfaceApplication.Tests/bin/Release/DojoInterfaceApplication.Tests.DLL" adapterTypeName="Microsoft.VisualStudio.TestTools.TestTypes.Unit.UnitTestAdapter, Microsoft.VisualStudio.QualityTools.Tips.UnitTest.Adapter, Version=10.0.0.0, Culture=neutral, PublicKeyToken=b03f5f7f11d50a3a" className="DojoInterfaceApplication.Tests.Controllers.HomeControllerTest, DojoInterfaceApplication.Tests, Version=1.0.0.0, Culture=neutral, PublicKeyToken=null" name="About" />
    </UnitTest>
    <UnitTest name="Retorna_Erro_quando_campo_id_vendedor_nao_numerico" storage="c:\rj\dojointerfaceapplication\dojointerfaceapplication.tests\bin\release\dojointerfaceapplication.tests.dll" id="859540b0-1e90-5a1c-da3b-1ef73ac8c38a">
      <Execution id="c01ea9a4-853f-4fff-99c9-79ead9ae26aa" />
      <TestMethod codeBase="C:/RJ/DojoInterfaceApplication/DojoInterfaceApplication.Tests/bin/Release/DojoInterfaceApplication.Tests.DLL" adapterTypeName="Microsoft.VisualStudio.TestTools.TestTypes.Unit.UnitTestAdapter, Microsoft.VisualStudio.QualityTools.Tips.UnitTest.Adapter, Version=10.0.0.0, Culture=neutral, PublicKeyToken=b03f5f7f11d50a3a" className="SeleniumTests.TesteValidacoes, DojoInterfaceApplication.Tests, Version=1.0.0.0, Culture=neutral, PublicKeyToken=null" name="Retorna_Erro_quando_campo_id_vendedor_nao_numerico" />
    </UnitTest>
    <UnitTest name="ChangePassword_Get_ReturnsView" storage="c:\rj\dojointerfaceapplication\dojointerfaceapplication.tests\bin\release\dojointerfaceapplication.tests.dll" id="d8fc6ed0-efda-6664-babe-107d703d232b">
      <Execution id="69a5bae5-1688-46dd-92b8-4ca251f0a2fc" />
      <TestMethod codeBase="C:/RJ/DojoInterfaceApplication/DojoInterfaceApplication.Tests/bin/Release/DojoInterfaceApplication.Tests.DLL" adapterTypeName="Microsoft.VisualStudio.TestTools.TestTypes.Unit.UnitTestAdapter, Microsoft.VisualStudio.QualityTools.Tips.UnitTest.Adapter, Version=10.0.0.0, Culture=neutral, PublicKeyToken=b03f5f7f11d50a3a" className="DojoInterfaceApplication.Tests.Controllers.AccountControllerTest, DojoInterfaceApplication.Tests, Version=1.0.0.0, Culture=neutral, PublicKeyToken=null" name="ChangePassword_Get_ReturnsView" />
    </UnitTest>
    <UnitTest name="ChangePasswordSuccess_ReturnsView" storage="c:\rj\dojointerfaceapplication\dojointerfaceapplication.tests\bin\release\dojointerfaceapplication.tests.dll" id="0a358c90-98d4-b6cf-ba34-f68ac37f6e24">
      <Execution id="b9d401fd-e5d5-44d5-956b-9b55cca08815" />
      <TestMethod codeBase="C:/RJ/DojoInterfaceApplication/DojoInterfaceApplication.Tests/bin/Release/DojoInterfaceApplication.Tests.DLL" adapterTypeName="Microsoft.VisualStudio.TestTools.TestTypes.Unit.UnitTestAdapter, Microsoft.VisualStudio.QualityTools.Tips.UnitTest.Adapter, Version=10.0.0.0, Culture=neutral, PublicKeyToken=b03f5f7f11d50a3a" className="DojoInterfaceApplication.Tests.Controllers.AccountControllerTest, DojoInterfaceApplication.Tests, Version=1.0.0.0, Culture=neutral, PublicKeyToken=null" name="ChangePasswordSuccess_ReturnsView" />
    </UnitTest>
    <UnitTest name="Register_Post_ReturnsRedirectOnSuccess" storage="c:\rj\dojointerfaceapplication\dojointerfaceapplication.tests\bin\release\dojointerfaceapplication.tests.dll" id="03fd7671-b56b-20bd-1546-9c3a23b342f0">
      <Execution id="b2204ef8-8bb9-40d1-acbf-47b4279bb253" />
      <TestMethod codeBase="C:/RJ/DojoInterfaceApplication/DojoInterfaceApplication.Tests/bin/Release/DojoInterfaceApplication.Tests.DLL" adapterTypeName="Microsoft.VisualStudio.TestTools.TestTypes.Unit.UnitTestAdapter, Microsoft.VisualStudio.QualityTools.Tips.UnitTest.Adapter, Version=10.0.0.0, Culture=neutral, PublicKeyToken=b03f5f7f11d50a3a" className="DojoInterfaceApplication.Tests.Controllers.AccountControllerTest, DojoInterfaceApplication.Tests, Version=1.0.0.0, Culture=neutral, PublicKeyToken=null" name="Register_Post_ReturnsRedirectOnSuccess" />
    </UnitTest>
    <UnitTest name="LogOn_Post_ReturnsViewIfValidateUserFails" storage="c:\rj\dojointerfaceapplication\dojointerfaceapplication.tests\bin\release\dojointerfaceapplication.tests.dll" id="bb5feb2e-c4be-09f1-6a2f-1f5dbaa2ff8b">
      <Execution id="62fb7e1f-075a-4593-8b85-67739ca0e1ba" />
      <TestMethod codeBase="C:/RJ/DojoInterfaceApplication/DojoInterfaceApplication.Tests/bin/Release/DojoInterfaceApplication.Tests.DLL" adapterTypeName="Microsoft.VisualStudio.TestTools.TestTypes.Unit.UnitTestAdapter, Microsoft.VisualStudio.QualityTools.Tips.UnitTest.Adapter, Version=10.0.0.0, Culture=neutral, PublicKeyToken=b03f5f7f11d50a3a" className="DojoInterfaceApplication.Tests.Controllers.AccountControllerTest, DojoInterfaceApplication.Tests, Version=1.0.0.0, Culture=neutral, PublicKeyToken=null" name="LogOn_Post_ReturnsViewIfValidateUserFails" />
    </UnitTest>
    <UnitTest name="Index" storage="c:\rj\dojointerfaceapplication\dojointerfaceapplication.tests\bin\release\dojointerfaceapplication.tests.dll" id="d057e1f7-bd14-a4d3-a207-4353a3135df3">
      <Execution id="e45aede7-9c4e-4419-b527-aa5a5484f1f3" />
      <TestMethod codeBase="C:/RJ/DojoInterfaceApplication/DojoInterfaceApplication.Tests/bin/Release/DojoInterfaceApplication.Tests.DLL" adapterTypeName="Microsoft.VisualStudio.TestTools.TestTypes.Unit.UnitTestAdapter, Microsoft.VisualStudio.QualityTools.Tips.UnitTest.Adapter, Version=10.0.0.0, Culture=neutral, PublicKeyToken=b03f5f7f11d50a3a" className="DojoInterfaceApplication.Tests.Controllers.HomeControllerTest, DojoInterfaceApplication.Tests, Version=1.0.0.0, Culture=neutral, PublicKeyToken=null" name="Index" />
    </UnitTest>
    <UnitTest name="ChangePassword_Post_ReturnsViewIfModelStateIsInvalid" storage="c:\rj\dojointerfaceapplication\dojointerfaceapplication.tests\bin\release\dojointerfaceapplication.tests.dll" id="df78c223-266d-29a7-8f13-d4e0ab3a9b33">
      <Execution id="0ad6776b-df2e-4047-a559-2bff5d6d4d2a" />
      <TestMethod codeBase="C:/RJ/DojoInterfaceApplication/DojoInterfaceApplication.Tests/bin/Release/DojoInterfaceApplication.Tests.DLL" adapterTypeName="Microsoft.VisualStudio.TestTools.TestTypes.Unit.UnitTestAdapter, Microsoft.VisualStudio.QualityTools.Tips.UnitTest.Adapter, Version=10.0.0.0, Culture=neutral, PublicKeyToken=b03f5f7f11d50a3a" className="DojoInterfaceApplication.Tests.Controllers.AccountControllerTest, DojoInterfaceApplication.Tests, Version=1.0.0.0, Culture=neutral, PublicKeyToken=null" name="ChangePassword_Post_ReturnsViewIfModelStateIsInvalid" />
    </UnitTest>
    <UnitTest name="Retorna_Erro_quando_campos_obrigatorios_nao_sao_preenchidos" storage="c:\rj\dojointerfaceapplication\dojointerfaceapplication.tests\bin\release\dojointerfaceapplication.tests.dll" id="7344a36e-2dc0-024a-706b-1db8bd933681">
      <Execution id="7d53ed7d-7785-4ac4-9f32-ec4197ecbabe" />
      <TestMethod codeBase="C:/RJ/DojoInterfaceApplication/DojoInterfaceApplication.Tests/bin/Release/DojoInterfaceApplication.Tests.DLL" adapterTypeName="Microsoft.VisualStudio.TestTools.TestTypes.Unit.UnitTestAdapter, Microsoft.VisualStudio.QualityTools.Tips.UnitTest.Adapter, Version=10.0.0.0, Culture=neutral, PublicKeyToken=b03f5f7f11d50a3a" className="SeleniumTests.TesteValidacoes, DojoInterfaceApplication.Tests, Version=1.0.0.0, Culture=neutral, PublicKeyToken=null" name="Retorna_Erro_quando_campos_obrigatorios_nao_sao_preenchidos" />
    </UnitTest>
    <UnitTest name="ChangePassword_Post_ReturnsViewIfChangePasswordFails" storage="c:\rj\dojointerfaceapplication\dojointerfaceapplication.tests\bin\release\dojointerfaceapplication.tests.dll" id="f2e81b66-970e-72fa-339f-62f516a6d647">
      <Execution id="09490da5-c2ad-458e-93b7-a491f0203ebe" />
      <TestMethod codeBase="C:/RJ/DojoInterfaceApplication/DojoInterfaceApplication.Tests/bin/Release/DojoInterfaceApplication.Tests.DLL" adapterTypeName="Microsoft.VisualStudio.TestTools.TestTypes.Unit.UnitTestAdapter, Microsoft.VisualStudio.QualityTools.Tips.UnitTest.Adapter, Version=10.0.0.0, Culture=neutral, PublicKeyToken=b03f5f7f11d50a3a" className="DojoInterfaceApplication.Tests.Controllers.AccountControllerTest, DojoInterfaceApplication.Tests, Version=1.0.0.0, Culture=neutral, PublicKeyToken=null" name="ChangePassword_Post_ReturnsViewIfChangePasswordFails" />
    </UnitTest>
    <UnitTest name="ChangePassword_Post_ReturnsRedirectOnSuccess" storage="c:\rj\dojointerfaceapplication\dojointerfaceapplication.tests\bin\release\dojointerfaceapplication.tests.dll" id="b83d12d6-733d-76b1-0e4f-cb3574321336">
      <Execution id="0ee53bdb-abc4-4d27-9074-3fca04d6ef2c" />
      <TestMethod codeBase="C:/RJ/DojoInterfaceApplication/DojoInterfaceApplication.Tests/bin/Release/DojoInterfaceApplication.Tests.DLL" adapterTypeName="Microsoft.VisualStudio.TestTools.TestTypes.Unit.UnitTestAdapter, Microsoft.VisualStudio.QualityTools.Tips.UnitTest.Adapter, Version=10.0.0.0, Culture=neutral, PublicKeyToken=b03f5f7f11d50a3a" className="DojoInterfaceApplication.Tests.Controllers.AccountControllerTest, DojoInterfaceApplication.Tests, Version=1.0.0.0, Culture=neutral, PublicKeyToken=null" name="ChangePassword_Post_ReturnsRedirectOnSuccess" />
    </UnitTest>
    <UnitTest name="LogOn_Post_ReturnsRedirectOnSuccess_WithReturnUrl" storage="c:\rj\dojointerfaceapplication\dojointerfaceapplication.tests\bin\release\dojointerfaceapplication.tests.dll" id="53c51367-a902-d0de-4141-45af555f03c9">
      <Execution id="e714931d-74af-45e4-b9b3-d5792e2a491c" />
      <TestMethod codeBase="C:/RJ/DojoInterfaceApplication/DojoInterfaceApplication.Tests/bin/Release/DojoInterfaceApplication.Tests.DLL" adapterTypeName="Microsoft.VisualStudio.TestTools.TestTypes.Unit.UnitTestAdapter, Microsoft.VisualStudio.QualityTools.Tips.UnitTest.Adapter, Version=10.0.0.0, Culture=neutral, PublicKeyToken=b03f5f7f11d50a3a" className="DojoInterfaceApplication.Tests.Controllers.AccountControllerTest, DojoInterfaceApplication.Tests, Version=1.0.0.0, Culture=neutral, PublicKeyToken=null" name="LogOn_Post_ReturnsRedirectOnSuccess_WithReturnUrl" />
    </UnitTest>
  </TestDefinitions>
  <TestLists>
    <TestList name="Results Not in a List" id="8c84fa94-04c1-424b-9868-57a2d4851a1d" />
    <TestList name="All Loaded Results" id="19431567-8539-422a-85d7-44ee4e166bda" />
  </TestLists>
  <TestEntries>
    <TestEntry testId="03fd7671-b56b-20bd-1546-9c3a23b342f0" executionId="b2204ef8-8bb9-40d1-acbf-47b4279bb253" testListId="8c84fa94-04c1-424b-9868-57a2d4851a1d" />
    <TestEntry testId="0a358c90-98d4-b6cf-ba34-f68ac37f6e24" executionId="b9d401fd-e5d5-44d5-956b-9b55cca08815" testListId="8c84fa94-04c1-424b-9868-57a2d4851a1d" />
    <TestEntry testId="142cdcfd-0ccf-00a9-cc49-0c360b8bd921" executionId="80c59be3-2ac4-4904-9260-9e8fae559210" testListId="8c84fa94-04c1-424b-9868-57a2d4851a1d" />
    <TestEntry testId="44661c57-6dfc-66ad-17aa-975297c98c84" executionId="464c2f24-8395-4d70-bb28-8e580d186685" testListId="8c84fa94-04c1-424b-9868-57a2d4851a1d" />
    <TestEntry testId="53c51367-a902-d0de-4141-45af555f03c9" executionId="e714931d-74af-45e4-b9b3-d5792e2a491c" testListId="8c84fa94-04c1-424b-9868-57a2d4851a1d" />
    <TestEntry testId="6636e3fb-e261-0687-6814-a40f8f82cc6a" executionId="3158d39b-20a6-4268-a53d-0459f9170e46" testListId="8c84fa94-04c1-424b-9868-57a2d4851a1d" />
    <TestEntry testId="7344a36e-2dc0-024a-706b-1db8bd933681" executionId="7d53ed7d-7785-4ac4-9f32-ec4197ecbabe" testListId="8c84fa94-04c1-424b-9868-57a2d4851a1d" />
    <TestEntry testId="859540b0-1e90-5a1c-da3b-1ef73ac8c38a" executionId="c01ea9a4-853f-4fff-99c9-79ead9ae26aa" testListId="8c84fa94-04c1-424b-9868-57a2d4851a1d" />
    <TestEntry testId="995d5285-b062-2b9f-9217-85227074bf30" executionId="02c09134-823b-4cb5-bebe-e65c2cf659e8" testListId="8c84fa94-04c1-424b-9868-57a2d4851a1d" />
    <TestEntry testId="a0d13992-9142-726f-e7eb-b3bf5c5d15ce" executionId="f32e53eb-f2e6-4510-9cf0-3d4184404567" testListId="8c84fa94-04c1-424b-9868-57a2d4851a1d" />
    <TestEntry testId="a681ffae-0d56-d979-b9c1-5f6b150f2fd5" executionId="f0c9d296-c349-4398-a4aa-6ce80d7d4c62" testListId="8c84fa94-04c1-424b-9868-57a2d4851a1d" />
    <TestEntry testId="b119bad1-e0ad-d5e7-6ab2-c77a8b252d14" executionId="6114d63e-6ec5-4de7-8292-d81f2323c5a1" testListId="8c84fa94-04c1-424b-9868-57a2d4851a1d" />
    <TestEntry testId="b83d12d6-733d-76b1-0e4f-cb3574321336" executionId="0ee53bdb-abc4-4d27-9074-3fca04d6ef2c" testListId="8c84fa94-04c1-424b-9868-57a2d4851a1d" />
    <TestEntry testId="bb5feb2e-c4be-09f1-6a2f-1f5dbaa2ff8b" executionId="62fb7e1f-075a-4593-8b85-67739ca0e1ba" testListId="8c84fa94-04c1-424b-9868-57a2d4851a1d" />
    <TestEntry testId="d057e1f7-bd14-a4d3-a207-4353a3135df3" executionId="e45aede7-9c4e-4419-b527-aa5a5484f1f3" testListId="8c84fa94-04c1-424b-9868-57a2d4851a1d" />
    <TestEntry testId="d8fc6ed0-efda-6664-babe-107d703d232b" executionId="69a5bae5-1688-46dd-92b8-4ca251f0a2fc" testListId="8c84fa94-04c1-424b-9868-57a2d4851a1d" />
    <TestEntry testId="d9be58a0-5971-0096-9697-dedb64d80b35" executionId="0e385d9c-aaa8-4bd7-99f1-adadff3fd22a" testListId="8c84fa94-04c1-424b-9868-57a2d4851a1d" />
    <TestEntry testId="df78c223-266d-29a7-8f13-d4e0ab3a9b33" executionId="0ad6776b-df2e-4047-a559-2bff5d6d4d2a" testListId="8c84fa94-04c1-424b-9868-57a2d4851a1d" />
    <TestEntry testId="f2e81b66-970e-72fa-339f-62f516a6d647" executionId="09490da5-c2ad-458e-93b7-a491f0203ebe" testListId="8c84fa94-04c1-424b-9868-57a2d4851a1d" />
    <TestEntry testId="f491a977-fe2d-0a77-aca5-25e012322aff" executionId="321cc78a-9eb8-4e83-a5f9-65bcef58281b" testListId="8c84fa94-04c1-424b-9868-57a2d4851a1d" />
  </TestEntries>
  <Results>
    <UnitTestResult executionId="b2204ef8-8bb9-40d1-acbf-47b4279bb253" testId="03fd7671-b56b-20bd-1546-9c3a23b342f0" testName="Register_Post_ReturnsRedirectOnSuccess" computerName="CFC-WINDOWS" duration="00:00:00.0318165" startTime="2014-10-25T16:10:22.2102575-02:00" endTime="2014-10-25T16:10:23.1743126-02:00" testType="13cdc9d9-ddb5-4fa4-a97d-d965ccfc6d4b" outcome="Passed" testListId="8c84fa94-04c1-424b-9868-57a2d4851a1d" relativeResultsDirectory="b2204ef8-8bb9-40d1-acbf-47b4279bb253">
    </UnitTestResult>
    <UnitTestResult executionId="b9d401fd-e5d5-44d5-956b-9b55cca08815" testId="0a358c90-98d4-b6cf-ba34-f68ac37f6e24" testName="ChangePasswordSuccess_ReturnsView" computerName="CFC-WINDOWS" duration="00:00:00.0004287" startTime="2014-10-25T16:10:23.1913136-02:00" endTime="2014-10-25T16:10:23.2123148-02:00" testType="13cdc9d9-ddb5-4fa4-a97d-d965ccfc6d4b" outcome="Passed" testListId="8c84fa94-04c1-424b-9868-57a2d4851a1d" relativeResultsDirectory="b9d401fd-e5d5-44d5-956b-9b55cca08815">
    </UnitTestResult>
    <UnitTestResult executionId="80c59be3-2ac4-4904-9260-9e8fae559210" testId="142cdcfd-0ccf-00a9-cc49-0c360b8bd921" testName="LogOn_Get_ReturnsView" computerName="CFC-WINDOWS" duration="00:00:00.0003549" startTime="2014-10-25T16:10:23.2243155-02:00" endTime="2014-10-25T16:10:23.2323159-02:00" testType="13cdc9d9-ddb5-4fa4-a97d-d965ccfc6d4b" outcome="Passed" testListId="8c84fa94-04c1-424b-9868-57a2d4851a1d" relativeResultsDirectory="80c59be3-2ac4-4904-9260-9e8fae559210">
    </UnitTestResult>
    <UnitTestResult executionId="464c2f24-8395-4d70-bb28-8e580d186685" testId="44661c57-6dfc-66ad-17aa-975297c98c84" testName="Register_Get_ReturnsView" computerName="CFC-WINDOWS" duration="00:00:00.0011224" startTime="2014-10-25T16:10:23.2523171-02:00" endTime="2014-10-25T16:10:23.2663179-02:00" testType="13cdc9d9-ddb5-4fa4-a97d-d965ccfc6d4b" outcome="Passed" testListId="8c84fa94-04c1-424b-9868-57a2d4851a1d" relativeResultsDirectory="464c2f24-8395-4d70-bb28-8e580d186685">
    </UnitTestResult>
    <UnitTestResult executionId="e714931d-74af-45e4-b9b3-d5792e2a491c" testId="53c51367-a902-d0de-4141-45af555f03c9" testName="LogOn_Post_ReturnsRedirectOnSuccess_WithReturnUrl" computerName="CFC-WINDOWS" duration="00:00:00.0037482" startTime="2014-10-25T16:10:23.2763185-02:00" endTime="2014-10-25T16:10:23.2913193-02:00" testType="13cdc9d9-ddb5-4fa4-a97d-d965ccfc6d4b" outcome="Passed" testListId="8c84fa94-04c1-424b-9868-57a2d4851a1d" relativeResultsDirectory="e714931d-74af-45e4-b9b3-d5792e2a491c">
    </UnitTestResult>
    <UnitTestResult executionId="3158d39b-20a6-4268-a53d-0459f9170e46" testId="6636e3fb-e261-0687-6814-a40f8f82cc6a" testName="LogOn_Post_ReturnsRedirectOnSuccess_WithoutReturnUrl" computerName="CFC-WINDOWS" duration="00:00:00.0013388" startTime="2014-10-25T16:10:23.2953195-02:00" endTime="2014-10-25T16:10:23.3093203-02:00" testType="13cdc9d9-ddb5-4fa4-a97d-d965ccfc6d4b" outcome="Passed" testListId="8c84fa94-04c1-424b-9868-57a2d4851a1d" relativeResultsDirectory="3158d39b-20a6-4268-a53d-0459f9170e46">
    </UnitTestResult>
    <UnitTestResult executionId="7d53ed7d-7785-4ac4-9f32-ec4197ecbabe" testId="7344a36e-2dc0-024a-706b-1db8bd933681" testName="Retorna_Erro_quando_campos_obrigatorios_nao_sao_preenchidos" computerName="CFC-WINDOWS" duration="00:00:09.6778865" startTime="2014-10-25T16:10:23.3133206-02:00" endTime="2014-10-25T16:10:32.9964071-02:00" testType="13cdc9d9-ddb5-4fa4-a97d-d965ccfc6d4b" outcome="Passed" testListId="8c84fa94-04c1-424b-9868-57a2d4851a1d" relativeResultsDirectory="7d53ed7d-7785-4ac4-9f32-ec4197ecbabe">
    </UnitTestResult>
    <UnitTestResult executionId="c01ea9a4-853f-4fff-99c9-79ead9ae26aa" testId="859540b0-1e90-5a1c-da3b-1ef73ac8c38a" testName="Retorna_Erro_quando_campo_id_vendedor_nao_numerico" computerName="CFC-WINDOWS" duration="00:00:07.0935963" startTime="2014-10-25T16:10:32.9994073-02:00" endTime="2014-10-25T16:10:40.0983843-02:00" testType="13cdc9d9-ddb5-4fa4-a97d-d965ccfc6d4b" outcome="Failed" testListId="8c84fa94-04c1-424b-9868-57a2d4851a1d" relativeResultsDirectory="c01ea9a4-853f-4fff-99c9-79ead9ae26aa">
      <Output>
        <ErrorInfo>
          <Message>Assert.AreEqual failed. Expected:&lt;http://localhost:58034/Venda/Add&gt;. Actual:&lt;http://localhost:58034/&gt;. </Message>
          <StackTrace>   em SeleniumTests.TesteValidacoes.Retorna_Erro_quando_campo_id_vendedor_nao_numerico() na C:\RJ\DojoInterfaceApplication\DojoInterfaceApplication.Tests\TesteValidacoes.cs:linha 56
</StackTrace>
        </ErrorInfo>
      </Output>
    </UnitTestResult>
    <UnitTestResult executionId="02c09134-823b-4cb5-bebe-e65c2cf659e8" testId="995d5285-b062-2b9f-9217-85227074bf30" testName="About" computerName="CFC-WINDOWS" duration="00:00:00.0005535" startTime="2014-10-25T16:10:40.0996343-02:00" endTime="2014-10-25T16:10:40.1058844-02:00" testType="13cdc9d9-ddb5-4fa4-a97d-d965ccfc6d4b" outcome="Passed" testListId="8c84fa94-04c1-424b-9868-57a2d4851a1d" relativeResultsDirectory="02c09134-823b-4cb5-bebe-e65c2cf659e8">
    </UnitTestResult>
    <UnitTestResult executionId="f32e53eb-f2e6-4510-9cf0-3d4184404567" testId="a0d13992-9142-726f-e7eb-b3bf5c5d15ce" testName="LogOn_Post_ReturnsViewIfModelStateIsInvalid" computerName="CFC-WINDOWS" duration="00:00:00.0012440" startTime="2014-10-25T16:10:40.1071344-02:00" endTime="2014-10-25T16:10:40.1133845-02:00" testType="13cdc9d9-ddb5-4fa4-a97d-d965ccfc6d4b" outcome="Passed" testListId="8c84fa94-04c1-424b-9868-57a2d4851a1d" relativeResultsDirectory="f32e53eb-f2e6-4510-9cf0-3d4184404567">
    </UnitTestResult>
    <UnitTestResult executionId="f0c9d296-c349-4398-a4aa-6ce80d7d4c62" testId="a681ffae-0d56-d979-b9c1-5f6b150f2fd5" testName="Salva_Venda_Com_Sucesso" computerName="CFC-WINDOWS" duration="00:00:06.8505392" startTime="2014-10-25T16:10:40.1146345-02:00" endTime="2014-10-25T16:10:46.9612348-02:00" testType="13cdc9d9-ddb5-4fa4-a97d-d965ccfc6d4b" outcome="Failed" testListId="8c84fa94-04c1-424b-9868-57a2d4851a1d" relativeResultsDirectory="f0c9d296-c349-4398-a4aa-6ce80d7d4c62">
      <Output>
        <ErrorInfo>
          <Message>Assert.AreEqual failed. Expected:&lt;http://localhost:58034/Venda/Add&gt;. Actual:&lt;http://localhost:58034/&gt;. </Message>
          <StackTrace>   em SeleniumTests.TesteValidacoes.Salva_Venda_Com_Sucesso() na C:\RJ\DojoInterfaceApplication\DojoInterfaceApplication.Tests\TesteValidacoes.cs:linha 75
</StackTrace>
        </ErrorInfo>
      </Output>
    </UnitTestResult>
    <UnitTestResult executionId="6114d63e-6ec5-4de7-8292-d81f2323c5a1" testId="b119bad1-e0ad-d5e7-6ab2-c77a8b252d14" testName="Register_Post_ReturnsViewIfRegistrationFails" computerName="CFC-WINDOWS" duration="00:00:00.0015742" startTime="2014-10-25T16:10:46.9612348-02:00" endTime="2014-10-25T16:10:46.9712348-02:00" testType="13cdc9d9-ddb5-4fa4-a97d-d965ccfc6d4b" outcome="Passed" testListId="8c84fa94-04c1-424b-9868-57a2d4851a1d" relativeResultsDirectory="6114d63e-6ec5-4de7-8292-d81f2323c5a1">
    </UnitTestResult>
    <UnitTestResult executionId="0ee53bdb-abc4-4d27-9074-3fca04d6ef2c" testId="b83d12d6-733d-76b1-0e4f-cb3574321336" testName="ChangePassword_Post_ReturnsRedirectOnSuccess" computerName="CFC-WINDOWS" duration="00:00:00.0015892" startTime="2014-10-25T16:10:46.9712348-02:00" endTime="2014-10-25T16:10:46.9812349-02:00" testType="13cdc9d9-ddb5-4fa4-a97d-d965ccfc6d4b" outcome="Passed" testListId="8c84fa94-04c1-424b-9868-57a2d4851a1d" relativeResultsDirectory="0ee53bdb-abc4-4d27-9074-3fca04d6ef2c">
    </UnitTestResult>
    <UnitTestResult executionId="62fb7e1f-075a-4593-8b85-67739ca0e1ba" testId="bb5feb2e-c4be-09f1-6a2f-1f5dbaa2ff8b" testName="LogOn_Post_ReturnsViewIfValidateUserFails" computerName="CFC-WINDOWS" duration="00:00:00.0008351" startTime="2014-10-25T16:10:46.9812349-02:00" endTime="2014-10-25T16:10:46.9912349-02:00" testType="13cdc9d9-ddb5-4fa4-a97d-d965ccfc6d4b" outcome="Passed" testListId="8c84fa94-04c1-424b-9868-57a2d4851a1d" relativeResultsDirectory="62fb7e1f-075a-4593-8b85-67739ca0e1ba">
    </UnitTestResult>
    <UnitTestResult executionId="e45aede7-9c4e-4419-b527-aa5a5484f1f3" testId="d057e1f7-bd14-a4d3-a207-4353a3135df3" testName="Index" computerName="CFC-WINDOWS" duration="00:00:00.0018866" startTime="2014-10-25T16:10:46.9912349-02:00" endTime="2014-10-25T16:10:46.9912349-02:00" testType="13cdc9d9-ddb5-4fa4-a97d-d965ccfc6d4b" outcome="Failed" testListId="8c84fa94-04c1-424b-9868-57a2d4851a1d" relativeResultsDirectory="e45aede7-9c4e-4419-b527-aa5a5484f1f3">
      <Output>
        <ErrorInfo>
          <Message>Assert.AreEqual failed. Expected:&lt;Welcome to ASP.NET MVC!&gt;. Actual:&lt;Bem-vindos ao Dojo de Interface, usando o wizard de projeto do VS2010&gt;. </Message>
          <StackTrace>   em DojoInterfaceApplication.Tests.Controllers.HomeControllerTest.Index() na C:\RJ\DojoInterfaceApplication\DojoInterfaceApplication.Tests\Controllers\HomeControllerTest.cs:linha 26
</StackTrace>
        </ErrorInfo>
      </Output>
    </UnitTestResult>
    <UnitTestResult executionId="69a5bae5-1688-46dd-92b8-4ca251f0a2fc" testId="d8fc6ed0-efda-6664-babe-107d703d232b" testName="ChangePassword_Get_ReturnsView" computerName="CFC-WINDOWS" duration="00:00:00.0007869" startTime="2014-10-25T16:10:47.0012349-02:00" endTime="2014-10-25T16:10:47.0012349-02:00" testType="13cdc9d9-ddb5-4fa4-a97d-d965ccfc6d4b" outcome="Passed" testListId="8c84fa94-04c1-424b-9868-57a2d4851a1d" relativeResultsDirectory="69a5bae5-1688-46dd-92b8-4ca251f0a2fc">
    </UnitTestResult>
    <UnitTestResult executionId="0e385d9c-aaa8-4bd7-99f1-adadff3fd22a" testId="d9be58a0-5971-0096-9697-dedb64d80b35" testName="Register_Post_ReturnsViewIfModelStateIsInvalid" computerName="CFC-WINDOWS" duration="00:00:00.0010689" startTime="2014-10-25T16:10:47.0112349-02:00" endTime="2014-10-25T16:10:47.0112349-02:00" testType="13cdc9d9-ddb5-4fa4-a97d-d965ccfc6d4b" outcome="Passed" testListId="8c84fa94-04c1-424b-9868-57a2d4851a1d" relativeResultsDirectory="0e385d9c-aaa8-4bd7-99f1-adadff3fd22a">
    </UnitTestResult>
    <UnitTestResult executionId="0ad6776b-df2e-4047-a559-2bff5d6d4d2a" testId="df78c223-266d-29a7-8f13-d4e0ab3a9b33" testName="ChangePassword_Post_ReturnsViewIfModelStateIsInvalid" computerName="CFC-WINDOWS" duration="00:00:00.0010353" startTime="2014-10-25T16:10:47.0112349-02:00" endTime="2014-10-25T16:10:47.0212349-02:00" testType="13cdc9d9-ddb5-4fa4-a97d-d965ccfc6d4b" outcome="Passed" testListId="8c84fa94-04c1-424b-9868-57a2d4851a1d" relativeResultsDirectory="0ad6776b-df2e-4047-a559-2bff5d6d4d2a">
    </UnitTestResult>
    <UnitTestResult executionId="09490da5-c2ad-458e-93b7-a491f0203ebe" testId="f2e81b66-970e-72fa-339f-62f516a6d647" testName="ChangePassword_Post_ReturnsViewIfChangePasswordFails" computerName="CFC-WINDOWS" duration="00:00:00.0013444" startTime="2014-10-25T16:10:47.0212349-02:00" endTime="2014-10-25T16:10:47.0312349-02:00" testType="13cdc9d9-ddb5-4fa4-a97d-d965ccfc6d4b" outcome="Passed" testListId="8c84fa94-04c1-424b-9868-57a2d4851a1d" relativeResultsDirectory="09490da5-c2ad-458e-93b7-a491f0203ebe">
    </UnitTestResult>
    <UnitTestResult executionId="321cc78a-9eb8-4e83-a5f9-65bcef58281b" testId="f491a977-fe2d-0a77-aca5-25e012322aff" testName="LogOff_LogsOutAndRedirects" computerName="CFC-WINDOWS" duration="00:00:00.0008740" startTime="2014-10-25T16:10:47.0312349-02:00" endTime="2014-10-25T16:10:47.0412349-02:00" testType="13cdc9d9-ddb5-4fa4-a97d-d965ccfc6d4b" outcome="Passed" testListId="8c84fa94-04c1-424b-9868-57a2d4851a1d" relativeResultsDirectory="321cc78a-9eb8-4e83-a5f9-65bcef58281b">
    </UnitTestResult>
  </Results>
</TestRun>