<?xml version="1.0" encoding="UTF-8"?>
<TestRun id="7df5ed08-d930-4dd7-9311-c2151f3a4c58" name="cfc@CFC-WINDOWS 2014-10-25 15:33:51" runUser="cfc-windows\cfc" xmlns="http://microsoft.com/schemas/VisualStudio/TeamTest/2010">
  <TestSettings name="Default Test Settings" id="3b921c11-8bb4-49c8-97c3-28fb6b5fe35c">
    <Deployment runDeploymentRoot="cfc_CFC-WINDOWS 2014-10-25 15_33_51">
      <DeploymentItem filename="C:\RJ\DojoInterfaceApplication\packages\Selenium.WebDriver.2.44.0\lib\net40\WebDriver.dll" />
      <DeploymentItem filename="C:\RJ\DojoInterfaceApplication\DojoInterfaceApplication\bin\DojoInterfaceApplication.dll" />
      <DeploymentItem filename="C:\RJ\DojoInterfaceApplication\packages\Selenium.Support.2.44.0\lib\net40\WebDriver.Support.dll" />
    </Deployment>
    <Execution>
      <TestTypeSpecific />
      <AgentRule name="Execution Agents">
      </AgentRule>
    </Execution>
  </TestSettings>
  <Times creation="2014-10-25T15:33:51.7724435-02:00" queuing="2014-10-25T15:33:53.3224942-02:00" start="2014-10-25T15:33:53.5124945-02:00" finish="2014-10-25T15:34:06.7249117-02:00" />
  <ResultSummary outcome="Failed">
    <Counters total="18" executed="18" passed="17" error="0" failed="1" timeout="0" aborted="0" inconclusive="0" passedButRunAborted="0" notRunnable="0" notExecuted="0" disconnected="0" warning="0" completed="0" inProgress="0" pending="0" />
  </ResultSummary>
  <TestDefinitions>
    <UnitTest name="LogOn_Get_ReturnsView" storage="c:\rj\dojointerfaceapplication\dojointerfaceapplication.tests\bin\release\dojointerfaceapplication.tests.dll" id="142cdcfd-0ccf-00a9-cc49-0c360b8bd921">
      <Execution id="3e1f26c8-1c1c-4360-b35d-16b1efc35897" />
      <TestMethod codeBase="C:/RJ/DojoInterfaceApplication/DojoInterfaceApplication.Tests/bin/Release/DojoInterfaceApplication.Tests.DLL" adapterTypeName="Microsoft.VisualStudio.TestTools.TestTypes.Unit.UnitTestAdapter, Microsoft.VisualStudio.QualityTools.Tips.UnitTest.Adapter, Version=10.0.0.0, Culture=neutral, PublicKeyToken=b03f5f7f11d50a3a" className="DojoInterfaceApplication.Tests.Controllers.AccountControllerTest, DojoInterfaceApplication.Tests, Version=1.0.0.0, Culture=neutral, PublicKeyToken=null" name="LogOn_Get_ReturnsView" />
    </UnitTest>
    <UnitTest name="LogOn_Post_ReturnsRedirectOnSuccess_WithoutReturnUrl" storage="c:\rj\dojointerfaceapplication\dojointerfaceapplication.tests\bin\release\dojointerfaceapplication.tests.dll" id="6636e3fb-e261-0687-6814-a40f8f82cc6a">
      <Execution id="9a1aaa1b-005a-49ea-a746-c3bd553ad2c1" />
      <TestMethod codeBase="C:/RJ/DojoInterfaceApplication/DojoInterfaceApplication.Tests/bin/Release/DojoInterfaceApplication.Tests.DLL" adapterTypeName="Microsoft.VisualStudio.TestTools.TestTypes.Unit.UnitTestAdapter, Microsoft.VisualStudio.QualityTools.Tips.UnitTest.Adapter, Version=10.0.0.0, Culture=neutral, PublicKeyToken=b03f5f7f11d50a3a" className="DojoInterfaceApplication.Tests.Controllers.AccountControllerTest, DojoInterfaceApplication.Tests, Version=1.0.0.0, Culture=neutral, PublicKeyToken=null" name="LogOn_Post_ReturnsRedirectOnSuccess_WithoutReturnUrl" />
    </UnitTest>
    <UnitTest name="LogOff_LogsOutAndRedirects" storage="c:\rj\dojointerfaceapplication\dojointerfaceapplication.tests\bin\release\dojointerfaceapplication.tests.dll" id="f491a977-fe2d-0a77-aca5-25e012322aff">
      <Execution id="67e1acc6-9f2f-45bc-9f28-f589fe831aec" />
      <TestMethod codeBase="C:/RJ/DojoInterfaceApplication/DojoInterfaceApplication.Tests/bin/Release/DojoInterfaceApplication.Tests.DLL" adapterTypeName="Microsoft.VisualStudio.TestTools.TestTypes.Unit.UnitTestAdapter, Microsoft.VisualStudio.QualityTools.Tips.UnitTest.Adapter, Version=10.0.0.0, Culture=neutral, PublicKeyToken=b03f5f7f11d50a3a" className="DojoInterfaceApplication.Tests.Controllers.AccountControllerTest, DojoInterfaceApplication.Tests, Version=1.0.0.0, Culture=neutral, PublicKeyToken=null" name="LogOff_LogsOutAndRedirects" />
    </UnitTest>
    <UnitTest name="Register_Get_ReturnsView" storage="c:\rj\dojointerfaceapplication\dojointerfaceapplication.tests\bin\release\dojointerfaceapplication.tests.dll" id="44661c57-6dfc-66ad-17aa-975297c98c84">
      <Execution id="7a52a655-a0ec-4695-911c-c2316133404e" />
      <TestMethod codeBase="C:/RJ/DojoInterfaceApplication/DojoInterfaceApplication.Tests/bin/Release/DojoInterfaceApplication.Tests.DLL" adapterTypeName="Microsoft.VisualStudio.TestTools.TestTypes.Unit.UnitTestAdapter, Microsoft.VisualStudio.QualityTools.Tips.UnitTest.Adapter, Version=10.0.0.0, Culture=neutral, PublicKeyToken=b03f5f7f11d50a3a" className="DojoInterfaceApplication.Tests.Controllers.AccountControllerTest, DojoInterfaceApplication.Tests, Version=1.0.0.0, Culture=neutral, PublicKeyToken=null" name="Register_Get_ReturnsView" />
    </UnitTest>
    <UnitTest name="Register_Post_ReturnsViewIfModelStateIsInvalid" storage="c:\rj\dojointerfaceapplication\dojointerfaceapplication.tests\bin\release\dojointerfaceapplication.tests.dll" id="d9be58a0-5971-0096-9697-dedb64d80b35">
      <Execution id="4d0f27d9-f91e-462e-95a0-19791abf8227" />
      <TestMethod codeBase="C:/RJ/DojoInterfaceApplication/DojoInterfaceApplication.Tests/bin/Release/DojoInterfaceApplication.Tests.DLL" adapterTypeName="Microsoft.VisualStudio.TestTools.TestTypes.Unit.UnitTestAdapter, Microsoft.VisualStudio.QualityTools.Tips.UnitTest.Adapter, Version=10.0.0.0, Culture=neutral, PublicKeyToken=b03f5f7f11d50a3a" className="DojoInterfaceApplication.Tests.Controllers.AccountControllerTest, DojoInterfaceApplication.Tests, Version=1.0.0.0, Culture=neutral, PublicKeyToken=null" name="Register_Post_ReturnsViewIfModelStateIsInvalid" />
    </UnitTest>
    <UnitTest name="Register_Post_ReturnsViewIfRegistrationFails" storage="c:\rj\dojointerfaceapplication\dojointerfaceapplication.tests\bin\release\dojointerfaceapplication.tests.dll" id="b119bad1-e0ad-d5e7-6ab2-c77a8b252d14">
      <Execution id="1c6be03d-3e06-4703-8b1b-85126ff47400" />
      <TestMethod codeBase="C:/RJ/DojoInterfaceApplication/DojoInterfaceApplication.Tests/bin/Release/DojoInterfaceApplication.Tests.DLL" adapterTypeName="Microsoft.VisualStudio.TestTools.TestTypes.Unit.UnitTestAdapter, Microsoft.VisualStudio.QualityTools.Tips.UnitTest.Adapter, Version=10.0.0.0, Culture=neutral, PublicKeyToken=b03f5f7f11d50a3a" className="DojoInterfaceApplication.Tests.Controllers.AccountControllerTest, DojoInterfaceApplication.Tests, Version=1.0.0.0, Culture=neutral, PublicKeyToken=null" name="Register_Post_ReturnsViewIfRegistrationFails" />
    </UnitTest>
    <UnitTest name="LogOn_Post_ReturnsViewIfValidateUserFails" storage="c:\rj\dojointerfaceapplication\dojointerfaceapplication.tests\bin\release\dojointerfaceapplication.tests.dll" id="bb5feb2e-c4be-09f1-6a2f-1f5dbaa2ff8b">
      <Execution id="511a73c1-85ad-405d-bf7c-b4429b9c014b" />
      <TestMethod codeBase="C:/RJ/DojoInterfaceApplication/DojoInterfaceApplication.Tests/bin/Release/DojoInterfaceApplication.Tests.DLL" adapterTypeName="Microsoft.VisualStudio.TestTools.TestTypes.Unit.UnitTestAdapter, Microsoft.VisualStudio.QualityTools.Tips.UnitTest.Adapter, Version=10.0.0.0, Culture=neutral, PublicKeyToken=b03f5f7f11d50a3a" className="DojoInterfaceApplication.Tests.Controllers.AccountControllerTest, DojoInterfaceApplication.Tests, Version=1.0.0.0, Culture=neutral, PublicKeyToken=null" name="LogOn_Post_ReturnsViewIfValidateUserFails" />
    </UnitTest>
    <UnitTest name="LogOn_Post_ReturnsViewIfModelStateIsInvalid" storage="c:\rj\dojointerfaceapplication\dojointerfaceapplication.tests\bin\release\dojointerfaceapplication.tests.dll" id="a0d13992-9142-726f-e7eb-b3bf5c5d15ce">
      <Execution id="30b6190f-b206-4920-836e-0f489d4644f6" />
      <TestMethod codeBase="C:/RJ/DojoInterfaceApplication/DojoInterfaceApplication.Tests/bin/Release/DojoInterfaceApplication.Tests.DLL" adapterTypeName="Microsoft.VisualStudio.TestTools.TestTypes.Unit.UnitTestAdapter, Microsoft.VisualStudio.QualityTools.Tips.UnitTest.Adapter, Version=10.0.0.0, Culture=neutral, PublicKeyToken=b03f5f7f11d50a3a" className="DojoInterfaceApplication.Tests.Controllers.AccountControllerTest, DojoInterfaceApplication.Tests, Version=1.0.0.0, Culture=neutral, PublicKeyToken=null" name="LogOn_Post_ReturnsViewIfModelStateIsInvalid" />
    </UnitTest>
    <UnitTest name="About" storage="c:\rj\dojointerfaceapplication\dojointerfaceapplication.tests\bin\release\dojointerfaceapplication.tests.dll" id="995d5285-b062-2b9f-9217-85227074bf30">
      <Execution id="c19f81d4-7230-4768-b460-9f522639addf" />
      <TestMethod codeBase="C:/RJ/DojoInterfaceApplication/DojoInterfaceApplication.Tests/bin/Release/DojoInterfaceApplication.Tests.DLL" adapterTypeName="Microsoft.VisualStudio.TestTools.TestTypes.Unit.UnitTestAdapter, Microsoft.VisualStudio.QualityTools.Tips.UnitTest.Adapter, Version=10.0.0.0, Culture=neutral, PublicKeyToken=b03f5f7f11d50a3a" className="DojoInterfaceApplication.Tests.Controllers.HomeControllerTest, DojoInterfaceApplication.Tests, Version=1.0.0.0, Culture=neutral, PublicKeyToken=null" name="About" />
    </UnitTest>
    <UnitTest name="Register_Post_ReturnsRedirectOnSuccess" storage="c:\rj\dojointerfaceapplication\dojointerfaceapplication.tests\bin\release\dojointerfaceapplication.tests.dll" id="03fd7671-b56b-20bd-1546-9c3a23b342f0">
      <Execution id="81977774-9e05-406f-beb0-eb80707c4d9d" />
      <TestMethod codeBase="C:/RJ/DojoInterfaceApplication/DojoInterfaceApplication.Tests/bin/Release/DojoInterfaceApplication.Tests.DLL" adapterTypeName="Microsoft.VisualStudio.TestTools.TestTypes.Unit.UnitTestAdapter, Microsoft.VisualStudio.QualityTools.Tips.UnitTest.Adapter, Version=10.0.0.0, Culture=neutral, PublicKeyToken=b03f5f7f11d50a3a" className="DojoInterfaceApplication.Tests.Controllers.AccountControllerTest, DojoInterfaceApplication.Tests, Version=1.0.0.0, Culture=neutral, PublicKeyToken=null" name="Register_Post_ReturnsRedirectOnSuccess" />
    </UnitTest>
    <UnitTest name="ChangePassword_Get_ReturnsView" storage="c:\rj\dojointerfaceapplication\dojointerfaceapplication.tests\bin\release\dojointerfaceapplication.tests.dll" id="d8fc6ed0-efda-6664-babe-107d703d232b">
      <Execution id="62018801-1d5d-4e3b-ab0e-1d2095fe2b4f" />
      <TestMethod codeBase="C:/RJ/DojoInterfaceApplication/DojoInterfaceApplication.Tests/bin/Release/DojoInterfaceApplication.Tests.DLL" adapterTypeName="Microsoft.VisualStudio.TestTools.TestTypes.Unit.UnitTestAdapter, Microsoft.VisualStudio.QualityTools.Tips.UnitTest.Adapter, Version=10.0.0.0, Culture=neutral, PublicKeyToken=b03f5f7f11d50a3a" className="DojoInterfaceApplication.Tests.Controllers.AccountControllerTest, DojoInterfaceApplication.Tests, Version=1.0.0.0, Culture=neutral, PublicKeyToken=null" name="ChangePassword_Get_ReturnsView" />
    </UnitTest>
    <UnitTest name="ChangePasswordSuccess_ReturnsView" storage="c:\rj\dojointerfaceapplication\dojointerfaceapplication.tests\bin\release\dojointerfaceapplication.tests.dll" id="0a358c90-98d4-b6cf-ba34-f68ac37f6e24">
      <Execution id="894ad36f-0e28-4a5b-9ccb-0090159b4141" />
      <TestMethod codeBase="C:/RJ/DojoInterfaceApplication/DojoInterfaceApplication.Tests/bin/Release/DojoInterfaceApplication.Tests.DLL" adapterTypeName="Microsoft.VisualStudio.TestTools.TestTypes.Unit.UnitTestAdapter, Microsoft.VisualStudio.QualityTools.Tips.UnitTest.Adapter, Version=10.0.0.0, Culture=neutral, PublicKeyToken=b03f5f7f11d50a3a" className="DojoInterfaceApplication.Tests.Controllers.AccountControllerTest, DojoInterfaceApplication.Tests, Version=1.0.0.0, Culture=neutral, PublicKeyToken=null" name="ChangePasswordSuccess_ReturnsView" />
    </UnitTest>
    <UnitTest name="Index" storage="c:\rj\dojointerfaceapplication\dojointerfaceapplication.tests\bin\release\dojointerfaceapplication.tests.dll" id="d057e1f7-bd14-a4d3-a207-4353a3135df3">
      <Execution id="f2cf1567-9311-4634-b362-b812e32d075e" />
      <TestMethod codeBase="C:/RJ/DojoInterfaceApplication/DojoInterfaceApplication.Tests/bin/Release/DojoInterfaceApplication.Tests.DLL" adapterTypeName="Microsoft.VisualStudio.TestTools.TestTypes.Unit.UnitTestAdapter, Microsoft.VisualStudio.QualityTools.Tips.UnitTest.Adapter, Version=10.0.0.0, Culture=neutral, PublicKeyToken=b03f5f7f11d50a3a" className="DojoInterfaceApplication.Tests.Controllers.HomeControllerTest, DojoInterfaceApplication.Tests, Version=1.0.0.0, Culture=neutral, PublicKeyToken=null" name="Index" />
    </UnitTest>
    <UnitTest name="ChangePassword_Post_ReturnsViewIfModelStateIsInvalid" storage="c:\rj\dojointerfaceapplication\dojointerfaceapplication.tests\bin\release\dojointerfaceapplication.tests.dll" id="df78c223-266d-29a7-8f13-d4e0ab3a9b33">
      <Execution id="11723895-b4a5-45a4-894d-49820fa16050" />
      <TestMethod codeBase="C:/RJ/DojoInterfaceApplication/DojoInterfaceApplication.Tests/bin/Release/DojoInterfaceApplication.Tests.DLL" adapterTypeName="Microsoft.VisualStudio.TestTools.TestTypes.Unit.UnitTestAdapter, Microsoft.VisualStudio.QualityTools.Tips.UnitTest.Adapter, Version=10.0.0.0, Culture=neutral, PublicKeyToken=b03f5f7f11d50a3a" className="DojoInterfaceApplication.Tests.Controllers.AccountControllerTest, DojoInterfaceApplication.Tests, Version=1.0.0.0, Culture=neutral, PublicKeyToken=null" name="ChangePassword_Post_ReturnsViewIfModelStateIsInvalid" />
    </UnitTest>
    <UnitTest name="Retorna_Erro_quando_campos_obrigatorios_nao_sao_preenchidos" storage="c:\rj\dojointerfaceapplication\dojointerfaceapplication.tests\bin\release\dojointerfaceapplication.tests.dll" id="7344a36e-2dc0-024a-706b-1db8bd933681">
      <Execution id="808dc479-7377-49fa-ad97-f81f6352b20a" />
      <TestMethod codeBase="C:/RJ/DojoInterfaceApplication/DojoInterfaceApplication.Tests/bin/Release/DojoInterfaceApplication.Tests.DLL" adapterTypeName="Microsoft.VisualStudio.TestTools.TestTypes.Unit.UnitTestAdapter, Microsoft.VisualStudio.QualityTools.Tips.UnitTest.Adapter, Version=10.0.0.0, Culture=neutral, PublicKeyToken=b03f5f7f11d50a3a" className="SeleniumTests.TesteValidacoes, DojoInterfaceApplication.Tests, Version=1.0.0.0, Culture=neutral, PublicKeyToken=null" name="Retorna_Erro_quando_campos_obrigatorios_nao_sao_preenchidos" />
    </UnitTest>
    <UnitTest name="ChangePassword_Post_ReturnsViewIfChangePasswordFails" storage="c:\rj\dojointerfaceapplication\dojointerfaceapplication.tests\bin\release\dojointerfaceapplication.tests.dll" id="f2e81b66-970e-72fa-339f-62f516a6d647">
      <Execution id="1d6beb02-1d39-40fa-9c20-da12e8631c39" />
      <TestMethod codeBase="C:/RJ/DojoInterfaceApplication/DojoInterfaceApplication.Tests/bin/Release/DojoInterfaceApplication.Tests.DLL" adapterTypeName="Microsoft.VisualStudio.TestTools.TestTypes.Unit.UnitTestAdapter, Microsoft.VisualStudio.QualityTools.Tips.UnitTest.Adapter, Version=10.0.0.0, Culture=neutral, PublicKeyToken=b03f5f7f11d50a3a" className="DojoInterfaceApplication.Tests.Controllers.AccountControllerTest, DojoInterfaceApplication.Tests, Version=1.0.0.0, Culture=neutral, PublicKeyToken=null" name="ChangePassword_Post_ReturnsViewIfChangePasswordFails" />
    </UnitTest>
    <UnitTest name="ChangePassword_Post_ReturnsRedirectOnSuccess" storage="c:\rj\dojointerfaceapplication\dojointerfaceapplication.tests\bin\release\dojointerfaceapplication.tests.dll" id="b83d12d6-733d-76b1-0e4f-cb3574321336">
      <Execution id="616a52d7-d9e6-44f3-a5c8-d5c7c5cc1989" />
      <TestMethod codeBase="C:/RJ/DojoInterfaceApplication/DojoInterfaceApplication.Tests/bin/Release/DojoInterfaceApplication.Tests.DLL" adapterTypeName="Microsoft.VisualStudio.TestTools.TestTypes.Unit.UnitTestAdapter, Microsoft.VisualStudio.QualityTools.Tips.UnitTest.Adapter, Version=10.0.0.0, Culture=neutral, PublicKeyToken=b03f5f7f11d50a3a" className="DojoInterfaceApplication.Tests.Controllers.AccountControllerTest, DojoInterfaceApplication.Tests, Version=1.0.0.0, Culture=neutral, PublicKeyToken=null" name="ChangePassword_Post_ReturnsRedirectOnSuccess" />
    </UnitTest>
    <UnitTest name="LogOn_Post_ReturnsRedirectOnSuccess_WithReturnUrl" storage="c:\rj\dojointerfaceapplication\dojointerfaceapplication.tests\bin\release\dojointerfaceapplication.tests.dll" id="53c51367-a902-d0de-4141-45af555f03c9">
      <Execution id="31cd9d46-5005-4b30-8980-13450565fca9" />
      <TestMethod codeBase="C:/RJ/DojoInterfaceApplication/DojoInterfaceApplication.Tests/bin/Release/DojoInterfaceApplication.Tests.DLL" adapterTypeName="Microsoft.VisualStudio.TestTools.TestTypes.Unit.UnitTestAdapter, Microsoft.VisualStudio.QualityTools.Tips.UnitTest.Adapter, Version=10.0.0.0, Culture=neutral, PublicKeyToken=b03f5f7f11d50a3a" className="DojoInterfaceApplication.Tests.Controllers.AccountControllerTest, DojoInterfaceApplication.Tests, Version=1.0.0.0, Culture=neutral, PublicKeyToken=null" name="LogOn_Post_ReturnsRedirectOnSuccess_WithReturnUrl" />
    </UnitTest>
  </TestDefinitions>
  <TestLists>
    <TestList name="Results Not in a List" id="8c84fa94-04c1-424b-9868-57a2d4851a1d" />
    <TestList name="All Loaded Results" id="19431567-8539-422a-85d7-44ee4e166bda" />
  </TestLists>
  <TestEntries>
    <TestEntry testId="03fd7671-b56b-20bd-1546-9c3a23b342f0" executionId="81977774-9e05-406f-beb0-eb80707c4d9d" testListId="8c84fa94-04c1-424b-9868-57a2d4851a1d" />
    <TestEntry testId="0a358c90-98d4-b6cf-ba34-f68ac37f6e24" executionId="894ad36f-0e28-4a5b-9ccb-0090159b4141" testListId="8c84fa94-04c1-424b-9868-57a2d4851a1d" />
    <TestEntry testId="142cdcfd-0ccf-00a9-cc49-0c360b8bd921" executionId="3e1f26c8-1c1c-4360-b35d-16b1efc35897" testListId="8c84fa94-04c1-424b-9868-57a2d4851a1d" />
    <TestEntry testId="44661c57-6dfc-66ad-17aa-975297c98c84" executionId="7a52a655-a0ec-4695-911c-c2316133404e" testListId="8c84fa94-04c1-424b-9868-57a2d4851a1d" />
    <TestEntry testId="53c51367-a902-d0de-4141-45af555f03c9" executionId="31cd9d46-5005-4b30-8980-13450565fca9" testListId="8c84fa94-04c1-424b-9868-57a2d4851a1d" />
    <TestEntry testId="6636e3fb-e261-0687-6814-a40f8f82cc6a" executionId="9a1aaa1b-005a-49ea-a746-c3bd553ad2c1" testListId="8c84fa94-04c1-424b-9868-57a2d4851a1d" />
    <TestEntry testId="7344a36e-2dc0-024a-706b-1db8bd933681" executionId="808dc479-7377-49fa-ad97-f81f6352b20a" testListId="8c84fa94-04c1-424b-9868-57a2d4851a1d" />
    <TestEntry testId="995d5285-b062-2b9f-9217-85227074bf30" executionId="c19f81d4-7230-4768-b460-9f522639addf" testListId="8c84fa94-04c1-424b-9868-57a2d4851a1d" />
    <TestEntry testId="a0d13992-9142-726f-e7eb-b3bf5c5d15ce" executionId="30b6190f-b206-4920-836e-0f489d4644f6" testListId="8c84fa94-04c1-424b-9868-57a2d4851a1d" />
    <TestEntry testId="b119bad1-e0ad-d5e7-6ab2-c77a8b252d14" executionId="1c6be03d-3e06-4703-8b1b-85126ff47400" testListId="8c84fa94-04c1-424b-9868-57a2d4851a1d" />
    <TestEntry testId="b83d12d6-733d-76b1-0e4f-cb3574321336" executionId="616a52d7-d9e6-44f3-a5c8-d5c7c5cc1989" testListId="8c84fa94-04c1-424b-9868-57a2d4851a1d" />
    <TestEntry testId="bb5feb2e-c4be-09f1-6a2f-1f5dbaa2ff8b" executionId="511a73c1-85ad-405d-bf7c-b4429b9c014b" testListId="8c84fa94-04c1-424b-9868-57a2d4851a1d" />
    <TestEntry testId="d057e1f7-bd14-a4d3-a207-4353a3135df3" executionId="f2cf1567-9311-4634-b362-b812e32d075e" testListId="8c84fa94-04c1-424b-9868-57a2d4851a1d" />
    <TestEntry testId="d8fc6ed0-efda-6664-babe-107d703d232b" executionId="62018801-1d5d-4e3b-ab0e-1d2095fe2b4f" testListId="8c84fa94-04c1-424b-9868-57a2d4851a1d" />
    <TestEntry testId="d9be58a0-5971-0096-9697-dedb64d80b35" executionId="4d0f27d9-f91e-462e-95a0-19791abf8227" testListId="8c84fa94-04c1-424b-9868-57a2d4851a1d" />
    <TestEntry testId="df78c223-266d-29a7-8f13-d4e0ab3a9b33" executionId="11723895-b4a5-45a4-894d-49820fa16050" testListId="8c84fa94-04c1-424b-9868-57a2d4851a1d" />
    <TestEntry testId="f2e81b66-970e-72fa-339f-62f516a6d647" executionId="1d6beb02-1d39-40fa-9c20-da12e8631c39" testListId="8c84fa94-04c1-424b-9868-57a2d4851a1d" />
    <TestEntry testId="f491a977-fe2d-0a77-aca5-25e012322aff" executionId="67e1acc6-9f2f-45bc-9f28-f589fe831aec" testListId="8c84fa94-04c1-424b-9868-57a2d4851a1d" />
  </TestEntries>
  <Results>
    <UnitTestResult executionId="81977774-9e05-406f-beb0-eb80707c4d9d" testId="03fd7671-b56b-20bd-1546-9c3a23b342f0" testName="Register_Post_ReturnsRedirectOnSuccess" computerName="CFC-WINDOWS" duration="00:00:00.0534833" startTime="2014-10-25T15:33:53.5924946-02:00" endTime="2014-10-25T15:33:54.3324956-02:00" testType="13cdc9d9-ddb5-4fa4-a97d-d965ccfc6d4b" outcome="Passed" testListId="8c84fa94-04c1-424b-9868-57a2d4851a1d" relativeResultsDirectory="81977774-9e05-406f-beb0-eb80707c4d9d">
    </UnitTestResult>
    <UnitTestResult executionId="894ad36f-0e28-4a5b-9ccb-0090159b4141" testId="0a358c90-98d4-b6cf-ba34-f68ac37f6e24" testName="ChangePasswordSuccess_ReturnsView" computerName="CFC-WINDOWS" duration="00:00:00.0029641" startTime="2014-10-25T15:33:54.3424956-02:00" endTime="2014-10-25T15:33:54.3424956-02:00" testType="13cdc9d9-ddb5-4fa4-a97d-d965ccfc6d4b" outcome="Passed" testListId="8c84fa94-04c1-424b-9868-57a2d4851a1d" relativeResultsDirectory="894ad36f-0e28-4a5b-9ccb-0090159b4141">
    </UnitTestResult>
    <UnitTestResult executionId="3e1f26c8-1c1c-4360-b35d-16b1efc35897" testId="142cdcfd-0ccf-00a9-cc49-0c360b8bd921" testName="LogOn_Get_ReturnsView" computerName="CFC-WINDOWS" duration="00:00:00.0019835" startTime="2014-10-25T15:33:54.3524956-02:00" endTime="2014-10-25T15:33:54.3624957-02:00" testType="13cdc9d9-ddb5-4fa4-a97d-d965ccfc6d4b" outcome="Passed" testListId="8c84fa94-04c1-424b-9868-57a2d4851a1d" relativeResultsDirectory="3e1f26c8-1c1c-4360-b35d-16b1efc35897">
    </UnitTestResult>
    <UnitTestResult executionId="7a52a655-a0ec-4695-911c-c2316133404e" testId="44661c57-6dfc-66ad-17aa-975297c98c84" testName="Register_Get_ReturnsView" computerName="CFC-WINDOWS" duration="00:00:00.0009927" startTime="2014-10-25T15:33:54.3624957-02:00" endTime="2014-10-25T15:33:54.3624957-02:00" testType="13cdc9d9-ddb5-4fa4-a97d-d965ccfc6d4b" outcome="Passed" testListId="8c84fa94-04c1-424b-9868-57a2d4851a1d" relativeResultsDirectory="7a52a655-a0ec-4695-911c-c2316133404e">
    </UnitTestResult>
    <UnitTestResult executionId="31cd9d46-5005-4b30-8980-13450565fca9" testId="53c51367-a902-d0de-4141-45af555f03c9" testName="LogOn_Post_ReturnsRedirectOnSuccess_WithReturnUrl" computerName="CFC-WINDOWS" duration="00:00:00.0020645" startTime="2014-10-25T15:33:54.3724957-02:00" endTime="2014-10-25T15:33:54.3724957-02:00" testType="13cdc9d9-ddb5-4fa4-a97d-d965ccfc6d4b" outcome="Passed" testListId="8c84fa94-04c1-424b-9868-57a2d4851a1d" relativeResultsDirectory="31cd9d46-5005-4b30-8980-13450565fca9">
    </UnitTestResult>
    <UnitTestResult executionId="9a1aaa1b-005a-49ea-a746-c3bd553ad2c1" testId="6636e3fb-e261-0687-6814-a40f8f82cc6a" testName="LogOn_Post_ReturnsRedirectOnSuccess_WithoutReturnUrl" computerName="CFC-WINDOWS" duration="00:00:00.0007172" startTime="2014-10-25T15:33:54.3824957-02:00" endTime="2014-10-25T15:33:54.3824957-02:00" testType="13cdc9d9-ddb5-4fa4-a97d-d965ccfc6d4b" outcome="Passed" testListId="8c84fa94-04c1-424b-9868-57a2d4851a1d" relativeResultsDirectory="9a1aaa1b-005a-49ea-a746-c3bd553ad2c1">
    </UnitTestResult>
    <UnitTestResult executionId="808dc479-7377-49fa-ad97-f81f6352b20a" testId="7344a36e-2dc0-024a-706b-1db8bd933681" testName="Retorna_Erro_quando_campos_obrigatorios_nao_sao_preenchidos" computerName="CFC-WINDOWS" duration="00:00:12.0924447" startTime="2014-10-25T15:33:54.3824957-02:00" endTime="2014-10-25T15:34:06.4909095-02:00" testType="13cdc9d9-ddb5-4fa4-a97d-d965ccfc6d4b" outcome="Passed" testListId="8c84fa94-04c1-424b-9868-57a2d4851a1d" relativeResultsDirectory="808dc479-7377-49fa-ad97-f81f6352b20a">
    </UnitTestResult>
    <UnitTestResult executionId="c19f81d4-7230-4768-b460-9f522639addf" testId="995d5285-b062-2b9f-9217-85227074bf30" testName="About" computerName="CFC-WINDOWS" duration="00:00:00.0006540" startTime="2014-10-25T15:34:06.4919095-02:00" endTime="2014-10-25T15:34:06.4979099-02:00" testType="13cdc9d9-ddb5-4fa4-a97d-d965ccfc6d4b" outcome="Passed" testListId="8c84fa94-04c1-424b-9868-57a2d4851a1d" relativeResultsDirectory="c19f81d4-7230-4768-b460-9f522639addf">
    </UnitTestResult>
    <UnitTestResult executionId="30b6190f-b206-4920-836e-0f489d4644f6" testId="a0d13992-9142-726f-e7eb-b3bf5c5d15ce" testName="LogOn_Post_ReturnsViewIfModelStateIsInvalid" computerName="CFC-WINDOWS" duration="00:00:00.0020143" startTime="2014-10-25T15:34:06.4989099-02:00" endTime="2014-10-25T15:34:06.5069104-02:00" testType="13cdc9d9-ddb5-4fa4-a97d-d965ccfc6d4b" outcome="Passed" testListId="8c84fa94-04c1-424b-9868-57a2d4851a1d" relativeResultsDirectory="30b6190f-b206-4920-836e-0f489d4644f6">
    </UnitTestResult>
    <UnitTestResult executionId="1c6be03d-3e06-4703-8b1b-85126ff47400" testId="b119bad1-e0ad-d5e7-6ab2-c77a8b252d14" testName="Register_Post_ReturnsViewIfRegistrationFails" computerName="CFC-WINDOWS" duration="00:00:00.0013254" startTime="2014-10-25T15:34:06.5139108-02:00" endTime="2014-10-25T15:34:06.5199111-02:00" testType="13cdc9d9-ddb5-4fa4-a97d-d965ccfc6d4b" outcome="Passed" testListId="8c84fa94-04c1-424b-9868-57a2d4851a1d" relativeResultsDirectory="1c6be03d-3e06-4703-8b1b-85126ff47400">
    </UnitTestResult>
    <UnitTestResult executionId="616a52d7-d9e6-44f3-a5c8-d5c7c5cc1989" testId="b83d12d6-733d-76b1-0e4f-cb3574321336" testName="ChangePassword_Post_ReturnsRedirectOnSuccess" computerName="CFC-WINDOWS" duration="00:00:00.0038398" startTime="2014-10-25T15:34:06.5219112-02:00" endTime="2014-10-25T15:34:06.5249114-02:00" testType="13cdc9d9-ddb5-4fa4-a97d-d965ccfc6d4b" outcome="Passed" testListId="8c84fa94-04c1-424b-9868-57a2d4851a1d" relativeResultsDirectory="616a52d7-d9e6-44f3-a5c8-d5c7c5cc1989">
    </UnitTestResult>
    <UnitTestResult executionId="511a73c1-85ad-405d-bf7c-b4429b9c014b" testId="bb5feb2e-c4be-09f1-6a2f-1f5dbaa2ff8b" testName="LogOn_Post_ReturnsViewIfValidateUserFails" computerName="CFC-WINDOWS" duration="00:00:00.0009283" startTime="2014-10-25T15:34:06.5249114-02:00" endTime="2014-10-25T15:34:06.5349114-02:00" testType="13cdc9d9-ddb5-4fa4-a97d-d965ccfc6d4b" outcome="Passed" testListId="8c84fa94-04c1-424b-9868-57a2d4851a1d" relativeResultsDirectory="511a73c1-85ad-405d-bf7c-b4429b9c014b">
    </UnitTestResult>
    <UnitTestResult executionId="f2cf1567-9311-4634-b362-b812e32d075e" testId="d057e1f7-bd14-a4d3-a207-4353a3135df3" testName="Index" computerName="CFC-WINDOWS" duration="00:00:00.0730126" startTime="2014-10-25T15:34:06.5349114-02:00" endTime="2014-10-25T15:34:06.6249116-02:00" testType="13cdc9d9-ddb5-4fa4-a97d-d965ccfc6d4b" outcome="Failed" testListId="8c84fa94-04c1-424b-9868-57a2d4851a1d" relativeResultsDirectory="f2cf1567-9311-4634-b362-b812e32d075e">
      <Output>
        <ErrorInfo>
          <Message>Assert.AreEqual failed. Expected:&lt;Welcome to ASP.NET MVC!&gt;. Actual:&lt;Bem-vindos ao Dojo de Interface, usando o wizard de projeto do VS2010&gt;. </Message>
          <StackTrace>   em DojoInterfaceApplication.Tests.Controllers.HomeControllerTest.Index() na C:\TurmasTestes\PrimeiroDia - Preparado para comecar\Net\DojoInterfaceApplication\DojoInterfaceApplication.Tests\Controllers\HomeControllerTest.cs:linha 26
</StackTrace>
        </ErrorInfo>
      </Output>
    </UnitTestResult>
    <UnitTestResult executionId="62018801-1d5d-4e3b-ab0e-1d2095fe2b4f" testId="d8fc6ed0-efda-6664-babe-107d703d232b" testName="ChangePassword_Get_ReturnsView" computerName="CFC-WINDOWS" duration="00:00:00.0007836" startTime="2014-10-25T15:34:06.6249116-02:00" endTime="2014-10-25T15:34:06.6249116-02:00" testType="13cdc9d9-ddb5-4fa4-a97d-d965ccfc6d4b" outcome="Passed" testListId="8c84fa94-04c1-424b-9868-57a2d4851a1d" relativeResultsDirectory="62018801-1d5d-4e3b-ab0e-1d2095fe2b4f">
    </UnitTestResult>
    <UnitTestResult executionId="4d0f27d9-f91e-462e-95a0-19791abf8227" testId="d9be58a0-5971-0096-9697-dedb64d80b35" testName="Register_Post_ReturnsViewIfModelStateIsInvalid" computerName="CFC-WINDOWS" duration="00:00:00.0010061" startTime="2014-10-25T15:34:06.6349116-02:00" endTime="2014-10-25T15:34:06.6349116-02:00" testType="13cdc9d9-ddb5-4fa4-a97d-d965ccfc6d4b" outcome="Passed" testListId="8c84fa94-04c1-424b-9868-57a2d4851a1d" relativeResultsDirectory="4d0f27d9-f91e-462e-95a0-19791abf8227">
    </UnitTestResult>
    <UnitTestResult executionId="11723895-b4a5-45a4-894d-49820fa16050" testId="df78c223-266d-29a7-8f13-d4e0ab3a9b33" testName="ChangePassword_Post_ReturnsViewIfModelStateIsInvalid" computerName="CFC-WINDOWS" duration="00:00:00.0009846" startTime="2014-10-25T15:34:06.6349116-02:00" endTime="2014-10-25T15:34:06.6449116-02:00" testType="13cdc9d9-ddb5-4fa4-a97d-d965ccfc6d4b" outcome="Passed" testListId="8c84fa94-04c1-424b-9868-57a2d4851a1d" relativeResultsDirectory="11723895-b4a5-45a4-894d-49820fa16050">
    </UnitTestResult>
    <UnitTestResult executionId="1d6beb02-1d39-40fa-9c20-da12e8631c39" testId="f2e81b66-970e-72fa-339f-62f516a6d647" testName="ChangePassword_Post_ReturnsViewIfChangePasswordFails" computerName="CFC-WINDOWS" duration="00:00:00.0010770" startTime="2014-10-25T15:34:06.6449116-02:00" endTime="2014-10-25T15:34:06.6549116-02:00" testType="13cdc9d9-ddb5-4fa4-a97d-d965ccfc6d4b" outcome="Passed" testListId="8c84fa94-04c1-424b-9868-57a2d4851a1d" relativeResultsDirectory="1d6beb02-1d39-40fa-9c20-da12e8631c39">
    </UnitTestResult>
    <UnitTestResult executionId="67e1acc6-9f2f-45bc-9f28-f589fe831aec" testId="f491a977-fe2d-0a77-aca5-25e012322aff" testName="LogOff_LogsOutAndRedirects" computerName="CFC-WINDOWS" duration="00:00:00.0008481" startTime="2014-10-25T15:34:06.6549116-02:00" endTime="2014-10-25T15:34:06.6549116-02:00" testType="13cdc9d9-ddb5-4fa4-a97d-d965ccfc6d4b" outcome="Passed" testListId="8c84fa94-04c1-424b-9868-57a2d4851a1d" relativeResultsDirectory="67e1acc6-9f2f-45bc-9f28-f589fe831aec">
    </UnitTestResult>
  </Results>
</TestRun>