<?xml version="1.0" encoding="UTF-8"?>
<TestRun id="4c521f8d-3091-4df0-8fc1-f284b1c87e5c" name="cfc@CFC-WINDOWS 2014-10-25 16:09:12" runUser="cfc-windows\cfc" xmlns="http://microsoft.com/schemas/VisualStudio/TeamTest/2010">
  <TestSettings name="Default Test Settings" id="29883bec-3e3f-45b2-9907-4bea26b53967">
    <Deployment runDeploymentRoot="cfc_CFC-WINDOWS 2014-10-25 16_09_12">
      <DeploymentItem filename="C:\RJ\DojoInterfaceApplication\packages\Selenium.WebDriver.2.44.0\lib\net40\WebDriver.dll" />
      <DeploymentItem filename="C:\RJ\DojoInterfaceApplication\DojoInterfaceApplication\bin\DojoInterfaceApplication.dll" />
      <DeploymentItem filename="C:\RJ\DojoInterfaceApplication\packages\Selenium.Support.2.44.0\lib\net40\WebDriver.Support.dll" />
    </Deployment>
    <Execution>
      <TestTypeSpecific />
      <AgentRule name="Execution Agents">
      </AgentRule>
    </Execution>
  </TestSettings>
  <Times creation="2014-10-25T16:09:12.1839077-02:00" queuing="2014-10-25T16:09:12.3909196-02:00" start="2014-10-25T16:09:12.4269216-02:00" finish="2014-10-25T16:09:20.7437109-02:00" />
  <ResultSummary outcome="Failed">
    <Counters total="1" executed="1" error="0" failed="1" timeout="0" aborted="0" inconclusive="0" passedButRunAborted="0" notRunnable="0" notExecuted="0" disconnected="0" warning="0" passed="0" completed="0" inProgress="0" pending="0" />
  </ResultSummary>
  <TestDefinitions>
    <UnitTest name="Salva_Venda_Com_Sucesso" storage="c:\rj\dojointerfaceapplication\dojointerfaceapplication.tests\bin\release\dojointerfaceapplication.tests.dll" id="a681ffae-0d56-d979-b9c1-5f6b150f2fd5">
      <Execution id="e0a365f0-438c-4e0a-a42c-a30d95eb3780" />
      <TestMethod codeBase="C:/RJ/DojoInterfaceApplication/DojoInterfaceApplication.Tests/bin/Release/DojoInterfaceApplication.Tests.DLL" adapterTypeName="Microsoft.VisualStudio.TestTools.TestTypes.Unit.UnitTestAdapter, Microsoft.VisualStudio.QualityTools.Tips.UnitTest.Adapter, Version=10.0.0.0, Culture=neutral, PublicKeyToken=b03f5f7f11d50a3a" className="SeleniumTests.TesteValidacoes, DojoInterfaceApplication.Tests, Version=1.0.0.0, Culture=neutral, PublicKeyToken=null" name="Salva_Venda_Com_Sucesso" />
    </UnitTest>
  </TestDefinitions>
  <TestLists>
    <TestList name="Results Not in a List" id="8c84fa94-04c1-424b-9868-57a2d4851a1d" />
    <TestList name="All Loaded Results" id="19431567-8539-422a-85d7-44ee4e166bda" />
  </TestLists>
  <TestEntries>
    <TestEntry testId="a681ffae-0d56-d979-b9c1-5f6b150f2fd5" executionId="e0a365f0-438c-4e0a-a42c-a30d95eb3780" testListId="8c84fa94-04c1-424b-9868-57a2d4851a1d" />
  </TestEntries>
  <Results>
    <UnitTestResult executionId="e0a365f0-438c-4e0a-a42c-a30d95eb3780" testId="a681ffae-0d56-d979-b9c1-5f6b150f2fd5" testName="Salva_Venda_Com_Sucesso" computerName="CFC-WINDOWS" duration="00:00:07.7891598" startTime="2014-10-25T16:09:12.4319219-02:00" endTime="2014-10-25T16:09:20.7187105-02:00" testType="13cdc9d9-ddb5-4fa4-a97d-d965ccfc6d4b" outcome="Failed" testListId="8c84fa94-04c1-424b-9868-57a2d4851a1d" relativeResultsDirectory="e0a365f0-438c-4e0a-a42c-a30d95eb3780">
      <Output>
        <ErrorInfo>
          <Message>Assert.AreEqual failed. Expected:&lt;http://localhost:58034/Venda/Add&gt;. Actual:&lt;http://localhost:58034/&gt;. </Message>
          <StackTrace>   em SeleniumTests.TesteValidacoes.Salva_Venda_Com_Sucesso() na C:\RJ\DojoInterfaceApplication\DojoInterfaceApplication.Tests\TesteValidacoes.cs:linha 75
</StackTrace>
        </ErrorInfo>
      </Output>
    </UnitTestResult>
  </Results>
</TestRun>