<?xml version="1.0" encoding="UTF-8"?>
<TestRun id="1da2a178-942c-4cc8-9d07-8294f7fc757b" name="cfc@CFC-WINDOWS 2013-12-06 21:53:49" runUser="cfc-windows\cfc" xmlns="http://microsoft.com/schemas/VisualStudio/TeamTest/2010">
  <TestSettings name="Default Test Settings" id="76dcf5dd-1333-4542-92b7-1b7d81b8be5a">
    <Deployment runDeploymentRoot="cfc_CFC-WINDOWS 2013-12-06 21_53_49">
      <DeploymentItem filename="C:\Sedna\DojoInterfaceApplication\DojoInterfaceApplication\bin\DojoInterfaceApplication.dll" />
      <DeploymentItem filename="C:\Sedna\DojoInterfaceApplication\packages\Selenium.WebDriver.2.38.0\lib\net40\WebDriver.dll" />
      <DeploymentItem filename="C:\Sedna\DojoInterfaceApplication\packages\Selenium.Support.2.38.0\lib\net40\WebDriver.Support.dll" />
    </Deployment>
    <Execution>
      <TestTypeSpecific />
      <AgentRule name="Execution Agents">
      </AgentRule>
    </Execution>
  </TestSettings>
  <Times creation="2013-12-06T21:53:49.0502355-02:00" queuing="2013-12-06T21:53:49.2070419-02:00" start="2013-12-06T21:53:49.2538420-02:00" finish="2013-12-06T21:53:55.8241609-02:00" />
  <ResultSummary outcome="Failed">
    <Counters total="1" executed="1" error="0" failed="1" timeout="0" aborted="0" inconclusive="0" passedButRunAborted="0" notRunnable="0" notExecuted="0" disconnected="0" warning="0" passed="0" completed="0" inProgress="0" pending="0" />
  </ResultSummary>
  <TestDefinitions>
    <UnitTest name="Retorna_Erro_quando_campos_obrigatorios_nao_sao_preenchidos" storage="c:\sedna\dojointerfaceapplication\dojointerfaceapplication.tests\bin\release\dojointerfaceapplication.tests.dll" id="7344a36e-2dc0-024a-706b-1db8bd933681">
      <Execution id="14163df0-d332-462a-8ff1-07304f44fead" />
      <TestMethod codeBase="C:/Sedna/DojoInterfaceApplication/DojoInterfaceApplication.Tests/bin/Release/DojoInterfaceApplication.Tests.DLL" adapterTypeName="Microsoft.VisualStudio.TestTools.TestTypes.Unit.UnitTestAdapter, Microsoft.VisualStudio.QualityTools.Tips.UnitTest.Adapter, Version=10.0.0.0, Culture=neutral, PublicKeyToken=b03f5f7f11d50a3a" className="SeleniumTests.TesteValidacoes, DojoInterfaceApplication.Tests, Version=1.0.0.0, Culture=neutral, PublicKeyToken=null" name="Retorna_Erro_quando_campos_obrigatorios_nao_sao_preenchidos" />
    </UnitTest>
  </TestDefinitions>
  <TestLists>
    <TestList name="Results Not in a List" id="8c84fa94-04c1-424b-9868-57a2d4851a1d" />
    <TestList name="All Loaded Results" id="19431567-8539-422a-85d7-44ee4e166bda" />
  </TestLists>
  <TestEntries>
    <TestEntry testId="7344a36e-2dc0-024a-706b-1db8bd933681" executionId="14163df0-d332-462a-8ff1-07304f44fead" testListId="8c84fa94-04c1-424b-9868-57a2d4851a1d" />
  </TestEntries>
  <Results>
    <UnitTestResult executionId="14163df0-d332-462a-8ff1-07304f44fead" testId="7344a36e-2dc0-024a-706b-1db8bd933681" testName="Retorna_Erro_quando_campos_obrigatorios_nao_sao_preenchidos" computerName="CFC-WINDOWS" duration="00:00:06.0424845" startTime="2013-12-06T21:53:49.2694420-02:00" endTime="2013-12-06T21:53:55.8085609-02:00" testType="13cdc9d9-ddb5-4fa4-a97d-d965ccfc6d4b" outcome="Failed" testListId="8c84fa94-04c1-424b-9868-57a2d4851a1d" relativeResultsDirectory="14163df0-d332-462a-8ff1-07304f44fead">
      <Output>
        <ErrorInfo>
          <Message>Test method SeleniumTests.TesteValidacoes.Retorna_Erro_quando_campos_obrigatorios_nao_sao_preenchidos threw exception: 
System.NullReferenceException: Referência de objeto não definida para uma instância de um objeto.</Message>
          <StackTrace>    em SeleniumTests.TesteValidacoes.Retorna_Erro_quando_campos_obrigatorios_nao_sao_preenchidos() na C:\Sedna\DojoInterfaceApplication\DojoInterfaceApplication.Tests\TesteValidacoes.cs:linha 29
</StackTrace>
        </ErrorInfo>
      </Output>
    </UnitTestResult>
  </Results>
</TestRun>