<?xml version="1.0" encoding="UTF-8"?>
<TestRun id="4894bf75-e963-4a74-9ec8-b3a02d7bfdc4" name="cfc@CFC-WINDOWS 2014-10-25 00:26:50" runUser="cfc-windows\cfc" xmlns="http://microsoft.com/schemas/VisualStudio/TeamTest/2010">
  <TestSettings name="Default Test Settings" id="663294cb-0d86-476f-b31d-9db9ed192f62">
    <Deployment runDeploymentRoot="cfc_CFC-WINDOWS 2014-10-25 00_26_50">
      <DeploymentItem filename="C:\TurmasTestes\PrimeiroDia - Preparado para comecar\Net\DojoInterfaceApplication\packages\Selenium.WebDriver.2.38.0\lib\net40\WebDriver.dll" />
      <DeploymentItem filename="C:\TurmasTestes\PrimeiroDia - Preparado para comecar\Net\DojoInterfaceApplication\packages\Selenium.Support.2.38.0\lib\net40\WebDriver.Support.dll" />
      <DeploymentItem filename="C:\TurmasTestes\PrimeiroDia - Preparado para comecar\Net\DojoInterfaceApplication\DojoInterfaceApplication\bin\DojoInterfaceApplication.dll" />
    </Deployment>
    <Execution>
      <TestTypeSpecific />
      <AgentRule name="Execution Agents">
      </AgentRule>
    </Execution>
  </TestSettings>
  <Times creation="2014-10-25T00:26:50.7926910-02:00" queuing="2014-10-25T00:26:52.0094932-02:00" start="2014-10-25T00:26:52.1498934-02:00" finish="2014-10-25T00:27:06.4260273-02:00" />
  <ResultSummary outcome="Failed">
    <Counters total="18" executed="18" passed="17" error="0" failed="1" timeout="0" aborted="0" inconclusive="0" passedButRunAborted="0" notRunnable="0" notExecuted="0" disconnected="0" warning="0" completed="0" inProgress="0" pending="0" />
  </ResultSummary>
  <TestDefinitions>
    <UnitTest name="LogOn_Get_ReturnsView" storage="c:\turmastestes\primeirodia - preparado para comecar\net\dojointerfaceapplication\dojointerfaceapplication.tests\bin\release\dojointerfaceapplication.tests.dll" id="142cdcfd-0ccf-00a9-cc49-0c360b8bd921">
      <Execution id="168eaa0f-1f1c-402e-9edf-f8e4346fe2af" />
      <TestMethod codeBase="C:/TurmasTestes/PrimeiroDia - Preparado para comecar/Net/DojoInterfaceApplication/DojoInterfaceApplication.Tests/bin/Release/DojoInterfaceApplication.Tests.DLL" adapterTypeName="Microsoft.VisualStudio.TestTools.TestTypes.Unit.UnitTestAdapter, Microsoft.VisualStudio.QualityTools.Tips.UnitTest.Adapter, Version=10.0.0.0, Culture=neutral, PublicKeyToken=b03f5f7f11d50a3a" className="DojoInterfaceApplication.Tests.Controllers.AccountControllerTest, DojoInterfaceApplication.Tests, Version=1.0.0.0, Culture=neutral, PublicKeyToken=null" name="LogOn_Get_ReturnsView" />
    </UnitTest>
    <UnitTest name="LogOn_Post_ReturnsRedirectOnSuccess_WithoutReturnUrl" storage="c:\turmastestes\primeirodia - preparado para comecar\net\dojointerfaceapplication\dojointerfaceapplication.tests\bin\release\dojointerfaceapplication.tests.dll" id="6636e3fb-e261-0687-6814-a40f8f82cc6a">
      <Execution id="446253c7-e8d4-42e0-a8ac-a163f983b3a6" />
      <TestMethod codeBase="C:/TurmasTestes/PrimeiroDia - Preparado para comecar/Net/DojoInterfaceApplication/DojoInterfaceApplication.Tests/bin/Release/DojoInterfaceApplication.Tests.DLL" adapterTypeName="Microsoft.VisualStudio.TestTools.TestTypes.Unit.UnitTestAdapter, Microsoft.VisualStudio.QualityTools.Tips.UnitTest.Adapter, Version=10.0.0.0, Culture=neutral, PublicKeyToken=b03f5f7f11d50a3a" className="DojoInterfaceApplication.Tests.Controllers.AccountControllerTest, DojoInterfaceApplication.Tests, Version=1.0.0.0, Culture=neutral, PublicKeyToken=null" name="LogOn_Post_ReturnsRedirectOnSuccess_WithoutReturnUrl" />
    </UnitTest>
    <UnitTest name="LogOff_LogsOutAndRedirects" storage="c:\turmastestes\primeirodia - preparado para comecar\net\dojointerfaceapplication\dojointerfaceapplication.tests\bin\release\dojointerfaceapplication.tests.dll" id="f491a977-fe2d-0a77-aca5-25e012322aff">
      <Execution id="9bc033af-9831-4073-8385-02aec15d3063" />
      <TestMethod codeBase="C:/TurmasTestes/PrimeiroDia - Preparado para comecar/Net/DojoInterfaceApplication/DojoInterfaceApplication.Tests/bin/Release/DojoInterfaceApplication.Tests.DLL" adapterTypeName="Microsoft.VisualStudio.TestTools.TestTypes.Unit.UnitTestAdapter, Microsoft.VisualStudio.QualityTools.Tips.UnitTest.Adapter, Version=10.0.0.0, Culture=neutral, PublicKeyToken=b03f5f7f11d50a3a" className="DojoInterfaceApplication.Tests.Controllers.AccountControllerTest, DojoInterfaceApplication.Tests, Version=1.0.0.0, Culture=neutral, PublicKeyToken=null" name="LogOff_LogsOutAndRedirects" />
    </UnitTest>
    <UnitTest name="Register_Get_ReturnsView" storage="c:\turmastestes\primeirodia - preparado para comecar\net\dojointerfaceapplication\dojointerfaceapplication.tests\bin\release\dojointerfaceapplication.tests.dll" id="44661c57-6dfc-66ad-17aa-975297c98c84">
      <Execution id="74e2dabc-766c-47de-b8ce-453b4378972f" />
      <TestMethod codeBase="C:/TurmasTestes/PrimeiroDia - Preparado para comecar/Net/DojoInterfaceApplication/DojoInterfaceApplication.Tests/bin/Release/DojoInterfaceApplication.Tests.DLL" adapterTypeName="Microsoft.VisualStudio.TestTools.TestTypes.Unit.UnitTestAdapter, Microsoft.VisualStudio.QualityTools.Tips.UnitTest.Adapter, Version=10.0.0.0, Culture=neutral, PublicKeyToken=b03f5f7f11d50a3a" className="DojoInterfaceApplication.Tests.Controllers.AccountControllerTest, DojoInterfaceApplication.Tests, Version=1.0.0.0, Culture=neutral, PublicKeyToken=null" name="Register_Get_ReturnsView" />
    </UnitTest>
    <UnitTest name="Register_Post_ReturnsViewIfModelStateIsInvalid" storage="c:\turmastestes\primeirodia - preparado para comecar\net\dojointerfaceapplication\dojointerfaceapplication.tests\bin\release\dojointerfaceapplication.tests.dll" id="d9be58a0-5971-0096-9697-dedb64d80b35">
      <Execution id="304c8994-a7c8-463a-a705-38199abebf9a" />
      <TestMethod codeBase="C:/TurmasTestes/PrimeiroDia - Preparado para comecar/Net/DojoInterfaceApplication/DojoInterfaceApplication.Tests/bin/Release/DojoInterfaceApplication.Tests.DLL" adapterTypeName="Microsoft.VisualStudio.TestTools.TestTypes.Unit.UnitTestAdapter, Microsoft.VisualStudio.QualityTools.Tips.UnitTest.Adapter, Version=10.0.0.0, Culture=neutral, PublicKeyToken=b03f5f7f11d50a3a" className="DojoInterfaceApplication.Tests.Controllers.AccountControllerTest, DojoInterfaceApplication.Tests, Version=1.0.0.0, Culture=neutral, PublicKeyToken=null" name="Register_Post_ReturnsViewIfModelStateIsInvalid" />
    </UnitTest>
    <UnitTest name="Register_Post_ReturnsViewIfRegistrationFails" storage="c:\turmastestes\primeirodia - preparado para comecar\net\dojointerfaceapplication\dojointerfaceapplication.tests\bin\release\dojointerfaceapplication.tests.dll" id="b119bad1-e0ad-d5e7-6ab2-c77a8b252d14">
      <Execution id="c95f4546-4eba-4fd8-833c-27541fd9d7cc" />
      <TestMethod codeBase="C:/TurmasTestes/PrimeiroDia - Preparado para comecar/Net/DojoInterfaceApplication/DojoInterfaceApplication.Tests/bin/Release/DojoInterfaceApplication.Tests.DLL" adapterTypeName="Microsoft.VisualStudio.TestTools.TestTypes.Unit.UnitTestAdapter, Microsoft.VisualStudio.QualityTools.Tips.UnitTest.Adapter, Version=10.0.0.0, Culture=neutral, PublicKeyToken=b03f5f7f11d50a3a" className="DojoInterfaceApplication.Tests.Controllers.AccountControllerTest, DojoInterfaceApplication.Tests, Version=1.0.0.0, Culture=neutral, PublicKeyToken=null" name="Register_Post_ReturnsViewIfRegistrationFails" />
    </UnitTest>
    <UnitTest name="LogOn_Post_ReturnsViewIfValidateUserFails" storage="c:\turmastestes\primeirodia - preparado para comecar\net\dojointerfaceapplication\dojointerfaceapplication.tests\bin\release\dojointerfaceapplication.tests.dll" id="bb5feb2e-c4be-09f1-6a2f-1f5dbaa2ff8b">
      <Execution id="96a7536a-7608-469f-a354-45bcf1173899" />
      <TestMethod codeBase="C:/TurmasTestes/PrimeiroDia - Preparado para comecar/Net/DojoInterfaceApplication/DojoInterfaceApplication.Tests/bin/Release/DojoInterfaceApplication.Tests.DLL" adapterTypeName="Microsoft.VisualStudio.TestTools.TestTypes.Unit.UnitTestAdapter, Microsoft.VisualStudio.QualityTools.Tips.UnitTest.Adapter, Version=10.0.0.0, Culture=neutral, PublicKeyToken=b03f5f7f11d50a3a" className="DojoInterfaceApplication.Tests.Controllers.AccountControllerTest, DojoInterfaceApplication.Tests, Version=1.0.0.0, Culture=neutral, PublicKeyToken=null" name="LogOn_Post_ReturnsViewIfValidateUserFails" />
    </UnitTest>
    <UnitTest name="LogOn_Post_ReturnsViewIfModelStateIsInvalid" storage="c:\turmastestes\primeirodia - preparado para comecar\net\dojointerfaceapplication\dojointerfaceapplication.tests\bin\release\dojointerfaceapplication.tests.dll" id="a0d13992-9142-726f-e7eb-b3bf5c5d15ce">
      <Execution id="c3016394-25fe-4475-840f-1eac43495a31" />
      <TestMethod codeBase="C:/TurmasTestes/PrimeiroDia - Preparado para comecar/Net/DojoInterfaceApplication/DojoInterfaceApplication.Tests/bin/Release/DojoInterfaceApplication.Tests.DLL" adapterTypeName="Microsoft.VisualStudio.TestTools.TestTypes.Unit.UnitTestAdapter, Microsoft.VisualStudio.QualityTools.Tips.UnitTest.Adapter, Version=10.0.0.0, Culture=neutral, PublicKeyToken=b03f5f7f11d50a3a" className="DojoInterfaceApplication.Tests.Controllers.AccountControllerTest, DojoInterfaceApplication.Tests, Version=1.0.0.0, Culture=neutral, PublicKeyToken=null" name="LogOn_Post_ReturnsViewIfModelStateIsInvalid" />
    </UnitTest>
    <UnitTest name="About" storage="c:\turmastestes\primeirodia - preparado para comecar\net\dojointerfaceapplication\dojointerfaceapplication.tests\bin\release\dojointerfaceapplication.tests.dll" id="995d5285-b062-2b9f-9217-85227074bf30">
      <Execution id="7f51e713-adfb-488e-846c-d84163573e87" />
      <TestMethod codeBase="C:/TurmasTestes/PrimeiroDia - Preparado para comecar/Net/DojoInterfaceApplication/DojoInterfaceApplication.Tests/bin/Release/DojoInterfaceApplication.Tests.DLL" adapterTypeName="Microsoft.VisualStudio.TestTools.TestTypes.Unit.UnitTestAdapter, Microsoft.VisualStudio.QualityTools.Tips.UnitTest.Adapter, Version=10.0.0.0, Culture=neutral, PublicKeyToken=b03f5f7f11d50a3a" className="DojoInterfaceApplication.Tests.Controllers.HomeControllerTest, DojoInterfaceApplication.Tests, Version=1.0.0.0, Culture=neutral, PublicKeyToken=null" name="About" />
    </UnitTest>
    <UnitTest name="Register_Post_ReturnsRedirectOnSuccess" storage="c:\turmastestes\primeirodia - preparado para comecar\net\dojointerfaceapplication\dojointerfaceapplication.tests\bin\release\dojointerfaceapplication.tests.dll" id="03fd7671-b56b-20bd-1546-9c3a23b342f0">
      <Execution id="8b1bf1f3-5266-483d-9961-5a379c044fa7" />
      <TestMethod codeBase="C:/TurmasTestes/PrimeiroDia - Preparado para comecar/Net/DojoInterfaceApplication/DojoInterfaceApplication.Tests/bin/Release/DojoInterfaceApplication.Tests.DLL" adapterTypeName="Microsoft.VisualStudio.TestTools.TestTypes.Unit.UnitTestAdapter, Microsoft.VisualStudio.QualityTools.Tips.UnitTest.Adapter, Version=10.0.0.0, Culture=neutral, PublicKeyToken=b03f5f7f11d50a3a" className="DojoInterfaceApplication.Tests.Controllers.AccountControllerTest, DojoInterfaceApplication.Tests, Version=1.0.0.0, Culture=neutral, PublicKeyToken=null" name="Register_Post_ReturnsRedirectOnSuccess" />
    </UnitTest>
    <UnitTest name="ChangePassword_Get_ReturnsView" storage="c:\turmastestes\primeirodia - preparado para comecar\net\dojointerfaceapplication\dojointerfaceapplication.tests\bin\release\dojointerfaceapplication.tests.dll" id="d8fc6ed0-efda-6664-babe-107d703d232b">
      <Execution id="ffdc6a20-83e4-4b35-a1a2-92b26c2301dd" />
      <TestMethod codeBase="C:/TurmasTestes/PrimeiroDia - Preparado para comecar/Net/DojoInterfaceApplication/DojoInterfaceApplication.Tests/bin/Release/DojoInterfaceApplication.Tests.DLL" adapterTypeName="Microsoft.VisualStudio.TestTools.TestTypes.Unit.UnitTestAdapter, Microsoft.VisualStudio.QualityTools.Tips.UnitTest.Adapter, Version=10.0.0.0, Culture=neutral, PublicKeyToken=b03f5f7f11d50a3a" className="DojoInterfaceApplication.Tests.Controllers.AccountControllerTest, DojoInterfaceApplication.Tests, Version=1.0.0.0, Culture=neutral, PublicKeyToken=null" name="ChangePassword_Get_ReturnsView" />
    </UnitTest>
    <UnitTest name="ChangePasswordSuccess_ReturnsView" storage="c:\turmastestes\primeirodia - preparado para comecar\net\dojointerfaceapplication\dojointerfaceapplication.tests\bin\release\dojointerfaceapplication.tests.dll" id="0a358c90-98d4-b6cf-ba34-f68ac37f6e24">
      <Execution id="7d943299-fc09-4272-a882-d1ecf695c1d2" />
      <TestMethod codeBase="C:/TurmasTestes/PrimeiroDia - Preparado para comecar/Net/DojoInterfaceApplication/DojoInterfaceApplication.Tests/bin/Release/DojoInterfaceApplication.Tests.DLL" adapterTypeName="Microsoft.VisualStudio.TestTools.TestTypes.Unit.UnitTestAdapter, Microsoft.VisualStudio.QualityTools.Tips.UnitTest.Adapter, Version=10.0.0.0, Culture=neutral, PublicKeyToken=b03f5f7f11d50a3a" className="DojoInterfaceApplication.Tests.Controllers.AccountControllerTest, DojoInterfaceApplication.Tests, Version=1.0.0.0, Culture=neutral, PublicKeyToken=null" name="ChangePasswordSuccess_ReturnsView" />
    </UnitTest>
    <UnitTest name="Index" storage="c:\turmastestes\primeirodia - preparado para comecar\net\dojointerfaceapplication\dojointerfaceapplication.tests\bin\release\dojointerfaceapplication.tests.dll" id="d057e1f7-bd14-a4d3-a207-4353a3135df3">
      <Execution id="71c7eee3-652b-4e68-860b-af98ae2cddbe" />
      <TestMethod codeBase="C:/TurmasTestes/PrimeiroDia - Preparado para comecar/Net/DojoInterfaceApplication/DojoInterfaceApplication.Tests/bin/Release/DojoInterfaceApplication.Tests.DLL" adapterTypeName="Microsoft.VisualStudio.TestTools.TestTypes.Unit.UnitTestAdapter, Microsoft.VisualStudio.QualityTools.Tips.UnitTest.Adapter, Version=10.0.0.0, Culture=neutral, PublicKeyToken=b03f5f7f11d50a3a" className="DojoInterfaceApplication.Tests.Controllers.HomeControllerTest, DojoInterfaceApplication.Tests, Version=1.0.0.0, Culture=neutral, PublicKeyToken=null" name="Index" />
    </UnitTest>
    <UnitTest name="ChangePassword_Post_ReturnsViewIfModelStateIsInvalid" storage="c:\turmastestes\primeirodia - preparado para comecar\net\dojointerfaceapplication\dojointerfaceapplication.tests\bin\release\dojointerfaceapplication.tests.dll" id="df78c223-266d-29a7-8f13-d4e0ab3a9b33">
      <Execution id="baef3ca6-4be5-4384-a605-6ea7ce154b2a" />
      <TestMethod codeBase="C:/TurmasTestes/PrimeiroDia - Preparado para comecar/Net/DojoInterfaceApplication/DojoInterfaceApplication.Tests/bin/Release/DojoInterfaceApplication.Tests.DLL" adapterTypeName="Microsoft.VisualStudio.TestTools.TestTypes.Unit.UnitTestAdapter, Microsoft.VisualStudio.QualityTools.Tips.UnitTest.Adapter, Version=10.0.0.0, Culture=neutral, PublicKeyToken=b03f5f7f11d50a3a" className="DojoInterfaceApplication.Tests.Controllers.AccountControllerTest, DojoInterfaceApplication.Tests, Version=1.0.0.0, Culture=neutral, PublicKeyToken=null" name="ChangePassword_Post_ReturnsViewIfModelStateIsInvalid" />
    </UnitTest>
    <UnitTest name="Retorna_Erro_quando_campos_obrigatorios_nao_sao_preenchidos" storage="c:\turmastestes\primeirodia - preparado para comecar\net\dojointerfaceapplication\dojointerfaceapplication.tests\bin\release\dojointerfaceapplication.tests.dll" id="7344a36e-2dc0-024a-706b-1db8bd933681">
      <Execution id="4ccb41fd-53f9-47ab-90df-75fbaf125239" />
      <TestMethod codeBase="C:/TurmasTestes/PrimeiroDia - Preparado para comecar/Net/DojoInterfaceApplication/DojoInterfaceApplication.Tests/bin/Release/DojoInterfaceApplication.Tests.DLL" adapterTypeName="Microsoft.VisualStudio.TestTools.TestTypes.Unit.UnitTestAdapter, Microsoft.VisualStudio.QualityTools.Tips.UnitTest.Adapter, Version=10.0.0.0, Culture=neutral, PublicKeyToken=b03f5f7f11d50a3a" className="SeleniumTests.TesteValidacoes, DojoInterfaceApplication.Tests, Version=1.0.0.0, Culture=neutral, PublicKeyToken=null" name="Retorna_Erro_quando_campos_obrigatorios_nao_sao_preenchidos" />
    </UnitTest>
    <UnitTest name="ChangePassword_Post_ReturnsViewIfChangePasswordFails" storage="c:\turmastestes\primeirodia - preparado para comecar\net\dojointerfaceapplication\dojointerfaceapplication.tests\bin\release\dojointerfaceapplication.tests.dll" id="f2e81b66-970e-72fa-339f-62f516a6d647">
      <Execution id="85c76691-87c6-4e68-a8b6-61c4ccb49b2a" />
      <TestMethod codeBase="C:/TurmasTestes/PrimeiroDia - Preparado para comecar/Net/DojoInterfaceApplication/DojoInterfaceApplication.Tests/bin/Release/DojoInterfaceApplication.Tests.DLL" adapterTypeName="Microsoft.VisualStudio.TestTools.TestTypes.Unit.UnitTestAdapter, Microsoft.VisualStudio.QualityTools.Tips.UnitTest.Adapter, Version=10.0.0.0, Culture=neutral, PublicKeyToken=b03f5f7f11d50a3a" className="DojoInterfaceApplication.Tests.Controllers.AccountControllerTest, DojoInterfaceApplication.Tests, Version=1.0.0.0, Culture=neutral, PublicKeyToken=null" name="ChangePassword_Post_ReturnsViewIfChangePasswordFails" />
    </UnitTest>
    <UnitTest name="ChangePassword_Post_ReturnsRedirectOnSuccess" storage="c:\turmastestes\primeirodia - preparado para comecar\net\dojointerfaceapplication\dojointerfaceapplication.tests\bin\release\dojointerfaceapplication.tests.dll" id="b83d12d6-733d-76b1-0e4f-cb3574321336">
      <Execution id="05524173-dd75-4869-a110-e24638089584" />
      <TestMethod codeBase="C:/TurmasTestes/PrimeiroDia - Preparado para comecar/Net/DojoInterfaceApplication/DojoInterfaceApplication.Tests/bin/Release/DojoInterfaceApplication.Tests.DLL" adapterTypeName="Microsoft.VisualStudio.TestTools.TestTypes.Unit.UnitTestAdapter, Microsoft.VisualStudio.QualityTools.Tips.UnitTest.Adapter, Version=10.0.0.0, Culture=neutral, PublicKeyToken=b03f5f7f11d50a3a" className="DojoInterfaceApplication.Tests.Controllers.AccountControllerTest, DojoInterfaceApplication.Tests, Version=1.0.0.0, Culture=neutral, PublicKeyToken=null" name="ChangePassword_Post_ReturnsRedirectOnSuccess" />
    </UnitTest>
    <UnitTest name="LogOn_Post_ReturnsRedirectOnSuccess_WithReturnUrl" storage="c:\turmastestes\primeirodia - preparado para comecar\net\dojointerfaceapplication\dojointerfaceapplication.tests\bin\release\dojointerfaceapplication.tests.dll" id="53c51367-a902-d0de-4141-45af555f03c9">
      <Execution id="a092df51-5b86-4a39-813d-f6d0ffb84e65" />
      <TestMethod codeBase="C:/TurmasTestes/PrimeiroDia - Preparado para comecar/Net/DojoInterfaceApplication/DojoInterfaceApplication.Tests/bin/Release/DojoInterfaceApplication.Tests.DLL" adapterTypeName="Microsoft.VisualStudio.TestTools.TestTypes.Unit.UnitTestAdapter, Microsoft.VisualStudio.QualityTools.Tips.UnitTest.Adapter, Version=10.0.0.0, Culture=neutral, PublicKeyToken=b03f5f7f11d50a3a" className="DojoInterfaceApplication.Tests.Controllers.AccountControllerTest, DojoInterfaceApplication.Tests, Version=1.0.0.0, Culture=neutral, PublicKeyToken=null" name="LogOn_Post_ReturnsRedirectOnSuccess_WithReturnUrl" />
    </UnitTest>
  </TestDefinitions>
  <TestLists>
    <TestList name="Results Not in a List" id="8c84fa94-04c1-424b-9868-57a2d4851a1d" />
    <TestList name="All Loaded Results" id="19431567-8539-422a-85d7-44ee4e166bda" />
  </TestLists>
  <TestEntries>
    <TestEntry testId="03fd7671-b56b-20bd-1546-9c3a23b342f0" executionId="8b1bf1f3-5266-483d-9961-5a379c044fa7" testListId="8c84fa94-04c1-424b-9868-57a2d4851a1d" />
    <TestEntry testId="0a358c90-98d4-b6cf-ba34-f68ac37f6e24" executionId="7d943299-fc09-4272-a882-d1ecf695c1d2" testListId="8c84fa94-04c1-424b-9868-57a2d4851a1d" />
    <TestEntry testId="142cdcfd-0ccf-00a9-cc49-0c360b8bd921" executionId="168eaa0f-1f1c-402e-9edf-f8e4346fe2af" testListId="8c84fa94-04c1-424b-9868-57a2d4851a1d" />
    <TestEntry testId="44661c57-6dfc-66ad-17aa-975297c98c84" executionId="74e2dabc-766c-47de-b8ce-453b4378972f" testListId="8c84fa94-04c1-424b-9868-57a2d4851a1d" />
    <TestEntry testId="53c51367-a902-d0de-4141-45af555f03c9" executionId="a092df51-5b86-4a39-813d-f6d0ffb84e65" testListId="8c84fa94-04c1-424b-9868-57a2d4851a1d" />
    <TestEntry testId="6636e3fb-e261-0687-6814-a40f8f82cc6a" executionId="446253c7-e8d4-42e0-a8ac-a163f983b3a6" testListId="8c84fa94-04c1-424b-9868-57a2d4851a1d" />
    <TestEntry testId="7344a36e-2dc0-024a-706b-1db8bd933681" executionId="4ccb41fd-53f9-47ab-90df-75fbaf125239" testListId="8c84fa94-04c1-424b-9868-57a2d4851a1d" />
    <TestEntry testId="995d5285-b062-2b9f-9217-85227074bf30" executionId="7f51e713-adfb-488e-846c-d84163573e87" testListId="8c84fa94-04c1-424b-9868-57a2d4851a1d" />
    <TestEntry testId="a0d13992-9142-726f-e7eb-b3bf5c5d15ce" executionId="c3016394-25fe-4475-840f-1eac43495a31" testListId="8c84fa94-04c1-424b-9868-57a2d4851a1d" />
    <TestEntry testId="b119bad1-e0ad-d5e7-6ab2-c77a8b252d14" executionId="c95f4546-4eba-4fd8-833c-27541fd9d7cc" testListId="8c84fa94-04c1-424b-9868-57a2d4851a1d" />
    <TestEntry testId="b83d12d6-733d-76b1-0e4f-cb3574321336" executionId="05524173-dd75-4869-a110-e24638089584" testListId="8c84fa94-04c1-424b-9868-57a2d4851a1d" />
    <TestEntry testId="bb5feb2e-c4be-09f1-6a2f-1f5dbaa2ff8b" executionId="96a7536a-7608-469f-a354-45bcf1173899" testListId="8c84fa94-04c1-424b-9868-57a2d4851a1d" />
    <TestEntry testId="d057e1f7-bd14-a4d3-a207-4353a3135df3" executionId="71c7eee3-652b-4e68-860b-af98ae2cddbe" testListId="8c84fa94-04c1-424b-9868-57a2d4851a1d" />
    <TestEntry testId="d8fc6ed0-efda-6664-babe-107d703d232b" executionId="ffdc6a20-83e4-4b35-a1a2-92b26c2301dd" testListId="8c84fa94-04c1-424b-9868-57a2d4851a1d" />
    <TestEntry testId="d9be58a0-5971-0096-9697-dedb64d80b35" executionId="304c8994-a7c8-463a-a705-38199abebf9a" testListId="8c84fa94-04c1-424b-9868-57a2d4851a1d" />
    <TestEntry testId="df78c223-266d-29a7-8f13-d4e0ab3a9b33" executionId="baef3ca6-4be5-4384-a605-6ea7ce154b2a" testListId="8c84fa94-04c1-424b-9868-57a2d4851a1d" />
    <TestEntry testId="f2e81b66-970e-72fa-339f-62f516a6d647" executionId="85c76691-87c6-4e68-a8b6-61c4ccb49b2a" testListId="8c84fa94-04c1-424b-9868-57a2d4851a1d" />
    <TestEntry testId="f491a977-fe2d-0a77-aca5-25e012322aff" executionId="9bc033af-9831-4073-8385-02aec15d3063" testListId="8c84fa94-04c1-424b-9868-57a2d4851a1d" />
  </TestEntries>
  <Results>
    <UnitTestResult executionId="8b1bf1f3-5266-483d-9961-5a379c044fa7" testId="03fd7671-b56b-20bd-1546-9c3a23b342f0" testName="Register_Post_ReturnsRedirectOnSuccess" computerName="CFC-WINDOWS" duration="00:00:00.0576103" startTime="2014-10-25T00:26:52.1654934-02:00" endTime="2014-10-25T00:26:56.0655003-02:00" testType="13cdc9d9-ddb5-4fa4-a97d-d965ccfc6d4b" outcome="Passed" testListId="8c84fa94-04c1-424b-9868-57a2d4851a1d" relativeResultsDirectory="8b1bf1f3-5266-483d-9961-5a379c044fa7">
    </UnitTestResult>
    <UnitTestResult executionId="7d943299-fc09-4272-a882-d1ecf695c1d2" testId="0a358c90-98d4-b6cf-ba34-f68ac37f6e24" testName="ChangePasswordSuccess_ReturnsView" computerName="CFC-WINDOWS" duration="00:00:00.0043236" startTime="2014-10-25T00:26:56.0655003-02:00" endTime="2014-10-25T00:26:56.0655003-02:00" testType="13cdc9d9-ddb5-4fa4-a97d-d965ccfc6d4b" outcome="Passed" testListId="8c84fa94-04c1-424b-9868-57a2d4851a1d" relativeResultsDirectory="7d943299-fc09-4272-a882-d1ecf695c1d2">
    </UnitTestResult>
    <UnitTestResult executionId="168eaa0f-1f1c-402e-9edf-f8e4346fe2af" testId="142cdcfd-0ccf-00a9-cc49-0c360b8bd921" testName="LogOn_Get_ReturnsView" computerName="CFC-WINDOWS" duration="00:00:00.0003618" startTime="2014-10-25T00:26:56.0655003-02:00" endTime="2014-10-25T00:26:56.0811003-02:00" testType="13cdc9d9-ddb5-4fa4-a97d-d965ccfc6d4b" outcome="Passed" testListId="8c84fa94-04c1-424b-9868-57a2d4851a1d" relativeResultsDirectory="168eaa0f-1f1c-402e-9edf-f8e4346fe2af">
    </UnitTestResult>
    <UnitTestResult executionId="74e2dabc-766c-47de-b8ce-453b4378972f" testId="44661c57-6dfc-66ad-17aa-975297c98c84" testName="Register_Get_ReturnsView" computerName="CFC-WINDOWS" duration="00:00:00.0014952" startTime="2014-10-25T00:26:56.0811003-02:00" endTime="2014-10-25T00:26:56.0811003-02:00" testType="13cdc9d9-ddb5-4fa4-a97d-d965ccfc6d4b" outcome="Passed" testListId="8c84fa94-04c1-424b-9868-57a2d4851a1d" relativeResultsDirectory="74e2dabc-766c-47de-b8ce-453b4378972f">
    </UnitTestResult>
    <UnitTestResult executionId="a092df51-5b86-4a39-813d-f6d0ffb84e65" testId="53c51367-a902-d0de-4141-45af555f03c9" testName="LogOn_Post_ReturnsRedirectOnSuccess_WithReturnUrl" computerName="CFC-WINDOWS" duration="00:00:00.0023121" startTime="2014-10-25T00:26:56.0811003-02:00" endTime="2014-10-25T00:26:56.0967003-02:00" testType="13cdc9d9-ddb5-4fa4-a97d-d965ccfc6d4b" outcome="Passed" testListId="8c84fa94-04c1-424b-9868-57a2d4851a1d" relativeResultsDirectory="a092df51-5b86-4a39-813d-f6d0ffb84e65">
    </UnitTestResult>
    <UnitTestResult executionId="446253c7-e8d4-42e0-a8ac-a163f983b3a6" testId="6636e3fb-e261-0687-6814-a40f8f82cc6a" testName="LogOn_Post_ReturnsRedirectOnSuccess_WithoutReturnUrl" computerName="CFC-WINDOWS" duration="00:00:00.0007877" startTime="2014-10-25T00:26:56.0967003-02:00" endTime="2014-10-25T00:26:56.0967003-02:00" testType="13cdc9d9-ddb5-4fa4-a97d-d965ccfc6d4b" outcome="Passed" testListId="8c84fa94-04c1-424b-9868-57a2d4851a1d" relativeResultsDirectory="446253c7-e8d4-42e0-a8ac-a163f983b3a6">
    </UnitTestResult>
    <UnitTestResult executionId="4ccb41fd-53f9-47ab-90df-75fbaf125239" testId="7344a36e-2dc0-024a-706b-1db8bd933681" testName="Retorna_Erro_quando_campos_obrigatorios_nao_sao_preenchidos" computerName="CFC-WINDOWS" duration="00:00:10.0639677" startTime="2014-10-25T00:26:56.0967003-02:00" endTime="2014-10-25T00:27:06.1764269-02:00" testType="13cdc9d9-ddb5-4fa4-a97d-d965ccfc6d4b" outcome="Passed" testListId="8c84fa94-04c1-424b-9868-57a2d4851a1d" relativeResultsDirectory="4ccb41fd-53f9-47ab-90df-75fbaf125239">
    </UnitTestResult>
    <UnitTestResult executionId="7f51e713-adfb-488e-846c-d84163573e87" testId="995d5285-b062-2b9f-9217-85227074bf30" testName="About" computerName="CFC-WINDOWS" duration="00:00:00.0007338" startTime="2014-10-25T00:27:06.1764269-02:00" endTime="2014-10-25T00:27:06.1764269-02:00" testType="13cdc9d9-ddb5-4fa4-a97d-d965ccfc6d4b" outcome="Passed" testListId="8c84fa94-04c1-424b-9868-57a2d4851a1d" relativeResultsDirectory="7f51e713-adfb-488e-846c-d84163573e87">
    </UnitTestResult>
    <UnitTestResult executionId="c3016394-25fe-4475-840f-1eac43495a31" testId="a0d13992-9142-726f-e7eb-b3bf5c5d15ce" testName="LogOn_Post_ReturnsViewIfModelStateIsInvalid" computerName="CFC-WINDOWS" duration="00:00:00.0020435" startTime="2014-10-25T00:27:06.1920269-02:00" endTime="2014-10-25T00:27:06.1920269-02:00" testType="13cdc9d9-ddb5-4fa4-a97d-d965ccfc6d4b" outcome="Passed" testListId="8c84fa94-04c1-424b-9868-57a2d4851a1d" relativeResultsDirectory="c3016394-25fe-4475-840f-1eac43495a31">
    </UnitTestResult>
    <UnitTestResult executionId="c95f4546-4eba-4fd8-833c-27541fd9d7cc" testId="b119bad1-e0ad-d5e7-6ab2-c77a8b252d14" testName="Register_Post_ReturnsViewIfRegistrationFails" computerName="CFC-WINDOWS" duration="00:00:00.0013931" startTime="2014-10-25T00:27:06.1920269-02:00" endTime="2014-10-25T00:27:06.1920269-02:00" testType="13cdc9d9-ddb5-4fa4-a97d-d965ccfc6d4b" outcome="Passed" testListId="8c84fa94-04c1-424b-9868-57a2d4851a1d" relativeResultsDirectory="c95f4546-4eba-4fd8-833c-27541fd9d7cc">
    </UnitTestResult>
    <UnitTestResult executionId="05524173-dd75-4869-a110-e24638089584" testId="b83d12d6-733d-76b1-0e4f-cb3574321336" testName="ChangePassword_Post_ReturnsRedirectOnSuccess" computerName="CFC-WINDOWS" duration="00:00:00.0044071" startTime="2014-10-25T00:27:06.1920269-02:00" endTime="2014-10-25T00:27:06.2076270-02:00" testType="13cdc9d9-ddb5-4fa4-a97d-d965ccfc6d4b" outcome="Passed" testListId="8c84fa94-04c1-424b-9868-57a2d4851a1d" relativeResultsDirectory="05524173-dd75-4869-a110-e24638089584">
    </UnitTestResult>
    <UnitTestResult executionId="96a7536a-7608-469f-a354-45bcf1173899" testId="bb5feb2e-c4be-09f1-6a2f-1f5dbaa2ff8b" testName="LogOn_Post_ReturnsViewIfValidateUserFails" computerName="CFC-WINDOWS" duration="00:00:00.0009198" startTime="2014-10-25T00:27:06.2076270-02:00" endTime="2014-10-25T00:27:06.2076270-02:00" testType="13cdc9d9-ddb5-4fa4-a97d-d965ccfc6d4b" outcome="Passed" testListId="8c84fa94-04c1-424b-9868-57a2d4851a1d" relativeResultsDirectory="96a7536a-7608-469f-a354-45bcf1173899">
    </UnitTestResult>
    <UnitTestResult executionId="71c7eee3-652b-4e68-860b-af98ae2cddbe" testId="d057e1f7-bd14-a4d3-a207-4353a3135df3" testName="Index" computerName="CFC-WINDOWS" duration="00:00:00.0628574" startTime="2014-10-25T00:27:06.2076270-02:00" endTime="2014-10-25T00:27:06.2856271-02:00" testType="13cdc9d9-ddb5-4fa4-a97d-d965ccfc6d4b" outcome="Failed" testListId="8c84fa94-04c1-424b-9868-57a2d4851a1d" relativeResultsDirectory="71c7eee3-652b-4e68-860b-af98ae2cddbe">
      <Output>
        <ErrorInfo>
          <Message>Assert.AreEqual failed. Expected:&lt;Welcome to ASP.NET MVC!&gt;. Actual:&lt;Bem-vindos ao Dojo de Interface, usando o wizard de projeto do VS2010&gt;. </Message>
          <StackTrace>   em DojoInterfaceApplication.Tests.Controllers.HomeControllerTest.Index() na C:\TurmasTestes\PrimeiroDia - Preparado para comecar\Net\DojoInterfaceApplication\DojoInterfaceApplication.Tests\Controllers\HomeControllerTest.cs:linha 26
</StackTrace>
        </ErrorInfo>
      </Output>
    </UnitTestResult>
    <UnitTestResult executionId="ffdc6a20-83e4-4b35-a1a2-92b26c2301dd" testId="d8fc6ed0-efda-6664-babe-107d703d232b" testName="ChangePassword_Get_ReturnsView" computerName="CFC-WINDOWS" duration="00:00:00.0012298" startTime="2014-10-25T00:27:06.2856271-02:00" endTime="2014-10-25T00:27:06.2856271-02:00" testType="13cdc9d9-ddb5-4fa4-a97d-d965ccfc6d4b" outcome="Passed" testListId="8c84fa94-04c1-424b-9868-57a2d4851a1d" relativeResultsDirectory="ffdc6a20-83e4-4b35-a1a2-92b26c2301dd">
    </UnitTestResult>
    <UnitTestResult executionId="304c8994-a7c8-463a-a705-38199abebf9a" testId="d9be58a0-5971-0096-9697-dedb64d80b35" testName="Register_Post_ReturnsViewIfModelStateIsInvalid" computerName="CFC-WINDOWS" duration="00:00:00.0011654" startTime="2014-10-25T00:27:06.2856271-02:00" endTime="2014-10-25T00:27:06.3012271-02:00" testType="13cdc9d9-ddb5-4fa4-a97d-d965ccfc6d4b" outcome="Passed" testListId="8c84fa94-04c1-424b-9868-57a2d4851a1d" relativeResultsDirectory="304c8994-a7c8-463a-a705-38199abebf9a">
    </UnitTestResult>
    <UnitTestResult executionId="baef3ca6-4be5-4384-a605-6ea7ce154b2a" testId="df78c223-266d-29a7-8f13-d4e0ab3a9b33" testName="ChangePassword_Post_ReturnsViewIfModelStateIsInvalid" computerName="CFC-WINDOWS" duration="00:00:00.0016443" startTime="2014-10-25T00:27:06.3012271-02:00" endTime="2014-10-25T00:27:06.3012271-02:00" testType="13cdc9d9-ddb5-4fa4-a97d-d965ccfc6d4b" outcome="Passed" testListId="8c84fa94-04c1-424b-9868-57a2d4851a1d" relativeResultsDirectory="baef3ca6-4be5-4384-a605-6ea7ce154b2a">
    </UnitTestResult>
    <UnitTestResult executionId="85c76691-87c6-4e68-a8b6-61c4ccb49b2a" testId="f2e81b66-970e-72fa-339f-62f516a6d647" testName="ChangePassword_Post_ReturnsViewIfChangePasswordFails" computerName="CFC-WINDOWS" duration="00:00:00.0015057" startTime="2014-10-25T00:27:06.3012271-02:00" endTime="2014-10-25T00:27:06.3168272-02:00" testType="13cdc9d9-ddb5-4fa4-a97d-d965ccfc6d4b" outcome="Passed" testListId="8c84fa94-04c1-424b-9868-57a2d4851a1d" relativeResultsDirectory="85c76691-87c6-4e68-a8b6-61c4ccb49b2a">
    </UnitTestResult>
    <UnitTestResult executionId="9bc033af-9831-4073-8385-02aec15d3063" testId="f491a977-fe2d-0a77-aca5-25e012322aff" testName="LogOff_LogsOutAndRedirects" computerName="CFC-WINDOWS" duration="00:00:00.0008460" startTime="2014-10-25T00:27:06.3168272-02:00" endTime="2014-10-25T00:27:06.3168272-02:00" testType="13cdc9d9-ddb5-4fa4-a97d-d965ccfc6d4b" outcome="Passed" testListId="8c84fa94-04c1-424b-9868-57a2d4851a1d" relativeResultsDirectory="9bc033af-9831-4073-8385-02aec15d3063">
    </UnitTestResult>
  </Results>
</TestRun>