<?xml version="1.0" encoding="UTF-8"?>
<TestRun id="3838290d-6443-45fc-b3e9-41ab04449e97" name="cfc@CFC-WINDOWS 2013-12-06 21:48:51" runUser="cfc-windows\cfc" xmlns="http://microsoft.com/schemas/VisualStudio/TeamTest/2010">
  <TestSettings name="Default Test Settings" id="0e71d906-e950-470e-a7df-93d261678668">
    <Deployment runDeploymentRoot="cfc_CFC-WINDOWS 2013-12-06 21_48_51">
      <DeploymentItem filename="C:\Sedna\DojoInterfaceApplication\DojoInterfaceApplication\bin\DojoInterfaceApplication.dll" />
      <DeploymentItem filename="C:\Sedna\DojoInterfaceApplication\packages\Selenium.WebDriver.2.38.0\lib\net40\WebDriver.dll" />
      <DeploymentItem filename="C:\Sedna\DojoInterfaceApplication\packages\Selenium.Support.2.38.0\lib\net40\WebDriver.Support.dll" />
    </Deployment>
    <Execution>
      <TestTypeSpecific />
      <AgentRule name="Execution Agents">
      </AgentRule>
    </Execution>
  </TestSettings>
  <Times creation="2013-12-06T21:48:51.3717984-02:00" queuing="2013-12-06T21:48:51.5076036-02:00" start="2013-12-06T21:48:51.5544036-02:00" finish="2013-12-06T21:49:03.7868252-02:00" />
  <ResultSummary outcome="Failed">
    <Counters total="18" executed="18" passed="16" error="0" failed="2" timeout="0" aborted="0" inconclusive="0" passedButRunAborted="0" notRunnable="0" notExecuted="0" disconnected="0" warning="0" completed="0" inProgress="0" pending="0" />
  </ResultSummary>
  <TestDefinitions>
    <UnitTest name="LogOn_Get_ReturnsView" storage="c:\sedna\dojointerfaceapplication\dojointerfaceapplication.tests\bin\release\dojointerfaceapplication.tests.dll" id="142cdcfd-0ccf-00a9-cc49-0c360b8bd921">
      <Execution id="54b205ef-3156-424f-bcaa-228f19d102dc" />
      <TestMethod codeBase="C:/Sedna/DojoInterfaceApplication/DojoInterfaceApplication.Tests/bin/Release/DojoInterfaceApplication.Tests.DLL" adapterTypeName="Microsoft.VisualStudio.TestTools.TestTypes.Unit.UnitTestAdapter, Microsoft.VisualStudio.QualityTools.Tips.UnitTest.Adapter, Version=10.0.0.0, Culture=neutral, PublicKeyToken=b03f5f7f11d50a3a" className="DojoInterfaceApplication.Tests.Controllers.AccountControllerTest, DojoInterfaceApplication.Tests, Version=1.0.0.0, Culture=neutral, PublicKeyToken=null" name="LogOn_Get_ReturnsView" />
    </UnitTest>
    <UnitTest name="LogOn_Post_ReturnsRedirectOnSuccess_WithoutReturnUrl" storage="c:\sedna\dojointerfaceapplication\dojointerfaceapplication.tests\bin\release\dojointerfaceapplication.tests.dll" id="6636e3fb-e261-0687-6814-a40f8f82cc6a">
      <Execution id="86155e4f-7eb7-4a9d-b077-8d452648b121" />
      <TestMethod codeBase="C:/Sedna/DojoInterfaceApplication/DojoInterfaceApplication.Tests/bin/Release/DojoInterfaceApplication.Tests.DLL" adapterTypeName="Microsoft.VisualStudio.TestTools.TestTypes.Unit.UnitTestAdapter, Microsoft.VisualStudio.QualityTools.Tips.UnitTest.Adapter, Version=10.0.0.0, Culture=neutral, PublicKeyToken=b03f5f7f11d50a3a" className="DojoInterfaceApplication.Tests.Controllers.AccountControllerTest, DojoInterfaceApplication.Tests, Version=1.0.0.0, Culture=neutral, PublicKeyToken=null" name="LogOn_Post_ReturnsRedirectOnSuccess_WithoutReturnUrl" />
    </UnitTest>
    <UnitTest name="LogOff_LogsOutAndRedirects" storage="c:\sedna\dojointerfaceapplication\dojointerfaceapplication.tests\bin\release\dojointerfaceapplication.tests.dll" id="f491a977-fe2d-0a77-aca5-25e012322aff">
      <Execution id="06ba6b9e-fc3d-435b-91fd-9f084cbf1e64" />
      <TestMethod codeBase="C:/Sedna/DojoInterfaceApplication/DojoInterfaceApplication.Tests/bin/Release/DojoInterfaceApplication.Tests.DLL" adapterTypeName="Microsoft.VisualStudio.TestTools.TestTypes.Unit.UnitTestAdapter, Microsoft.VisualStudio.QualityTools.Tips.UnitTest.Adapter, Version=10.0.0.0, Culture=neutral, PublicKeyToken=b03f5f7f11d50a3a" className="DojoInterfaceApplication.Tests.Controllers.AccountControllerTest, DojoInterfaceApplication.Tests, Version=1.0.0.0, Culture=neutral, PublicKeyToken=null" name="LogOff_LogsOutAndRedirects" />
    </UnitTest>
    <UnitTest name="Register_Get_ReturnsView" storage="c:\sedna\dojointerfaceapplication\dojointerfaceapplication.tests\bin\release\dojointerfaceapplication.tests.dll" id="44661c57-6dfc-66ad-17aa-975297c98c84">
      <Execution id="265d1fe1-cf88-4a5b-bcc2-e74501a9baa4" />
      <TestMethod codeBase="C:/Sedna/DojoInterfaceApplication/DojoInterfaceApplication.Tests/bin/Release/DojoInterfaceApplication.Tests.DLL" adapterTypeName="Microsoft.VisualStudio.TestTools.TestTypes.Unit.UnitTestAdapter, Microsoft.VisualStudio.QualityTools.Tips.UnitTest.Adapter, Version=10.0.0.0, Culture=neutral, PublicKeyToken=b03f5f7f11d50a3a" className="DojoInterfaceApplication.Tests.Controllers.AccountControllerTest, DojoInterfaceApplication.Tests, Version=1.0.0.0, Culture=neutral, PublicKeyToken=null" name="Register_Get_ReturnsView" />
    </UnitTest>
    <UnitTest name="Register_Post_ReturnsViewIfModelStateIsInvalid" storage="c:\sedna\dojointerfaceapplication\dojointerfaceapplication.tests\bin\release\dojointerfaceapplication.tests.dll" id="d9be58a0-5971-0096-9697-dedb64d80b35">
      <Execution id="937603a2-052e-4074-84f9-73b9583477f7" />
      <TestMethod codeBase="C:/Sedna/DojoInterfaceApplication/DojoInterfaceApplication.Tests/bin/Release/DojoInterfaceApplication.Tests.DLL" adapterTypeName="Microsoft.VisualStudio.TestTools.TestTypes.Unit.UnitTestAdapter, Microsoft.VisualStudio.QualityTools.Tips.UnitTest.Adapter, Version=10.0.0.0, Culture=neutral, PublicKeyToken=b03f5f7f11d50a3a" className="DojoInterfaceApplication.Tests.Controllers.AccountControllerTest, DojoInterfaceApplication.Tests, Version=1.0.0.0, Culture=neutral, PublicKeyToken=null" name="Register_Post_ReturnsViewIfModelStateIsInvalid" />
    </UnitTest>
    <UnitTest name="Register_Post_ReturnsViewIfRegistrationFails" storage="c:\sedna\dojointerfaceapplication\dojointerfaceapplication.tests\bin\release\dojointerfaceapplication.tests.dll" id="b119bad1-e0ad-d5e7-6ab2-c77a8b252d14">
      <Execution id="ce36e07b-d847-41dd-b83e-028cbef0f2d7" />
      <TestMethod codeBase="C:/Sedna/DojoInterfaceApplication/DojoInterfaceApplication.Tests/bin/Release/DojoInterfaceApplication.Tests.DLL" adapterTypeName="Microsoft.VisualStudio.TestTools.TestTypes.Unit.UnitTestAdapter, Microsoft.VisualStudio.QualityTools.Tips.UnitTest.Adapter, Version=10.0.0.0, Culture=neutral, PublicKeyToken=b03f5f7f11d50a3a" className="DojoInterfaceApplication.Tests.Controllers.AccountControllerTest, DojoInterfaceApplication.Tests, Version=1.0.0.0, Culture=neutral, PublicKeyToken=null" name="Register_Post_ReturnsViewIfRegistrationFails" />
    </UnitTest>
    <UnitTest name="LogOn_Post_ReturnsViewIfValidateUserFails" storage="c:\sedna\dojointerfaceapplication\dojointerfaceapplication.tests\bin\release\dojointerfaceapplication.tests.dll" id="bb5feb2e-c4be-09f1-6a2f-1f5dbaa2ff8b">
      <Execution id="da5328fc-6dff-442d-836f-b4159cbb00fb" />
      <TestMethod codeBase="C:/Sedna/DojoInterfaceApplication/DojoInterfaceApplication.Tests/bin/Release/DojoInterfaceApplication.Tests.DLL" adapterTypeName="Microsoft.VisualStudio.TestTools.TestTypes.Unit.UnitTestAdapter, Microsoft.VisualStudio.QualityTools.Tips.UnitTest.Adapter, Version=10.0.0.0, Culture=neutral, PublicKeyToken=b03f5f7f11d50a3a" className="DojoInterfaceApplication.Tests.Controllers.AccountControllerTest, DojoInterfaceApplication.Tests, Version=1.0.0.0, Culture=neutral, PublicKeyToken=null" name="LogOn_Post_ReturnsViewIfValidateUserFails" />
    </UnitTest>
    <UnitTest name="LogOn_Post_ReturnsViewIfModelStateIsInvalid" storage="c:\sedna\dojointerfaceapplication\dojointerfaceapplication.tests\bin\release\dojointerfaceapplication.tests.dll" id="a0d13992-9142-726f-e7eb-b3bf5c5d15ce">
      <Execution id="813fef8e-4ab8-4177-8ffe-29d485f9dc90" />
      <TestMethod codeBase="C:/Sedna/DojoInterfaceApplication/DojoInterfaceApplication.Tests/bin/Release/DojoInterfaceApplication.Tests.DLL" adapterTypeName="Microsoft.VisualStudio.TestTools.TestTypes.Unit.UnitTestAdapter, Microsoft.VisualStudio.QualityTools.Tips.UnitTest.Adapter, Version=10.0.0.0, Culture=neutral, PublicKeyToken=b03f5f7f11d50a3a" className="DojoInterfaceApplication.Tests.Controllers.AccountControllerTest, DojoInterfaceApplication.Tests, Version=1.0.0.0, Culture=neutral, PublicKeyToken=null" name="LogOn_Post_ReturnsViewIfModelStateIsInvalid" />
    </UnitTest>
    <UnitTest name="About" storage="c:\sedna\dojointerfaceapplication\dojointerfaceapplication.tests\bin\release\dojointerfaceapplication.tests.dll" id="995d5285-b062-2b9f-9217-85227074bf30">
      <Execution id="14c9c559-34b4-4869-8adf-9e2cd5e8d515" />
      <TestMethod codeBase="C:/Sedna/DojoInterfaceApplication/DojoInterfaceApplication.Tests/bin/Release/DojoInterfaceApplication.Tests.DLL" adapterTypeName="Microsoft.VisualStudio.TestTools.TestTypes.Unit.UnitTestAdapter, Microsoft.VisualStudio.QualityTools.Tips.UnitTest.Adapter, Version=10.0.0.0, Culture=neutral, PublicKeyToken=b03f5f7f11d50a3a" className="DojoInterfaceApplication.Tests.Controllers.HomeControllerTest, DojoInterfaceApplication.Tests, Version=1.0.0.0, Culture=neutral, PublicKeyToken=null" name="About" />
    </UnitTest>
    <UnitTest name="Register_Post_ReturnsRedirectOnSuccess" storage="c:\sedna\dojointerfaceapplication\dojointerfaceapplication.tests\bin\release\dojointerfaceapplication.tests.dll" id="03fd7671-b56b-20bd-1546-9c3a23b342f0">
      <Execution id="1124dc8c-c412-4cfa-9db4-744afc7f9436" />
      <TestMethod codeBase="C:/Sedna/DojoInterfaceApplication/DojoInterfaceApplication.Tests/bin/Release/DojoInterfaceApplication.Tests.DLL" adapterTypeName="Microsoft.VisualStudio.TestTools.TestTypes.Unit.UnitTestAdapter, Microsoft.VisualStudio.QualityTools.Tips.UnitTest.Adapter, Version=10.0.0.0, Culture=neutral, PublicKeyToken=b03f5f7f11d50a3a" className="DojoInterfaceApplication.Tests.Controllers.AccountControllerTest, DojoInterfaceApplication.Tests, Version=1.0.0.0, Culture=neutral, PublicKeyToken=null" name="Register_Post_ReturnsRedirectOnSuccess" />
    </UnitTest>
    <UnitTest name="ChangePassword_Get_ReturnsView" storage="c:\sedna\dojointerfaceapplication\dojointerfaceapplication.tests\bin\release\dojointerfaceapplication.tests.dll" id="d8fc6ed0-efda-6664-babe-107d703d232b">
      <Execution id="46270034-1551-4a32-9806-906c2b7ab8e4" />
      <TestMethod codeBase="C:/Sedna/DojoInterfaceApplication/DojoInterfaceApplication.Tests/bin/Release/DojoInterfaceApplication.Tests.DLL" adapterTypeName="Microsoft.VisualStudio.TestTools.TestTypes.Unit.UnitTestAdapter, Microsoft.VisualStudio.QualityTools.Tips.UnitTest.Adapter, Version=10.0.0.0, Culture=neutral, PublicKeyToken=b03f5f7f11d50a3a" className="DojoInterfaceApplication.Tests.Controllers.AccountControllerTest, DojoInterfaceApplication.Tests, Version=1.0.0.0, Culture=neutral, PublicKeyToken=null" name="ChangePassword_Get_ReturnsView" />
    </UnitTest>
    <UnitTest name="ChangePasswordSuccess_ReturnsView" storage="c:\sedna\dojointerfaceapplication\dojointerfaceapplication.tests\bin\release\dojointerfaceapplication.tests.dll" id="0a358c90-98d4-b6cf-ba34-f68ac37f6e24">
      <Execution id="1a53a136-f9e4-4d50-9d9b-acff0be6e17e" />
      <TestMethod codeBase="C:/Sedna/DojoInterfaceApplication/DojoInterfaceApplication.Tests/bin/Release/DojoInterfaceApplication.Tests.DLL" adapterTypeName="Microsoft.VisualStudio.TestTools.TestTypes.Unit.UnitTestAdapter, Microsoft.VisualStudio.QualityTools.Tips.UnitTest.Adapter, Version=10.0.0.0, Culture=neutral, PublicKeyToken=b03f5f7f11d50a3a" className="DojoInterfaceApplication.Tests.Controllers.AccountControllerTest, DojoInterfaceApplication.Tests, Version=1.0.0.0, Culture=neutral, PublicKeyToken=null" name="ChangePasswordSuccess_ReturnsView" />
    </UnitTest>
    <UnitTest name="Index" storage="c:\sedna\dojointerfaceapplication\dojointerfaceapplication.tests\bin\release\dojointerfaceapplication.tests.dll" id="d057e1f7-bd14-a4d3-a207-4353a3135df3">
      <Execution id="1ed40422-77c6-492f-8ed4-25b60fe388b6" />
      <TestMethod codeBase="C:/Sedna/DojoInterfaceApplication/DojoInterfaceApplication.Tests/bin/Release/DojoInterfaceApplication.Tests.DLL" adapterTypeName="Microsoft.VisualStudio.TestTools.TestTypes.Unit.UnitTestAdapter, Microsoft.VisualStudio.QualityTools.Tips.UnitTest.Adapter, Version=10.0.0.0, Culture=neutral, PublicKeyToken=b03f5f7f11d50a3a" className="DojoInterfaceApplication.Tests.Controllers.HomeControllerTest, DojoInterfaceApplication.Tests, Version=1.0.0.0, Culture=neutral, PublicKeyToken=null" name="Index" />
    </UnitTest>
    <UnitTest name="Retorna_Erro_quando_idVendedor_for_alfa" storage="c:\sedna\dojointerfaceapplication\dojointerfaceapplication.tests\bin\release\dojointerfaceapplication.tests.dll" id="4efe432a-2894-519c-3099-a424775a01c7">
      <Execution id="4eb01950-d07a-4a9b-b4b6-b20af7024784" />
      <TestMethod codeBase="C:/Sedna/DojoInterfaceApplication/DojoInterfaceApplication.Tests/bin/Release/DojoInterfaceApplication.Tests.DLL" adapterTypeName="Microsoft.VisualStudio.TestTools.TestTypes.Unit.UnitTestAdapter, Microsoft.VisualStudio.QualityTools.Tips.UnitTest.Adapter, Version=10.0.0.0, Culture=neutral, PublicKeyToken=b03f5f7f11d50a3a" className="SeleniumTests.TesteValidacoes, DojoInterfaceApplication.Tests, Version=1.0.0.0, Culture=neutral, PublicKeyToken=null" name="Retorna_Erro_quando_idVendedor_for_alfa" />
    </UnitTest>
    <UnitTest name="ChangePassword_Post_ReturnsViewIfModelStateIsInvalid" storage="c:\sedna\dojointerfaceapplication\dojointerfaceapplication.tests\bin\release\dojointerfaceapplication.tests.dll" id="df78c223-266d-29a7-8f13-d4e0ab3a9b33">
      <Execution id="154d0b94-4d57-4f9a-b0c0-ef98311ff1bd" />
      <TestMethod codeBase="C:/Sedna/DojoInterfaceApplication/DojoInterfaceApplication.Tests/bin/Release/DojoInterfaceApplication.Tests.DLL" adapterTypeName="Microsoft.VisualStudio.TestTools.TestTypes.Unit.UnitTestAdapter, Microsoft.VisualStudio.QualityTools.Tips.UnitTest.Adapter, Version=10.0.0.0, Culture=neutral, PublicKeyToken=b03f5f7f11d50a3a" className="DojoInterfaceApplication.Tests.Controllers.AccountControllerTest, DojoInterfaceApplication.Tests, Version=1.0.0.0, Culture=neutral, PublicKeyToken=null" name="ChangePassword_Post_ReturnsViewIfModelStateIsInvalid" />
    </UnitTest>
    <UnitTest name="ChangePassword_Post_ReturnsViewIfChangePasswordFails" storage="c:\sedna\dojointerfaceapplication\dojointerfaceapplication.tests\bin\release\dojointerfaceapplication.tests.dll" id="f2e81b66-970e-72fa-339f-62f516a6d647">
      <Execution id="7ead728d-1c4b-4d19-a567-875419bc39f2" />
      <TestMethod codeBase="C:/Sedna/DojoInterfaceApplication/DojoInterfaceApplication.Tests/bin/Release/DojoInterfaceApplication.Tests.DLL" adapterTypeName="Microsoft.VisualStudio.TestTools.TestTypes.Unit.UnitTestAdapter, Microsoft.VisualStudio.QualityTools.Tips.UnitTest.Adapter, Version=10.0.0.0, Culture=neutral, PublicKeyToken=b03f5f7f11d50a3a" className="DojoInterfaceApplication.Tests.Controllers.AccountControllerTest, DojoInterfaceApplication.Tests, Version=1.0.0.0, Culture=neutral, PublicKeyToken=null" name="ChangePassword_Post_ReturnsViewIfChangePasswordFails" />
    </UnitTest>
    <UnitTest name="ChangePassword_Post_ReturnsRedirectOnSuccess" storage="c:\sedna\dojointerfaceapplication\dojointerfaceapplication.tests\bin\release\dojointerfaceapplication.tests.dll" id="b83d12d6-733d-76b1-0e4f-cb3574321336">
      <Execution id="7a9c82da-1512-434d-addf-89ed99f24cbe" />
      <TestMethod codeBase="C:/Sedna/DojoInterfaceApplication/DojoInterfaceApplication.Tests/bin/Release/DojoInterfaceApplication.Tests.DLL" adapterTypeName="Microsoft.VisualStudio.TestTools.TestTypes.Unit.UnitTestAdapter, Microsoft.VisualStudio.QualityTools.Tips.UnitTest.Adapter, Version=10.0.0.0, Culture=neutral, PublicKeyToken=b03f5f7f11d50a3a" className="DojoInterfaceApplication.Tests.Controllers.AccountControllerTest, DojoInterfaceApplication.Tests, Version=1.0.0.0, Culture=neutral, PublicKeyToken=null" name="ChangePassword_Post_ReturnsRedirectOnSuccess" />
    </UnitTest>
    <UnitTest name="LogOn_Post_ReturnsRedirectOnSuccess_WithReturnUrl" storage="c:\sedna\dojointerfaceapplication\dojointerfaceapplication.tests\bin\release\dojointerfaceapplication.tests.dll" id="53c51367-a902-d0de-4141-45af555f03c9">
      <Execution id="eab15629-c7e0-4ff3-a636-2e424f67e3c4" />
      <TestMethod codeBase="C:/Sedna/DojoInterfaceApplication/DojoInterfaceApplication.Tests/bin/Release/DojoInterfaceApplication.Tests.DLL" adapterTypeName="Microsoft.VisualStudio.TestTools.TestTypes.Unit.UnitTestAdapter, Microsoft.VisualStudio.QualityTools.Tips.UnitTest.Adapter, Version=10.0.0.0, Culture=neutral, PublicKeyToken=b03f5f7f11d50a3a" className="DojoInterfaceApplication.Tests.Controllers.AccountControllerTest, DojoInterfaceApplication.Tests, Version=1.0.0.0, Culture=neutral, PublicKeyToken=null" name="LogOn_Post_ReturnsRedirectOnSuccess_WithReturnUrl" />
    </UnitTest>
  </TestDefinitions>
  <TestLists>
    <TestList name="Results Not in a List" id="8c84fa94-04c1-424b-9868-57a2d4851a1d" />
    <TestList name="All Loaded Results" id="19431567-8539-422a-85d7-44ee4e166bda" />
  </TestLists>
  <TestEntries>
    <TestEntry testId="03fd7671-b56b-20bd-1546-9c3a23b342f0" executionId="1124dc8c-c412-4cfa-9db4-744afc7f9436" testListId="8c84fa94-04c1-424b-9868-57a2d4851a1d" />
    <TestEntry testId="0a358c90-98d4-b6cf-ba34-f68ac37f6e24" executionId="1a53a136-f9e4-4d50-9d9b-acff0be6e17e" testListId="8c84fa94-04c1-424b-9868-57a2d4851a1d" />
    <TestEntry testId="142cdcfd-0ccf-00a9-cc49-0c360b8bd921" executionId="54b205ef-3156-424f-bcaa-228f19d102dc" testListId="8c84fa94-04c1-424b-9868-57a2d4851a1d" />
    <TestEntry testId="44661c57-6dfc-66ad-17aa-975297c98c84" executionId="265d1fe1-cf88-4a5b-bcc2-e74501a9baa4" testListId="8c84fa94-04c1-424b-9868-57a2d4851a1d" />
    <TestEntry testId="4efe432a-2894-519c-3099-a424775a01c7" executionId="4eb01950-d07a-4a9b-b4b6-b20af7024784" testListId="8c84fa94-04c1-424b-9868-57a2d4851a1d" />
    <TestEntry testId="53c51367-a902-d0de-4141-45af555f03c9" executionId="eab15629-c7e0-4ff3-a636-2e424f67e3c4" testListId="8c84fa94-04c1-424b-9868-57a2d4851a1d" />
    <TestEntry testId="6636e3fb-e261-0687-6814-a40f8f82cc6a" executionId="86155e4f-7eb7-4a9d-b077-8d452648b121" testListId="8c84fa94-04c1-424b-9868-57a2d4851a1d" />
    <TestEntry testId="995d5285-b062-2b9f-9217-85227074bf30" executionId="14c9c559-34b4-4869-8adf-9e2cd5e8d515" testListId="8c84fa94-04c1-424b-9868-57a2d4851a1d" />
    <TestEntry testId="a0d13992-9142-726f-e7eb-b3bf5c5d15ce" executionId="813fef8e-4ab8-4177-8ffe-29d485f9dc90" testListId="8c84fa94-04c1-424b-9868-57a2d4851a1d" />
    <TestEntry testId="b119bad1-e0ad-d5e7-6ab2-c77a8b252d14" executionId="ce36e07b-d847-41dd-b83e-028cbef0f2d7" testListId="8c84fa94-04c1-424b-9868-57a2d4851a1d" />
    <TestEntry testId="b83d12d6-733d-76b1-0e4f-cb3574321336" executionId="7a9c82da-1512-434d-addf-89ed99f24cbe" testListId="8c84fa94-04c1-424b-9868-57a2d4851a1d" />
    <TestEntry testId="bb5feb2e-c4be-09f1-6a2f-1f5dbaa2ff8b" executionId="da5328fc-6dff-442d-836f-b4159cbb00fb" testListId="8c84fa94-04c1-424b-9868-57a2d4851a1d" />
    <TestEntry testId="d057e1f7-bd14-a4d3-a207-4353a3135df3" executionId="1ed40422-77c6-492f-8ed4-25b60fe388b6" testListId="8c84fa94-04c1-424b-9868-57a2d4851a1d" />
    <TestEntry testId="d8fc6ed0-efda-6664-babe-107d703d232b" executionId="46270034-1551-4a32-9806-906c2b7ab8e4" testListId="8c84fa94-04c1-424b-9868-57a2d4851a1d" />
    <TestEntry testId="d9be58a0-5971-0096-9697-dedb64d80b35" executionId="937603a2-052e-4074-84f9-73b9583477f7" testListId="8c84fa94-04c1-424b-9868-57a2d4851a1d" />
    <TestEntry testId="df78c223-266d-29a7-8f13-d4e0ab3a9b33" executionId="154d0b94-4d57-4f9a-b0c0-ef98311ff1bd" testListId="8c84fa94-04c1-424b-9868-57a2d4851a1d" />
    <TestEntry testId="f2e81b66-970e-72fa-339f-62f516a6d647" executionId="7ead728d-1c4b-4d19-a567-875419bc39f2" testListId="8c84fa94-04c1-424b-9868-57a2d4851a1d" />
    <TestEntry testId="f491a977-fe2d-0a77-aca5-25e012322aff" executionId="06ba6b9e-fc3d-435b-91fd-9f084cbf1e64" testListId="8c84fa94-04c1-424b-9868-57a2d4851a1d" />
  </TestEntries>
  <Results>
    <UnitTestResult executionId="1124dc8c-c412-4cfa-9db4-744afc7f9436" testId="03fd7671-b56b-20bd-1546-9c3a23b342f0" testName="Register_Post_ReturnsRedirectOnSuccess" computerName="CFC-WINDOWS" duration="00:00:00.0148548" startTime="2013-12-06T21:48:51.5700037-02:00" endTime="2013-12-06T21:48:52.0848046-02:00" testType="13cdc9d9-ddb5-4fa4-a97d-d965ccfc6d4b" outcome="Passed" testListId="8c84fa94-04c1-424b-9868-57a2d4851a1d" relativeResultsDirectory="1124dc8c-c412-4cfa-9db4-744afc7f9436">
    </UnitTestResult>
    <UnitTestResult executionId="1a53a136-f9e4-4d50-9d9b-acff0be6e17e" testId="0a358c90-98d4-b6cf-ba34-f68ac37f6e24" testName="ChangePasswordSuccess_ReturnsView" computerName="CFC-WINDOWS" duration="00:00:00.0003010" startTime="2013-12-06T21:48:52.1004046-02:00" endTime="2013-12-06T21:48:52.1004046-02:00" testType="13cdc9d9-ddb5-4fa4-a97d-d965ccfc6d4b" outcome="Passed" testListId="8c84fa94-04c1-424b-9868-57a2d4851a1d" relativeResultsDirectory="1a53a136-f9e4-4d50-9d9b-acff0be6e17e">
    </UnitTestResult>
    <UnitTestResult executionId="54b205ef-3156-424f-bcaa-228f19d102dc" testId="142cdcfd-0ccf-00a9-cc49-0c360b8bd921" testName="LogOn_Get_ReturnsView" computerName="CFC-WINDOWS" duration="00:00:00.0002642" startTime="2013-12-06T21:48:52.1004046-02:00" endTime="2013-12-06T21:48:52.1004046-02:00" testType="13cdc9d9-ddb5-4fa4-a97d-d965ccfc6d4b" outcome="Passed" testListId="8c84fa94-04c1-424b-9868-57a2d4851a1d" relativeResultsDirectory="54b205ef-3156-424f-bcaa-228f19d102dc">
    </UnitTestResult>
    <UnitTestResult executionId="265d1fe1-cf88-4a5b-bcc2-e74501a9baa4" testId="44661c57-6dfc-66ad-17aa-975297c98c84" testName="Register_Get_ReturnsView" computerName="CFC-WINDOWS" duration="00:00:00.0008177" startTime="2013-12-06T21:48:52.1160046-02:00" endTime="2013-12-06T21:48:52.1160046-02:00" testType="13cdc9d9-ddb5-4fa4-a97d-d965ccfc6d4b" outcome="Passed" testListId="8c84fa94-04c1-424b-9868-57a2d4851a1d" relativeResultsDirectory="265d1fe1-cf88-4a5b-bcc2-e74501a9baa4">
    </UnitTestResult>
    <UnitTestResult executionId="4eb01950-d07a-4a9b-b4b6-b20af7024784" testId="4efe432a-2894-519c-3099-a424775a01c7" testName="Retorna_Erro_quando_idVendedor_for_alfa" computerName="CFC-WINDOWS" duration="00:00:11.5360347" startTime="2013-12-06T21:48:52.1160046-02:00" endTime="2013-12-06T21:49:03.6620250-02:00" testType="13cdc9d9-ddb5-4fa4-a97d-d965ccfc6d4b" outcome="Failed" testListId="8c84fa94-04c1-424b-9868-57a2d4851a1d" relativeResultsDirectory="4eb01950-d07a-4a9b-b4b6-b20af7024784">
      <Output>
        <ErrorInfo>
          <Message>Test method SeleniumTests.TesteValidacoes.Retorna_Erro_quando_idVendedor_for_alfa threw exception: 
OpenQA.Selenium.NoSuchElementException: Unable to locate element: {"method":"id","selector":"Mensagem"}</Message>
          <StackTrace>    em OpenQA.Selenium.Remote.RemoteWebDriver.UnpackAndThrowOnError(Response errorResponse)
   em OpenQA.Selenium.Remote.RemoteWebDriver.Execute(String driverCommandToExecute, Dictionary`2 parameters)
   em OpenQA.Selenium.Remote.RemoteWebDriver.FindElement(String mechanism, String value)
   em OpenQA.Selenium.Remote.RemoteWebDriver.FindElementById(String id)
   em OpenQA.Selenium.By.&lt;&gt;c__DisplayClass2.&lt;Id&gt;b__0(ISearchContext context)
   em OpenQA.Selenium.By.FindElement(ISearchContext context)
   em OpenQA.Selenium.Remote.RemoteWebDriver.FindElement(By by)
   em SeleniumTests.TesteValidacoes.Retorna_Erro_quando_idVendedor_for_alfa() na C:\Sedna\DojoInterfaceApplication\DojoInterfaceApplication.Tests\TesteValidacoes.cs:linha 30
</StackTrace>
        </ErrorInfo>
      </Output>
    </UnitTestResult>
    <UnitTestResult executionId="eab15629-c7e0-4ff3-a636-2e424f67e3c4" testId="53c51367-a902-d0de-4141-45af555f03c9" testName="LogOn_Post_ReturnsRedirectOnSuccess_WithReturnUrl" computerName="CFC-WINDOWS" duration="00:00:00.0014093" startTime="2013-12-06T21:49:03.6620250-02:00" endTime="2013-12-06T21:49:03.6620250-02:00" testType="13cdc9d9-ddb5-4fa4-a97d-d965ccfc6d4b" outcome="Passed" testListId="8c84fa94-04c1-424b-9868-57a2d4851a1d" relativeResultsDirectory="eab15629-c7e0-4ff3-a636-2e424f67e3c4">
    </UnitTestResult>
    <UnitTestResult executionId="86155e4f-7eb7-4a9d-b077-8d452648b121" testId="6636e3fb-e261-0687-6814-a40f8f82cc6a" testName="LogOn_Post_ReturnsRedirectOnSuccess_WithoutReturnUrl" computerName="CFC-WINDOWS" duration="00:00:00.0007565" startTime="2013-12-06T21:49:03.6776250-02:00" endTime="2013-12-06T21:49:03.6776250-02:00" testType="13cdc9d9-ddb5-4fa4-a97d-d965ccfc6d4b" outcome="Passed" testListId="8c84fa94-04c1-424b-9868-57a2d4851a1d" relativeResultsDirectory="86155e4f-7eb7-4a9d-b077-8d452648b121">
    </UnitTestResult>
    <UnitTestResult executionId="14c9c559-34b4-4869-8adf-9e2cd5e8d515" testId="995d5285-b062-2b9f-9217-85227074bf30" testName="About" computerName="CFC-WINDOWS" duration="00:00:00.0004967" startTime="2013-12-06T21:49:03.6776250-02:00" endTime="2013-12-06T21:49:03.6932251-02:00" testType="13cdc9d9-ddb5-4fa4-a97d-d965ccfc6d4b" outcome="Passed" testListId="8c84fa94-04c1-424b-9868-57a2d4851a1d" relativeResultsDirectory="14c9c559-34b4-4869-8adf-9e2cd5e8d515">
    </UnitTestResult>
    <UnitTestResult executionId="813fef8e-4ab8-4177-8ffe-29d485f9dc90" testId="a0d13992-9142-726f-e7eb-b3bf5c5d15ce" testName="LogOn_Post_ReturnsViewIfModelStateIsInvalid" computerName="CFC-WINDOWS" duration="00:00:00.0008424" startTime="2013-12-06T21:49:03.6932251-02:00" endTime="2013-12-06T21:49:03.6932251-02:00" testType="13cdc9d9-ddb5-4fa4-a97d-d965ccfc6d4b" outcome="Passed" testListId="8c84fa94-04c1-424b-9868-57a2d4851a1d" relativeResultsDirectory="813fef8e-4ab8-4177-8ffe-29d485f9dc90">
    </UnitTestResult>
    <UnitTestResult executionId="ce36e07b-d847-41dd-b83e-028cbef0f2d7" testId="b119bad1-e0ad-d5e7-6ab2-c77a8b252d14" testName="Register_Post_ReturnsViewIfRegistrationFails" computerName="CFC-WINDOWS" duration="00:00:00.0012128" startTime="2013-12-06T21:49:03.6932251-02:00" endTime="2013-12-06T21:49:03.7088251-02:00" testType="13cdc9d9-ddb5-4fa4-a97d-d965ccfc6d4b" outcome="Passed" testListId="8c84fa94-04c1-424b-9868-57a2d4851a1d" relativeResultsDirectory="ce36e07b-d847-41dd-b83e-028cbef0f2d7">
    </UnitTestResult>
    <UnitTestResult executionId="7a9c82da-1512-434d-addf-89ed99f24cbe" testId="b83d12d6-733d-76b1-0e4f-cb3574321336" testName="ChangePassword_Post_ReturnsRedirectOnSuccess" computerName="CFC-WINDOWS" duration="00:00:00.0015791" startTime="2013-12-06T21:49:03.7088251-02:00" endTime="2013-12-06T21:49:03.7088251-02:00" testType="13cdc9d9-ddb5-4fa4-a97d-d965ccfc6d4b" outcome="Passed" testListId="8c84fa94-04c1-424b-9868-57a2d4851a1d" relativeResultsDirectory="7a9c82da-1512-434d-addf-89ed99f24cbe">
    </UnitTestResult>
    <UnitTestResult executionId="da5328fc-6dff-442d-836f-b4159cbb00fb" testId="bb5feb2e-c4be-09f1-6a2f-1f5dbaa2ff8b" testName="LogOn_Post_ReturnsViewIfValidateUserFails" computerName="CFC-WINDOWS" duration="00:00:00.0012472" startTime="2013-12-06T21:49:03.7088251-02:00" endTime="2013-12-06T21:49:03.7244251-02:00" testType="13cdc9d9-ddb5-4fa4-a97d-d965ccfc6d4b" outcome="Passed" testListId="8c84fa94-04c1-424b-9868-57a2d4851a1d" relativeResultsDirectory="da5328fc-6dff-442d-836f-b4159cbb00fb">
    </UnitTestResult>
    <UnitTestResult executionId="1ed40422-77c6-492f-8ed4-25b60fe388b6" testId="d057e1f7-bd14-a4d3-a207-4353a3135df3" testName="Index" computerName="CFC-WINDOWS" duration="00:00:00.0071601" startTime="2013-12-06T21:49:03.7244251-02:00" endTime="2013-12-06T21:49:03.7244251-02:00" testType="13cdc9d9-ddb5-4fa4-a97d-d965ccfc6d4b" outcome="Failed" testListId="8c84fa94-04c1-424b-9868-57a2d4851a1d" relativeResultsDirectory="1ed40422-77c6-492f-8ed4-25b60fe388b6">
      <Output>
        <ErrorInfo>
          <Message>Assert.AreEqual failed. Expected:&lt;Welcome to ASP.NET MVC!&gt;. Actual:&lt;Bem-vindos ao Dojo de Interface, usando o wizard de projeto do VS2010&gt;. </Message>
          <StackTrace>   em DojoInterfaceApplication.Tests.Controllers.HomeControllerTest.Index() na C:\Sedna\DojoInterfaceApplication\DojoInterfaceApplication.Tests\Controllers\HomeControllerTest.cs:linha 26
</StackTrace>
        </ErrorInfo>
      </Output>
    </UnitTestResult>
    <UnitTestResult executionId="46270034-1551-4a32-9806-906c2b7ab8e4" testId="d8fc6ed0-efda-6664-babe-107d703d232b" testName="ChangePassword_Get_ReturnsView" computerName="CFC-WINDOWS" duration="00:00:00.0007824" startTime="2013-12-06T21:49:03.7400252-02:00" endTime="2013-12-06T21:49:03.7400252-02:00" testType="13cdc9d9-ddb5-4fa4-a97d-d965ccfc6d4b" outcome="Passed" testListId="8c84fa94-04c1-424b-9868-57a2d4851a1d" relativeResultsDirectory="46270034-1551-4a32-9806-906c2b7ab8e4">
    </UnitTestResult>
    <UnitTestResult executionId="937603a2-052e-4074-84f9-73b9583477f7" testId="d9be58a0-5971-0096-9697-dedb64d80b35" testName="Register_Post_ReturnsViewIfModelStateIsInvalid" computerName="CFC-WINDOWS" duration="00:00:00.0010349" startTime="2013-12-06T21:49:03.7400252-02:00" endTime="2013-12-06T21:49:03.7400252-02:00" testType="13cdc9d9-ddb5-4fa4-a97d-d965ccfc6d4b" outcome="Passed" testListId="8c84fa94-04c1-424b-9868-57a2d4851a1d" relativeResultsDirectory="937603a2-052e-4074-84f9-73b9583477f7">
    </UnitTestResult>
    <UnitTestResult executionId="154d0b94-4d57-4f9a-b0c0-ef98311ff1bd" testId="df78c223-266d-29a7-8f13-d4e0ab3a9b33" testName="ChangePassword_Post_ReturnsViewIfModelStateIsInvalid" computerName="CFC-WINDOWS" duration="00:00:00.0010284" startTime="2013-12-06T21:49:03.7400252-02:00" endTime="2013-12-06T21:49:03.7556252-02:00" testType="13cdc9d9-ddb5-4fa4-a97d-d965ccfc6d4b" outcome="Passed" testListId="8c84fa94-04c1-424b-9868-57a2d4851a1d" relativeResultsDirectory="154d0b94-4d57-4f9a-b0c0-ef98311ff1bd">
    </UnitTestResult>
    <UnitTestResult executionId="7ead728d-1c4b-4d19-a567-875419bc39f2" testId="f2e81b66-970e-72fa-339f-62f516a6d647" testName="ChangePassword_Post_ReturnsViewIfChangePasswordFails" computerName="CFC-WINDOWS" duration="00:00:00.0010624" startTime="2013-12-06T21:49:03.7556252-02:00" endTime="2013-12-06T21:49:03.7556252-02:00" testType="13cdc9d9-ddb5-4fa4-a97d-d965ccfc6d4b" outcome="Passed" testListId="8c84fa94-04c1-424b-9868-57a2d4851a1d" relativeResultsDirectory="7ead728d-1c4b-4d19-a567-875419bc39f2">
    </UnitTestResult>
    <UnitTestResult executionId="06ba6b9e-fc3d-435b-91fd-9f084cbf1e64" testId="f491a977-fe2d-0a77-aca5-25e012322aff" testName="LogOff_LogsOutAndRedirects" computerName="CFC-WINDOWS" duration="00:00:00.0007796" startTime="2013-12-06T21:49:03.7556252-02:00" endTime="2013-12-06T21:49:03.7712252-02:00" testType="13cdc9d9-ddb5-4fa4-a97d-d965ccfc6d4b" outcome="Passed" testListId="8c84fa94-04c1-424b-9868-57a2d4851a1d" relativeResultsDirectory="06ba6b9e-fc3d-435b-91fd-9f084cbf1e64">
    </UnitTestResult>
  </Results>
</TestRun>