<?xml version="1.0" encoding="UTF-8"?>
<TestRun id="7a0072f3-46cd-43b5-9fc3-458e048a99e3" name="cfc@CFC-WINDOWS 2014-10-25 00:40:08" runUser="cfc-windows\cfc" xmlns="http://microsoft.com/schemas/VisualStudio/TeamTest/2010">
  <TestSettings name="Default Test Settings" id="25488c66-935c-4c7d-9676-83b619f3bd64">
    <Deployment runDeploymentRoot="cfc_CFC-WINDOWS 2014-10-25 00_40_08">
      <DeploymentItem filename="C:\RJ\Dojo_Acceptance\packages\NDbUnit.SqlLite.1.6.8.0\lib\Net35\NDbUnit.SqlLite.dll" />
      <DeploymentItem filename="C:\RJ\Dojo_Acceptance\packages\NDbUnit.SqlServerCe.1.6.8.0\lib\Net35\NDbUnit.SqlServerCe.dll" />
      <DeploymentItem filename="C:\RJ\Dojo_Acceptance\packages\Selenium.Support.2.44.0\lib\net40\WebDriver.Support.dll" />
      <DeploymentItem filename="C:\RJ\Dojo_Acceptance\DojoInterfaceApplication\bin\DojoInterfaceApplication.dll" />
      <DeploymentItem filename="C:\RJ\Dojo_Acceptance\packages\Iesi.Collections.4.0.1.4000\lib\net40\Iesi.Collections.dll" />
      <DeploymentItem filename="C:\RJ\Dojo_Acceptance\packages\Selenium.WebDriver.2.44.0\lib\net40\WebDriver.dll" />
      <DeploymentItem filename="C:\RJ\Dojo_Acceptance\packages\NDbUnit.Core.1.6.8.0\lib\Net35\NDbUnit.Core.dll" />
      <DeploymentItem filename="C:\RJ\Dojo_Acceptance\packages\mbunit.3.3.454.0\lib\net40\Gallio.dll" />
      <DeploymentItem filename="C:\RJ\Dojo_Acceptance\packages\NDbUnit.SqlClient.1.6.8.0\lib\Net35\NDbUnit.SqlClient.dll" />
      <DeploymentItem filename="C:\RJ\Dojo_Acceptance\packages\mbunit.3.3.454.0\lib\net40\Gallio40.dll" />
      <DeploymentItem filename="C:\RJ\Dojo_Acceptance\packages\mbunit.3.3.454.0\lib\net40\MbUnit.dll" />
      <DeploymentItem filename="C:\RJ\Dojo_Acceptance\packages\NHibernate.4.0.0-Alpha1\lib\net40\NHibernate.dll" />
      <DeploymentItem filename="C:\RJ\Dojo_Acceptance\packages\mbunit.3.3.454.0\lib\net40\MbUnit40.dll" />
    </Deployment>
    <Execution>
      <TestTypeSpecific />
      <AgentRule name="Execution Agents">
      </AgentRule>
    </Execution>
  </TestSettings>
  <Times creation="2014-10-25T00:40:08.4251973-02:00" queuing="2014-10-25T00:40:11.4828026-02:00" start="2014-10-25T00:40:11.6544029-02:00" finish="2014-10-25T00:40:17.8476138-02:00" />
  <ResultSummary outcome="Failed">
    <Counters total="1" executed="1" error="0" failed="1" timeout="0" aborted="0" inconclusive="0" passedButRunAborted="0" notRunnable="0" notExecuted="0" disconnected="0" warning="0" passed="0" completed="0" inProgress="0" pending="0" />
  </ResultSummary>
  <TestDefinitions>
    <GallioTestElement name="TestMethod1" storage="C:\RJ\Dojo_Acceptance\DojoInterfaceApplication.Tests\bin\Debug\DojoInterfaceApplication.Tests.dll" id="31336263-3530-6637-6134-366263633164" d3p1:Gallio.TestId="cb31057fa46bcc1d" d3p1:Gallio.AssemblyName="DojoInterfaceApplication.Tests, Version=1.0.0.0, Culture=neutral, PublicKeyToken=null" d3p1:Gallio.NamespaceName="TestProject1" d3p1:Gallio.TypeName="TestProject1.LoginAcceptanceTest" d3p1:Gallio.MemberName="TestMethod1" d3p1:Gallio.ParameterName="" d3p1:Gallio.Path="C:\RJ\Dojo_Acceptance\DojoInterfaceApplication.Tests\LoginAcceptanceTest.cs" d3p1:Gallio.Line="21" d3p1:Gallio.Column="0" xmlns:d3p1="http://www.gallio.org/">
      <Execution id="3b417020-2bc9-4f27-a235-3c4be5384edd" />
      <Properties>
        <Property>
          <Key>TestKind</Key>
          <Value>Test</Value>
        </Property>
      </Properties>
    </GallioTestElement>
  </TestDefinitions>
  <TestLists>
    <TestList name="Results Not in a List" id="8c84fa94-04c1-424b-9868-57a2d4851a1d" />
    <TestList name="All Loaded Results" id="19431567-8539-422a-85d7-44ee4e166bda" />
  </TestLists>
  <TestEntries>
    <TestEntry testId="31336263-3530-6637-6134-366263633164" executionId="3b417020-2bc9-4f27-a235-3c4be5384edd" testListId="8c84fa94-04c1-424b-9868-57a2d4851a1d" />
  </TestEntries>
  <Results>
    <GallioTestResult executionId="3b417020-2bc9-4f27-a235-3c4be5384edd" testId="31336263-3530-6637-6134-366263633164" testName="TestMethod1" computerName="CFC-WINDOWS" duration="00:00:00.4380000" startTime="2014-10-25T00:40:17.0832125-02:00" endTime="2014-10-25T00:40:17.5980134-02:00" testType="f3589083-259c-4054-87f7-75cdad4b08e5" outcome="Failed" testListId="8c84fa94-04c1-424b-9868-57a2d4851a1d" relativeResultsDirectory="3b417020-2bc9-4f27-a235-3c4be5384edd">
      <Output>
        <ErrorInfo>
          <Message>Set Up
NDbUnit.Core.NDbUnitException: DbCommandBuilder.CreateSelectCommand(DataSet, string) failed for tableName = 'falhaLogin' ---&gt; System.Data.SqlClient.SqlException: Nome de objeto 'falhaLogin' inválido.
Errors: System.Data.SqlClient.SqlErrorCollection
Class: 16
LineNumber: 1
Number: 208
Procedure: 
Server: .\sqlexpress
State: 1
ErrorCode: -2146232060
   em System.Data.SqlClient.SqlConnection.OnError(SqlException exception, Boolean breakConnection)
   em System.Data.SqlClient.SqlInternalConnection.OnError(SqlException exception, Boolean breakConnection)
   em System.Data.SqlClient.TdsParser.ThrowExceptionAndWarning()
   em System.Data.SqlClient.TdsParser.Run(RunBehavior runBehavior, SqlCommand cmdHandler, SqlDataReader dataStream, BulkCopySimpleResultSet bulkCopyHandler, TdsParserStateObject stateObj)
   em System.Data.SqlClient.SqlDataReader.ConsumeMetaData()
   em System.Data.SqlClient.SqlDataReader.get_MetaData()
   em System.Data.SqlClient.SqlCommand.FinishExecuteReader(SqlDataReader ds, RunBehavior runBehavior, String resetOptionsString)
   em System.Data.SqlClient.SqlCommand.RunExecuteReaderTds(CommandBehavior cmdBehavior, RunBehavior runBehavior, Boolean returnStream, Boolean async)
   em System.Data.SqlClient.SqlCommand.RunExecuteReader(CommandBehavior cmdBehavior, RunBehavior runBehavior, Boolean returnStream, String method, DbAsyncResult result)
   em System.Data.SqlClient.SqlCommand.RunExecuteReader(CommandBehavior cmdBehavior, RunBehavior runBehavior, Boolean returnStream, String method)
   em System.Data.SqlClient.SqlCommand.ExecuteReader(CommandBehavior behavior, String method)
   em System.Data.SqlClient.SqlCommand.ExecuteDbDataReader(CommandBehavior behavior)
   em System.Data.Common.DbCommand.System.Data.IDbCommand.ExecuteReader(CommandBehavior behavior)
   em NDbUnit.Core.DbCommandBuilder.GetSchemaTable(IDbCommand sqlSelectCommand)
   em NDbUnit.Core.DbCommandBuilder.CreateSelectCommand(DataSet ds, String tableName)
   --- End of inner exception stack trace ---
   em NDbUnit.Core.DbCommandBuilder.CreateSelectCommand(DataSet ds, String tableName)
   em NDbUnit.Core.DbCommandBuilder.BuildCommands(Stream xmlSchema)
   em NDbUnit.Core.NDbUnitTest.ReadXmlSchema(Stream xmlSchema)
   em NDbUnit.Core.NDbUnitTest.ReadXmlSchema(String xmlSchemaFile)
   em TestProject1.OperacoesDeTestes.CarregarBancoDeDados(String esquema, String dados) na C:\RJ\Dojo_Acceptance\DojoInterfaceApplication.Tests\infraTestes\OperacoesDeTestes.cs:linha 15
   em TestProject1.TesteBase.TestInitialize() na C:\RJ\Dojo_Acceptance\DojoInterfaceApplication.Tests\infraTestes\TesteBase.cs:linha 18</Message>
        </ErrorInfo>
      </Output>
    </GallioTestResult>
  </Results>
</TestRun>