<?xml version="1.0" encoding="UTF-8"?>
<TestRun id="5d847e96-126d-456b-aa77-d3cad6571b91" name="cfc@CFC-WINDOWS 2014-10-25 00:11:02" runUser="cfc-windows\cfc" xmlns="http://microsoft.com/schemas/VisualStudio/TeamTest/2010">
  <TestSettings name="Default Test Settings" id="cde4ac16-d3a0-4693-8c18-801c05b51163">
    <Deployment runDeploymentRoot="cfc_CFC-WINDOWS 2014-10-25 00_11_02">
      <DeploymentItem filename="C:\RJ\TestesUsandoBancoDados\src\packages\Castle.Windsor.2.5.4\lib\net40\Castle.Windsor.dll" />
      <DeploymentItem filename="C:\RJ\TestesUsandoBancoDados\src\packages\NHibernate.Castle.3.1.0.4000\lib\Net35\NHibernate.ByteCode.Castle.dll" />
      <DeploymentItem filename="C:\RJ\TestesUsandoBancoDados\src\packages\Newtonsoft.Json.4.0.4\lib\net40\Newtonsoft.Json.dll" />
      <DeploymentItem filename="C:\RJ\TestesUsandoBancoDados\src\packages\Castle.Facilities.NHibernateIntegration.1.1.0\lib\NET40\Castle.Facilities.NHibernateIntegration.dll" />
      <DeploymentItem filename="C:\RJ\TestesUsandoBancoDados\src\packages\mbunit.3.3.454.0\lib\net40\MbUnit40.dll" />
      <DeploymentItem filename="C:\RJ\TestesUsandoBancoDados\src\packages\NDbUnit.SqlClient.1.6.8.0\lib\Net35\NDbUnit.SqlClient.dll" />
      <DeploymentItem filename="C:\RJ\TestesUsandoBancoDados\src\packages\FluentNHibernate.1.2.0.712\lib\FluentNHibernate.dll" />
      <DeploymentItem filename="C:\RJ\TestesUsandoBancoDados\src\ClassLibrary1\bin\Debug\ClassLibrary1.dll" />
      <DeploymentItem filename="C:\RJ\TestesUsandoBancoDados\src\packages\DotNetZip.1.9.1.8\lib\net20\Ionic.Zip.dll" />
      <DeploymentItem filename="C:\RJ\TestesUsandoBancoDados\src\packages\Castle.Core.2.5.2\lib\NET35\Castle.Core.dll" />
      <DeploymentItem filename="C:\RJ\TestesUsandoBancoDados\src\packages\NHibernate.3.1.0.4000\lib\Net35\NHibernate.dll" />
      <DeploymentItem filename="C:\RJ\TestesUsandoBancoDados\src\packages\Iesi.Collections.3.2.0.4000\lib\Net35\Iesi.Collections.dll" />
      <DeploymentItem filename="C:\RJ\TestesUsandoBancoDados\src\packages\Selenium.Support.2.17.0\lib\net40\WebDriver.Support.dll" />
      <DeploymentItem filename="C:\RJ\TestesUsandoBancoDados\src\packages\NDbUnit.Core.1.6.8.0\lib\Net35\NDbUnit.Core.dll" />
      <DeploymentItem filename="C:\RJ\TestesUsandoBancoDados\src\packages\Castle.Services.Transaction.2.5.0\lib\NET40\Castle.Services.Transaction.dll" />
      <DeploymentItem filename="C:\RJ\TestesUsandoBancoDados\src\packages\SharpTestsEx.1.1.1\lib\SharpTestsEx.Mvc.dll" />
      <DeploymentItem filename="C:\RJ\TestesUsandoBancoDados\src\packages\mbunit.3.3.454.0\lib\net40\Gallio.dll" />
      <DeploymentItem filename="C:\RJ\TestesUsandoBancoDados\src\packages\mbunit.3.3.454.0\lib\net40\MbUnit.dll" />
      <DeploymentItem filename="C:\RJ\TestesUsandoBancoDados\src\packages\SharpTestsEx.1.1.1\lib\SharpTestsEx.dll" />
      <DeploymentItem filename="C:\RJ\TestesUsandoBancoDados\src\packages\NHibernate.Linq.1.0\lib\NHibernate.Linq.dll" />
      <DeploymentItem filename="C:\RJ\TestesUsandoBancoDados\src\packages\mbunit.3.3.454.0\lib\net40\Gallio40.dll" />
      <DeploymentItem filename="C:\RJ\TestesUsandoBancoDados\src\packages\Selenium.WebDriver.2.17.0\lib\net40\WebDriver.dll" />
      <DeploymentItem filename="C:\RJ\TestesUsandoBancoDados\src\packages\log4net.1.2.11\lib\net40-full\log4net.dll" />
    </Deployment>
    <Execution>
      <TestTypeSpecific />
      <AgentRule name="Execution Agents">
      </AgentRule>
    </Execution>
  </TestSettings>
  <Times creation="2014-10-25T00:11:02.2546313-02:00" queuing="2014-10-25T00:11:07.5586406-02:00" start="2014-10-25T00:11:07.7146409-02:00" finish="2014-10-25T00:11:15.5146546-02:00" />
  <ResultSummary outcome="Failed">
    <Counters total="6" executed="6" error="0" failed="6" timeout="0" aborted="0" inconclusive="0" passedButRunAborted="0" notRunnable="0" notExecuted="0" disconnected="0" warning="0" passed="0" completed="0" inProgress="0" pending="0" />
  </ResultSummary>
  <TestDefinitions>
    <GallioTestElement name="NaoEstaNoBD" storage="C:\RJ\TestesUsandoBancoDados\src\TestProject1\bin\Debug\TestProject1.dll" id="39386662-3636-6465-3762-646138656239" d3p1:Gallio.TestId="bf8966ed7bda8eb9" d3p1:Gallio.AssemblyName="TestProject1, Version=1.0.0.0, Culture=neutral, PublicKeyToken=null" d3p1:Gallio.NamespaceName="TestProject1.Testes" d3p1:Gallio.TypeName="TestProject1.Testes.TesteExclusaoProduto" d3p1:Gallio.MemberName="NaoEstaNoBD" d3p1:Gallio.ParameterName="" d3p1:Gallio.Path="C:\RJ\TestesUsandoBancoDados\src\TestProject1\Testes\TesteExclusaoProduto.cs" d3p1:Gallio.Line="39" d3p1:Gallio.Column="0" xmlns:d3p1="http://www.gallio.org/">
      <Execution id="7aea0000-407b-4a1d-9656-dd709880ce54" />
      <Properties>
        <Property>
          <Key>TestKind</Key>
          <Value>Test</Value>
        </Property>
      </Properties>
    </GallioTestElement>
    <GallioTestElement name="TemNomeCorreto" storage="C:\RJ\TestesUsandoBancoDados\src\TestProject1\bin\Debug\TestProject1.dll" id="61636461-3738-6433-3132-383331313434" d3p1:Gallio.TestId="adca873d12831144" d3p1:Gallio.AssemblyName="TestProject1, Version=1.0.0.0, Culture=neutral, PublicKeyToken=null" d3p1:Gallio.NamespaceName="TestProject1.Testes" d3p1:Gallio.TypeName="TestProject1.Testes.TesteConsultaProduto" d3p1:Gallio.MemberName="TemNomeCorreto" d3p1:Gallio.ParameterName="" d3p1:Gallio.Path="C:\RJ\TestesUsandoBancoDados\src\TestProject1\Testes\TesteConsultaProduto.cs" d3p1:Gallio.Line="34" d3p1:Gallio.Column="0" xmlns:d3p1="http://www.gallio.org/">
      <Execution id="a647cb87-c668-4efc-a993-8036a19e6508" />
      <Properties>
        <Property>
          <Key>TestKind</Key>
          <Value>Test</Value>
        </Property>
      </Properties>
    </GallioTestElement>
    <GallioTestElement name="teste_consulta_vendedor_inexistente" storage="C:\RJ\TestesUsandoBancoDados\src\TestProject1\bin\Debug\TestProject1.dll" id="31326566-3431-3439-6631-326662393032" d3p1:Gallio.TestId="fe211494f12fb902" d3p1:Gallio.AssemblyName="TestProject1, Version=1.0.0.0, Culture=neutral, PublicKeyToken=null" d3p1:Gallio.NamespaceName="TestProject1.Testes" d3p1:Gallio.TypeName="TestProject1.Testes.TesteRelatorioDeVenda" d3p1:Gallio.MemberName="teste_consulta_vendedor_inexistente" d3p1:Gallio.ParameterName="" d3p1:Gallio.Path="C:\RJ\TestesUsandoBancoDados\src\TestProject1\Testes\TesteRelatorioDeVenda.cs" d3p1:Gallio.Line="26" d3p1:Gallio.Column="0" xmlns:d3p1="http://www.gallio.org/">
      <Execution id="0a30f3e7-c732-4545-9f0d-f13dee23ce37" />
      <Properties>
        <Property>
          <Key>TestKind</Key>
          <Value>Test</Value>
        </Property>
      </Properties>
    </GallioTestElement>
    <GallioTestElement name="ExisteNoBD" storage="C:\RJ\TestesUsandoBancoDados\src\TestProject1\bin\Debug\TestProject1.dll" id="30393466-6234-6238-3934-393137663466" d3p1:Gallio.TestId="f4904b8b94917f4f" d3p1:Gallio.AssemblyName="TestProject1, Version=1.0.0.0, Culture=neutral, PublicKeyToken=null" d3p1:Gallio.NamespaceName="TestProject1.Testes" d3p1:Gallio.TypeName="TestProject1.Testes.TesteConsultaProduto" d3p1:Gallio.MemberName="ExisteNoBD" d3p1:Gallio.ParameterName="" d3p1:Gallio.Path="C:\RJ\TestesUsandoBancoDados\src\TestProject1\Testes\TesteConsultaProduto.cs" d3p1:Gallio.Line="24" d3p1:Gallio.Column="0" xmlns:d3p1="http://www.gallio.org/">
      <Execution id="113e599c-a9e6-4c25-bd21-0e51865f76c9" />
      <Properties>
        <Property>
          <Key>TestKind</Key>
          <Value>Test</Value>
        </Property>
      </Properties>
    </GallioTestElement>
    <GallioTestElement name="NaoEhIgualAZero" storage="C:\RJ\TestesUsandoBancoDados\src\TestProject1\bin\Debug\TestProject1.dll" id="37643634-3766-3465-3032-323030653834" d3p1:Gallio.TestId="46d7f7e402200e84" d3p1:Gallio.AssemblyName="TestProject1, Version=1.0.0.0, Culture=neutral, PublicKeyToken=null" d3p1:Gallio.NamespaceName="TestProject1.Testes" d3p1:Gallio.TypeName="TestProject1.Testes.TesteInclusaoProduto" d3p1:Gallio.MemberName="NaoEhIgualAZero" d3p1:Gallio.ParameterName="" d3p1:Gallio.Path="C:\RJ\TestesUsandoBancoDados\src\TestProject1\Testes\TesteInclusaoProduto.cs" d3p1:Gallio.Line="42" d3p1:Gallio.Column="0" xmlns:d3p1="http://www.gallio.org/">
      <Execution id="b3c7d1fb-6652-47de-b502-759a70436fcc" />
      <Properties>
        <Property>
          <Key>TestKind</Key>
          <Value>Test</Value>
        </Property>
      </Properties>
    </GallioTestElement>
    <GallioTestElement name="EstaNoBD" storage="C:\RJ\TestesUsandoBancoDados\src\TestProject1\bin\Debug\TestProject1.dll" id="31343639-6235-3730-3937-313936373661" d3p1:Gallio.TestId="96415b079719676a" d3p1:Gallio.AssemblyName="TestProject1, Version=1.0.0.0, Culture=neutral, PublicKeyToken=null" d3p1:Gallio.NamespaceName="TestProject1.Testes" d3p1:Gallio.TypeName="TestProject1.Testes.TesteInclusaoProduto" d3p1:Gallio.MemberName="EstaNoBD" d3p1:Gallio.ParameterName="" d3p1:Gallio.Path="C:\RJ\TestesUsandoBancoDados\src\TestProject1\Testes\TesteInclusaoProduto.cs" d3p1:Gallio.Line="48" d3p1:Gallio.Column="0" xmlns:d3p1="http://www.gallio.org/">
      <Execution id="1ca80ca5-b259-4c36-8ee0-339946d922f9" />
      <Properties>
        <Property>
          <Key>TestKind</Key>
          <Value>Test</Value>
        </Property>
      </Properties>
    </GallioTestElement>
  </TestDefinitions>
  <TestLists>
    <TestList name="Results Not in a List" id="8c84fa94-04c1-424b-9868-57a2d4851a1d" />
    <TestList name="All Loaded Results" id="19431567-8539-422a-85d7-44ee4e166bda" />
  </TestLists>
  <TestEntries>
    <TestEntry testId="30393466-6234-6238-3934-393137663466" executionId="113e599c-a9e6-4c25-bd21-0e51865f76c9" testListId="8c84fa94-04c1-424b-9868-57a2d4851a1d" />
    <TestEntry testId="31326566-3431-3439-6631-326662393032" executionId="0a30f3e7-c732-4545-9f0d-f13dee23ce37" testListId="8c84fa94-04c1-424b-9868-57a2d4851a1d" />
    <TestEntry testId="31343639-6235-3730-3937-313936373661" executionId="1ca80ca5-b259-4c36-8ee0-339946d922f9" testListId="8c84fa94-04c1-424b-9868-57a2d4851a1d" />
    <TestEntry testId="37643634-3766-3465-3032-323030653834" executionId="b3c7d1fb-6652-47de-b502-759a70436fcc" testListId="8c84fa94-04c1-424b-9868-57a2d4851a1d" />
    <TestEntry testId="39386662-3636-6465-3762-646138656239" executionId="7aea0000-407b-4a1d-9656-dd709880ce54" testListId="8c84fa94-04c1-424b-9868-57a2d4851a1d" />
    <TestEntry testId="61636461-3738-6433-3132-383331313434" executionId="a647cb87-c668-4efc-a993-8036a19e6508" testListId="8c84fa94-04c1-424b-9868-57a2d4851a1d" />
  </TestEntries>
  <Results>
    <GallioTestResult executionId="113e599c-a9e6-4c25-bd21-0e51865f76c9" testId="30393466-6234-6238-3934-393137663466" testName="ExisteNoBD" computerName="CFC-WINDOWS" duration="00:00:00.3800000" startTime="2014-10-25T00:11:13.0342502-02:00" endTime="2014-10-25T00:11:13.4554510-02:00" testType="f3589083-259c-4054-87f7-75cdad4b08e5" outcome="Failed" testListId="8c84fa94-04c1-424b-9868-57a2d4851a1d" relativeResultsDirectory="113e599c-a9e6-4c25-bd21-0e51865f76c9">
      <Output>
        <ErrorInfo>
          <Message>Set Up
System.Xml.XmlException: '&lt;' é um símbolo inesperado. O símbolo esperado é '&gt;'. Linha 15, posição 5.
LineNumber: 15
LinePosition: 5
SourceUri: 
   em System.Xml.XmlTextReaderImpl.Throw(Exception e)
   em System.Xml.XmlTextReaderImpl.Throw(String res, String[] args)
   em System.Xml.XmlTextReaderImpl.ThrowUnexpectedToken(String expectedToken1, String expectedToken2)
   em System.Xml.XmlTextReaderImpl.ParseEndElement()
   em System.Xml.XmlTextReaderImpl.ParseElementContent()
   em System.Xml.XmlTextReaderImpl.Read()
   em System.Xml.XmlTextReader.Read()
   em System.Data.DataTextReader.Read()
   em System.Data.XmlDataLoader.LoadColumn(DataColumn column, Object[] foundColumns)
   em System.Data.XmlDataLoader.LoadTable(DataTable table, Boolean isNested)
   em System.Data.XmlDataLoader.LoadData(XmlReader reader)
   em System.Data.DataSet.ReadXml(XmlReader reader, Boolean denyResolving)
   em System.Data.DataSet.ReadXml(Stream stream)
   em NDbUnit.Core.NDbUnitTest.DoReadXml(Stream xml, Boolean appendData)
   em NDbUnit.Core.NDbUnitTest.DoReadXml(String xmlFile, Boolean appendData)
   em NDbUnit.Core.NDbUnitTest.ReadXml(String xmlFile)
   em TestProject1.OperacoesDeTestes.CarregarBancoDeDados(String esquema, String dados) na C:\RJ\TestesUsandoBancoDados\src\TestProject1\infraTestes\OperacoesDeTestes.cs:linha 16
   em TestProject1.TesteBase.TestInitialize() na C:\RJ\TestesUsandoBancoDados\src\TestProject1\infraTestes\TesteBase.cs:linha 12</Message>
        </ErrorInfo>
      </Output>
    </GallioTestResult>
    <GallioTestResult executionId="0a30f3e7-c732-4545-9f0d-f13dee23ce37" testId="31326566-3431-3439-6631-326662393032" testName="teste_consulta_vendedor_inexistente" computerName="CFC-WINDOWS" duration="00:00:00.0250000" startTime="2014-10-25T00:11:13.7362514-02:00" endTime="2014-10-25T00:11:13.7674515-02:00" testType="f3589083-259c-4054-87f7-75cdad4b08e5" outcome="Failed" testListId="8c84fa94-04c1-424b-9868-57a2d4851a1d" relativeResultsDirectory="0a30f3e7-c732-4545-9f0d-f13dee23ce37">
      <Output>
        <ErrorInfo>
          <Message>Set Up
System.Xml.XmlException: '&lt;' é um símbolo inesperado. O símbolo esperado é '&gt;'. Linha 15, posição 5.
LineNumber: 15
LinePosition: 5
SourceUri: 
   em System.Xml.XmlTextReaderImpl.Throw(Exception e)
   em System.Xml.XmlTextReaderImpl.Throw(String res, String[] args)
   em System.Xml.XmlTextReaderImpl.ThrowUnexpectedToken(String expectedToken1, String expectedToken2)
   em System.Xml.XmlTextReaderImpl.ParseEndElement()
   em System.Xml.XmlTextReaderImpl.ParseElementContent()
   em System.Xml.XmlTextReaderImpl.Read()
   em System.Xml.XmlTextReader.Read()
   em System.Data.DataTextReader.Read()
   em System.Data.XmlDataLoader.LoadColumn(DataColumn column, Object[] foundColumns)
   em System.Data.XmlDataLoader.LoadTable(DataTable table, Boolean isNested)
   em System.Data.XmlDataLoader.LoadData(XmlReader reader)
   em System.Data.DataSet.ReadXml(XmlReader reader, Boolean denyResolving)
   em System.Data.DataSet.ReadXml(Stream stream)
   em NDbUnit.Core.NDbUnitTest.DoReadXml(Stream xml, Boolean appendData)
   em NDbUnit.Core.NDbUnitTest.DoReadXml(String xmlFile, Boolean appendData)
   em NDbUnit.Core.NDbUnitTest.ReadXml(String xmlFile)
   em TestProject1.OperacoesDeTestes.CarregarBancoDeDados(String esquema, String dados) na C:\RJ\TestesUsandoBancoDados\src\TestProject1\infraTestes\OperacoesDeTestes.cs:linha 16
   em TestProject1.TesteBase.TestInitialize() na C:\RJ\TestesUsandoBancoDados\src\TestProject1\infraTestes\TesteBase.cs:linha 12</Message>
        </ErrorInfo>
      </Output>
    </GallioTestResult>
    <GallioTestResult executionId="1ca80ca5-b259-4c36-8ee0-339946d922f9" testId="31343639-6235-3730-3937-313936373661" testName="EstaNoBD" computerName="CFC-WINDOWS" duration="00:00:00.0220000" startTime="2014-10-25T00:11:13.6582513-02:00" endTime="2014-10-25T00:11:13.6738513-02:00" testType="f3589083-259c-4054-87f7-75cdad4b08e5" outcome="Failed" testListId="8c84fa94-04c1-424b-9868-57a2d4851a1d" relativeResultsDirectory="1ca80ca5-b259-4c36-8ee0-339946d922f9">
      <Output>
        <ErrorInfo>
          <Message>Set Up
System.Xml.XmlException: '&lt;' é um símbolo inesperado. O símbolo esperado é '&gt;'. Linha 15, posição 5.
LineNumber: 15
LinePosition: 5
SourceUri: 
   em System.Xml.XmlTextReaderImpl.Throw(Exception e)
   em System.Xml.XmlTextReaderImpl.Throw(String res, String[] args)
   em System.Xml.XmlTextReaderImpl.ThrowUnexpectedToken(String expectedToken1, String expectedToken2)
   em System.Xml.XmlTextReaderImpl.ParseEndElement()
   em System.Xml.XmlTextReaderImpl.ParseElementContent()
   em System.Xml.XmlTextReaderImpl.Read()
   em System.Xml.XmlTextReader.Read()
   em System.Data.DataTextReader.Read()
   em System.Data.XmlDataLoader.LoadColumn(DataColumn column, Object[] foundColumns)
   em System.Data.XmlDataLoader.LoadTable(DataTable table, Boolean isNested)
   em System.Data.XmlDataLoader.LoadData(XmlReader reader)
   em System.Data.DataSet.ReadXml(XmlReader reader, Boolean denyResolving)
   em System.Data.DataSet.ReadXml(Stream stream)
   em NDbUnit.Core.NDbUnitTest.DoReadXml(Stream xml, Boolean appendData)
   em NDbUnit.Core.NDbUnitTest.DoReadXml(String xmlFile, Boolean appendData)
   em NDbUnit.Core.NDbUnitTest.ReadXml(String xmlFile)
   em TestProject1.OperacoesDeTestes.CarregarBancoDeDados(String esquema, String dados) na C:\RJ\TestesUsandoBancoDados\src\TestProject1\infraTestes\OperacoesDeTestes.cs:linha 16
   em TestProject1.TesteBase.TestInitialize() na C:\RJ\TestesUsandoBancoDados\src\TestProject1\infraTestes\TesteBase.cs:linha 12</Message>
        </ErrorInfo>
      </Output>
    </GallioTestResult>
    <GallioTestResult executionId="b3c7d1fb-6652-47de-b502-759a70436fcc" testId="37643634-3766-3465-3032-323030653834" testName="NaoEhIgualAZero" computerName="CFC-WINDOWS" duration="00:00:00.0260000" startTime="2014-10-25T00:11:13.6894514-02:00" endTime="2014-10-25T00:11:13.7206514-02:00" testType="f3589083-259c-4054-87f7-75cdad4b08e5" outcome="Failed" testListId="8c84fa94-04c1-424b-9868-57a2d4851a1d" relativeResultsDirectory="b3c7d1fb-6652-47de-b502-759a70436fcc">
      <Output>
        <ErrorInfo>
          <Message>Set Up
System.Xml.XmlException: '&lt;' é um símbolo inesperado. O símbolo esperado é '&gt;'. Linha 15, posição 5.
LineNumber: 15
LinePosition: 5
SourceUri: 
   em System.Xml.XmlTextReaderImpl.Throw(Exception e)
   em System.Xml.XmlTextReaderImpl.Throw(String res, String[] args)
   em System.Xml.XmlTextReaderImpl.ThrowUnexpectedToken(String expectedToken1, String expectedToken2)
   em System.Xml.XmlTextReaderImpl.ParseEndElement()
   em System.Xml.XmlTextReaderImpl.ParseElementContent()
   em System.Xml.XmlTextReaderImpl.Read()
   em System.Xml.XmlTextReader.Read()
   em System.Data.DataTextReader.Read()
   em System.Data.XmlDataLoader.LoadColumn(DataColumn column, Object[] foundColumns)
   em System.Data.XmlDataLoader.LoadTable(DataTable table, Boolean isNested)
   em System.Data.XmlDataLoader.LoadData(XmlReader reader)
   em System.Data.DataSet.ReadXml(XmlReader reader, Boolean denyResolving)
   em System.Data.DataSet.ReadXml(Stream stream)
   em NDbUnit.Core.NDbUnitTest.DoReadXml(Stream xml, Boolean appendData)
   em NDbUnit.Core.NDbUnitTest.DoReadXml(String xmlFile, Boolean appendData)
   em NDbUnit.Core.NDbUnitTest.ReadXml(String xmlFile)
   em TestProject1.OperacoesDeTestes.CarregarBancoDeDados(String esquema, String dados) na C:\RJ\TestesUsandoBancoDados\src\TestProject1\infraTestes\OperacoesDeTestes.cs:linha 16
   em TestProject1.TesteBase.TestInitialize() na C:\RJ\TestesUsandoBancoDados\src\TestProject1\infraTestes\TesteBase.cs:linha 12</Message>
        </ErrorInfo>
      </Output>
    </GallioTestResult>
    <GallioTestResult executionId="7aea0000-407b-4a1d-9656-dd709880ce54" testId="39386662-3636-6465-3762-646138656239" testName="NaoEstaNoBD" computerName="CFC-WINDOWS" duration="00:00:00.0200000" startTime="2014-10-25T00:11:13.6114512-02:00" endTime="2014-10-25T00:11:13.6426513-02:00" testType="f3589083-259c-4054-87f7-75cdad4b08e5" outcome="Failed" testListId="8c84fa94-04c1-424b-9868-57a2d4851a1d" relativeResultsDirectory="7aea0000-407b-4a1d-9656-dd709880ce54">
      <Output>
        <ErrorInfo>
          <Message>Set Up
System.Xml.XmlException: '&lt;' é um símbolo inesperado. O símbolo esperado é '&gt;'. Linha 15, posição 5.
LineNumber: 15
LinePosition: 5
SourceUri: 
   em System.Xml.XmlTextReaderImpl.Throw(Exception e)
   em System.Xml.XmlTextReaderImpl.Throw(String res, String[] args)
   em System.Xml.XmlTextReaderImpl.ThrowUnexpectedToken(String expectedToken1, String expectedToken2)
   em System.Xml.XmlTextReaderImpl.ParseEndElement()
   em System.Xml.XmlTextReaderImpl.ParseElementContent()
   em System.Xml.XmlTextReaderImpl.Read()
   em System.Xml.XmlTextReader.Read()
   em System.Data.DataTextReader.Read()
   em System.Data.XmlDataLoader.LoadColumn(DataColumn column, Object[] foundColumns)
   em System.Data.XmlDataLoader.LoadTable(DataTable table, Boolean isNested)
   em System.Data.XmlDataLoader.LoadData(XmlReader reader)
   em System.Data.DataSet.ReadXml(XmlReader reader, Boolean denyResolving)
   em System.Data.DataSet.ReadXml(Stream stream)
   em NDbUnit.Core.NDbUnitTest.DoReadXml(Stream xml, Boolean appendData)
   em NDbUnit.Core.NDbUnitTest.DoReadXml(String xmlFile, Boolean appendData)
   em NDbUnit.Core.NDbUnitTest.ReadXml(String xmlFile)
   em TestProject1.OperacoesDeTestes.CarregarBancoDeDados(String esquema, String dados) na C:\RJ\TestesUsandoBancoDados\src\TestProject1\infraTestes\OperacoesDeTestes.cs:linha 16
   em TestProject1.TesteBase.TestInitialize() na C:\RJ\TestesUsandoBancoDados\src\TestProject1\infraTestes\TesteBase.cs:linha 12</Message>
        </ErrorInfo>
      </Output>
    </GallioTestResult>
    <GallioTestResult executionId="a647cb87-c668-4efc-a993-8036a19e6508" testId="61636461-3738-6433-3132-383331313434" testName="TemNomeCorreto" computerName="CFC-WINDOWS" duration="00:00:00.0180000" startTime="2014-10-25T00:11:13.5646511-02:00" endTime="2014-10-25T00:11:13.6114512-02:00" testType="f3589083-259c-4054-87f7-75cdad4b08e5" outcome="Failed" testListId="8c84fa94-04c1-424b-9868-57a2d4851a1d" relativeResultsDirectory="a647cb87-c668-4efc-a993-8036a19e6508">
      <Output>
        <ErrorInfo>
          <Message>Set Up
System.Xml.XmlException: '&lt;' é um símbolo inesperado. O símbolo esperado é '&gt;'. Linha 15, posição 5.
LineNumber: 15
LinePosition: 5
SourceUri: 
   em System.Xml.XmlTextReaderImpl.Throw(Exception e)
   em System.Xml.XmlTextReaderImpl.Throw(String res, String[] args)
   em System.Xml.XmlTextReaderImpl.ThrowUnexpectedToken(String expectedToken1, String expectedToken2)
   em System.Xml.XmlTextReaderImpl.ParseEndElement()
   em System.Xml.XmlTextReaderImpl.ParseElementContent()
   em System.Xml.XmlTextReaderImpl.Read()
   em System.Xml.XmlTextReader.Read()
   em System.Data.DataTextReader.Read()
   em System.Data.XmlDataLoader.LoadColumn(DataColumn column, Object[] foundColumns)
   em System.Data.XmlDataLoader.LoadTable(DataTable table, Boolean isNested)
   em System.Data.XmlDataLoader.LoadData(XmlReader reader)
   em System.Data.DataSet.ReadXml(XmlReader reader, Boolean denyResolving)
   em System.Data.DataSet.ReadXml(Stream stream)
   em NDbUnit.Core.NDbUnitTest.DoReadXml(Stream xml, Boolean appendData)
   em NDbUnit.Core.NDbUnitTest.DoReadXml(String xmlFile, Boolean appendData)
   em NDbUnit.Core.NDbUnitTest.ReadXml(String xmlFile)
   em TestProject1.OperacoesDeTestes.CarregarBancoDeDados(String esquema, String dados) na C:\RJ\TestesUsandoBancoDados\src\TestProject1\infraTestes\OperacoesDeTestes.cs:linha 16
   em TestProject1.TesteBase.TestInitialize() na C:\RJ\TestesUsandoBancoDados\src\TestProject1\infraTestes\TesteBase.cs:linha 12</Message>
        </ErrorInfo>
      </Output>
    </GallioTestResult>
  </Results>
</TestRun>