<?xml version="1.0" encoding="UTF-8"?>
<TestRun id="8c6c2658-1515-4e45-b9fa-187deb6f0e84" name="cfc@CFC-WINDOWS 2014-10-25 11:51:37" runUser="cfc-windows\cfc" xmlns="http://microsoft.com/schemas/VisualStudio/TeamTest/2010">
  <TestSettings name="Default Test Settings" id="16cd23ff-549d-4243-a071-2f830d621752">
    <Deployment runDeploymentRoot="cfc_CFC-WINDOWS 2014-10-25 11_51_37">
      <DeploymentItem filename="C:\RJ\TestesUsandoBancoDados\src\packages\Castle.Windsor.2.5.4\lib\net40\Castle.Windsor.dll" />
      <DeploymentItem filename="C:\RJ\TestesUsandoBancoDados\src\packages\NHibernate.Castle.3.1.0.4000\lib\Net35\NHibernate.ByteCode.Castle.dll" />
      <DeploymentItem filename="C:\RJ\TestesUsandoBancoDados\src\packages\Newtonsoft.Json.4.0.4\lib\net40\Newtonsoft.Json.dll" />
      <DeploymentItem filename="C:\RJ\TestesUsandoBancoDados\src\packages\Castle.Facilities.NHibernateIntegration.1.1.0\lib\NET40\Castle.Facilities.NHibernateIntegration.dll" />
      <DeploymentItem filename="C:\RJ\TestesUsandoBancoDados\src\packages\mbunit.3.3.454.0\lib\net40\MbUnit40.dll" />
      <DeploymentItem filename="C:\RJ\TestesUsandoBancoDados\src\packages\NDbUnit.SqlClient.1.6.8.0\lib\Net35\NDbUnit.SqlClient.dll" />
      <DeploymentItem filename="C:\RJ\TestesUsandoBancoDados\src\packages\FluentNHibernate.1.2.0.712\lib\FluentNHibernate.dll" />
      <DeploymentItem filename="C:\RJ\TestesUsandoBancoDados\src\ClassLibrary1\bin\Debug\ClassLibrary1.dll" />
      <DeploymentItem filename="C:\RJ\TestesUsandoBancoDados\src\packages\DotNetZip.1.9.1.8\lib\net20\Ionic.Zip.dll" />
      <DeploymentItem filename="C:\RJ\TestesUsandoBancoDados\src\packages\Castle.Core.2.5.2\lib\NET35\Castle.Core.dll" />
      <DeploymentItem filename="C:\RJ\TestesUsandoBancoDados\src\packages\NHibernate.3.1.0.4000\lib\Net35\NHibernate.dll" />
      <DeploymentItem filename="C:\RJ\TestesUsandoBancoDados\src\packages\Iesi.Collections.3.2.0.4000\lib\Net35\Iesi.Collections.dll" />
      <DeploymentItem filename="C:\RJ\TestesUsandoBancoDados\src\packages\Selenium.Support.2.17.0\lib\net40\WebDriver.Support.dll" />
      <DeploymentItem filename="C:\RJ\TestesUsandoBancoDados\src\packages\NDbUnit.Core.1.6.8.0\lib\Net35\NDbUnit.Core.dll" />
      <DeploymentItem filename="C:\RJ\TestesUsandoBancoDados\src\packages\Castle.Services.Transaction.2.5.0\lib\NET40\Castle.Services.Transaction.dll" />
      <DeploymentItem filename="C:\RJ\TestesUsandoBancoDados\src\packages\SharpTestsEx.1.1.1\lib\SharpTestsEx.Mvc.dll" />
      <DeploymentItem filename="C:\RJ\TestesUsandoBancoDados\src\packages\mbunit.3.3.454.0\lib\net40\Gallio.dll" />
      <DeploymentItem filename="C:\RJ\TestesUsandoBancoDados\src\packages\mbunit.3.3.454.0\lib\net40\MbUnit.dll" />
      <DeploymentItem filename="C:\RJ\TestesUsandoBancoDados\src\packages\SharpTestsEx.1.1.1\lib\SharpTestsEx.dll" />
      <DeploymentItem filename="C:\RJ\TestesUsandoBancoDados\src\packages\NHibernate.Linq.1.0\lib\NHibernate.Linq.dll" />
      <DeploymentItem filename="C:\RJ\TestesUsandoBancoDados\src\packages\mbunit.3.3.454.0\lib\net40\Gallio40.dll" />
      <DeploymentItem filename="C:\RJ\TestesUsandoBancoDados\src\packages\Selenium.WebDriver.2.17.0\lib\net40\WebDriver.dll" />
      <DeploymentItem filename="C:\RJ\TestesUsandoBancoDados\src\packages\log4net.1.2.11\lib\net40-full\log4net.dll" />
    </Deployment>
    <Execution>
      <TestTypeSpecific />
      <AgentRule name="Execution Agents">
      </AgentRule>
    </Execution>
  </TestSettings>
  <Times creation="2014-10-25T11:51:37.4918128-02:00" queuing="2014-10-25T11:51:38.0540239-02:00" start="2014-10-25T11:51:38.1365252-02:00" finish="2014-10-25T11:51:42.0528609-02:00" />
  <ResultSummary outcome="Completed">
    <Counters total="7" executed="7" passed="7" error="0" failed="0" timeout="0" aborted="0" inconclusive="0" passedButRunAborted="0" notRunnable="0" notExecuted="0" disconnected="0" warning="0" completed="0" inProgress="0" pending="0" />
  </ResultSummary>
  <TestDefinitions>
    <GallioTestElement name="NaoEstaNoBD" storage="C:\RJ\TestesUsandoBancoDados\src\TestProject1\bin\Debug\TestProject1.dll" id="39386662-3636-6465-3762-646138656239" d3p1:Gallio.TestId="bf8966ed7bda8eb9" d3p1:Gallio.AssemblyName="TestProject1, Version=1.0.0.0, Culture=neutral, PublicKeyToken=null" d3p1:Gallio.NamespaceName="TestProject1.Testes" d3p1:Gallio.TypeName="TestProject1.Testes.TesteExclusaoProduto" d3p1:Gallio.MemberName="NaoEstaNoBD" d3p1:Gallio.ParameterName="" d3p1:Gallio.Path="C:\RJ\TestesUsandoBancoDados\src\TestProject1\Testes\TesteExclusaoProduto.cs" d3p1:Gallio.Line="39" d3p1:Gallio.Column="0" xmlns:d3p1="http://www.gallio.org/">
      <Execution id="5205a4df-b429-4923-9721-379087cd106d" />
      <Properties>
        <Property>
          <Key>TestKind</Key>
          <Value>Test</Value>
        </Property>
      </Properties>
    </GallioTestElement>
    <GallioTestElement name="TemNomeCorreto" storage="C:\RJ\TestesUsandoBancoDados\src\TestProject1\bin\Debug\TestProject1.dll" id="61636461-3738-6433-3132-383331313434" d3p1:Gallio.TestId="adca873d12831144" d3p1:Gallio.AssemblyName="TestProject1, Version=1.0.0.0, Culture=neutral, PublicKeyToken=null" d3p1:Gallio.NamespaceName="TestProject1.Testes" d3p1:Gallio.TypeName="TestProject1.Testes.TesteConsultaProduto" d3p1:Gallio.MemberName="TemNomeCorreto" d3p1:Gallio.ParameterName="" d3p1:Gallio.Path="C:\RJ\TestesUsandoBancoDados\src\TestProject1\Testes\TesteConsultaProduto.cs" d3p1:Gallio.Line="34" d3p1:Gallio.Column="0" xmlns:d3p1="http://www.gallio.org/">
      <Execution id="0cd82ce5-510d-4f4c-a6c8-b382e4f440e5" />
      <Properties>
        <Property>
          <Key>TestKind</Key>
          <Value>Test</Value>
        </Property>
      </Properties>
    </GallioTestElement>
    <GallioTestElement name="teste_consulta_vendedor_inexistente" storage="C:\RJ\TestesUsandoBancoDados\src\TestProject1\bin\Debug\TestProject1.dll" id="31326566-3431-3439-6631-326662393032" d3p1:Gallio.TestId="fe211494f12fb902" d3p1:Gallio.AssemblyName="TestProject1, Version=1.0.0.0, Culture=neutral, PublicKeyToken=null" d3p1:Gallio.NamespaceName="TestProject1.Testes" d3p1:Gallio.TypeName="TestProject1.Testes.TesteRelatorioDeVenda" d3p1:Gallio.MemberName="teste_consulta_vendedor_inexistente" d3p1:Gallio.ParameterName="" d3p1:Gallio.Path="C:\RJ\TestesUsandoBancoDados\src\TestProject1\Testes\TesteRelatorioDeVenda.cs" d3p1:Gallio.Line="27" d3p1:Gallio.Column="0" xmlns:d3p1="http://www.gallio.org/">
      <Execution id="657a2b1a-4e38-46c4-bf67-c6777978ce45" />
      <Properties>
        <Property>
          <Key>TestKind</Key>
          <Value>Test</Value>
        </Property>
      </Properties>
    </GallioTestElement>
    <GallioTestElement name="ExisteNoBD" storage="C:\RJ\TestesUsandoBancoDados\src\TestProject1\bin\Debug\TestProject1.dll" id="30393466-6234-6238-3934-393137663466" d3p1:Gallio.TestId="f4904b8b94917f4f" d3p1:Gallio.AssemblyName="TestProject1, Version=1.0.0.0, Culture=neutral, PublicKeyToken=null" d3p1:Gallio.NamespaceName="TestProject1.Testes" d3p1:Gallio.TypeName="TestProject1.Testes.TesteConsultaProduto" d3p1:Gallio.MemberName="ExisteNoBD" d3p1:Gallio.ParameterName="" d3p1:Gallio.Path="C:\RJ\TestesUsandoBancoDados\src\TestProject1\Testes\TesteConsultaProduto.cs" d3p1:Gallio.Line="24" d3p1:Gallio.Column="0" xmlns:d3p1="http://www.gallio.org/">
      <Execution id="7321e2c9-956a-4a04-b979-1a7b221ef151" />
      <Properties>
        <Property>
          <Key>TestKind</Key>
          <Value>Test</Value>
        </Property>
      </Properties>
    </GallioTestElement>
    <GallioTestElement name="teste_consulta_vendedor_existente" storage="C:\RJ\TestesUsandoBancoDados\src\TestProject1\bin\Debug\TestProject1.dll" id="36643536-6638-6536-3761-666465326231" d3p1:Gallio.TestId="65d68f6e7afde2b1" d3p1:Gallio.AssemblyName="TestProject1, Version=1.0.0.0, Culture=neutral, PublicKeyToken=null" d3p1:Gallio.NamespaceName="TestProject1.Testes" d3p1:Gallio.TypeName="TestProject1.Testes.TesteRelatorioDeVenda" d3p1:Gallio.MemberName="teste_consulta_vendedor_existente" d3p1:Gallio.ParameterName="" d3p1:Gallio.Path="C:\RJ\TestesUsandoBancoDados\src\TestProject1\Testes\TesteRelatorioDeVenda.cs" d3p1:Gallio.Line="39" d3p1:Gallio.Column="0" xmlns:d3p1="http://www.gallio.org/">
      <Execution id="9bd5136f-a193-4b1c-941c-003ef2b2a7ca" />
      <Properties>
        <Property>
          <Key>TestKind</Key>
          <Value>Test</Value>
        </Property>
      </Properties>
    </GallioTestElement>
    <GallioTestElement name="NaoEhIgualAZero" storage="C:\RJ\TestesUsandoBancoDados\src\TestProject1\bin\Debug\TestProject1.dll" id="37643634-3766-3465-3032-323030653834" d3p1:Gallio.TestId="46d7f7e402200e84" d3p1:Gallio.AssemblyName="TestProject1, Version=1.0.0.0, Culture=neutral, PublicKeyToken=null" d3p1:Gallio.NamespaceName="TestProject1.Testes" d3p1:Gallio.TypeName="TestProject1.Testes.TesteInclusaoProduto" d3p1:Gallio.MemberName="NaoEhIgualAZero" d3p1:Gallio.ParameterName="" d3p1:Gallio.Path="C:\RJ\TestesUsandoBancoDados\src\TestProject1\Testes\TesteInclusaoProduto.cs" d3p1:Gallio.Line="42" d3p1:Gallio.Column="0" xmlns:d3p1="http://www.gallio.org/">
      <Execution id="978fda1f-cdc9-4413-83a4-dd8ee01d82b9" />
      <Properties>
        <Property>
          <Key>TestKind</Key>
          <Value>Test</Value>
        </Property>
      </Properties>
    </GallioTestElement>
    <GallioTestElement name="EstaNoBD" storage="C:\RJ\TestesUsandoBancoDados\src\TestProject1\bin\Debug\TestProject1.dll" id="31343639-6235-3730-3937-313936373661" d3p1:Gallio.TestId="96415b079719676a" d3p1:Gallio.AssemblyName="TestProject1, Version=1.0.0.0, Culture=neutral, PublicKeyToken=null" d3p1:Gallio.NamespaceName="TestProject1.Testes" d3p1:Gallio.TypeName="TestProject1.Testes.TesteInclusaoProduto" d3p1:Gallio.MemberName="EstaNoBD" d3p1:Gallio.ParameterName="" d3p1:Gallio.Path="C:\RJ\TestesUsandoBancoDados\src\TestProject1\Testes\TesteInclusaoProduto.cs" d3p1:Gallio.Line="48" d3p1:Gallio.Column="0" xmlns:d3p1="http://www.gallio.org/">
      <Execution id="746275d9-61b4-4ac6-971c-6e6fecd845bc" />
      <Properties>
        <Property>
          <Key>TestKind</Key>
          <Value>Test</Value>
        </Property>
      </Properties>
    </GallioTestElement>
  </TestDefinitions>
  <TestLists>
    <TestList name="Results Not in a List" id="8c84fa94-04c1-424b-9868-57a2d4851a1d" />
    <TestList name="All Loaded Results" id="19431567-8539-422a-85d7-44ee4e166bda" />
  </TestLists>
  <TestEntries>
    <TestEntry testId="30393466-6234-6238-3934-393137663466" executionId="7321e2c9-956a-4a04-b979-1a7b221ef151" testListId="8c84fa94-04c1-424b-9868-57a2d4851a1d" />
    <TestEntry testId="31326566-3431-3439-6631-326662393032" executionId="657a2b1a-4e38-46c4-bf67-c6777978ce45" testListId="8c84fa94-04c1-424b-9868-57a2d4851a1d" />
    <TestEntry testId="31343639-6235-3730-3937-313936373661" executionId="746275d9-61b4-4ac6-971c-6e6fecd845bc" testListId="8c84fa94-04c1-424b-9868-57a2d4851a1d" />
    <TestEntry testId="36643536-6638-6536-3761-666465326231" executionId="9bd5136f-a193-4b1c-941c-003ef2b2a7ca" testListId="8c84fa94-04c1-424b-9868-57a2d4851a1d" />
    <TestEntry testId="37643634-3766-3465-3032-323030653834" executionId="978fda1f-cdc9-4413-83a4-dd8ee01d82b9" testListId="8c84fa94-04c1-424b-9868-57a2d4851a1d" />
    <TestEntry testId="39386662-3636-6465-3762-646138656239" executionId="5205a4df-b429-4923-9721-379087cd106d" testListId="8c84fa94-04c1-424b-9868-57a2d4851a1d" />
    <TestEntry testId="61636461-3738-6433-3132-383331313434" executionId="0cd82ce5-510d-4f4c-a6c8-b382e4f440e5" testListId="8c84fa94-04c1-424b-9868-57a2d4851a1d" />
  </TestEntries>
  <Results>
    <GallioTestResult executionId="7321e2c9-956a-4a04-b979-1a7b221ef151" testId="30393466-6234-6238-3934-393137663466" testName="ExisteNoBD" computerName="CFC-WINDOWS" duration="00:00:00.1590000" startTime="2014-10-25T11:51:41.4303556-02:00" endTime="2014-10-25T11:51:41.5903559-02:00" testType="f3589083-259c-4054-87f7-75cdad4b08e5" outcome="Passed" testListId="8c84fa94-04c1-424b-9868-57a2d4851a1d" relativeResultsDirectory="7321e2c9-956a-4a04-b979-1a7b221ef151">
      <Output>
        <StdOut>NHibernate: SELECT produto0_.Id as Id0_0_, produto0_.Nome as Nome0_0_ FROM [Produto] produto0_ WHERE produto0_.Id=@p0;@p0 = 1 [Type: Int32 (0)]</StdOut>
      </Output>
    </GallioTestResult>
    <GallioTestResult executionId="657a2b1a-4e38-46c4-bf67-c6777978ce45" testId="31326566-3431-3439-6631-326662393032" testName="teste_consulta_vendedor_inexistente" computerName="CFC-WINDOWS" duration="00:00:00.0310000" startTime="2014-10-25T11:51:41.9766097-02:00" endTime="2014-10-25T11:51:41.9953600-02:00" testType="f3589083-259c-4054-87f7-75cdad4b08e5" outcome="Passed" testListId="8c84fa94-04c1-424b-9868-57a2d4851a1d" relativeResultsDirectory="657a2b1a-4e38-46c4-bf67-c6777978ce45">
      <Output>
        <StdOut>NHibernate: select sum(v.valor)  from venda v where v.IdVendedor = @p0;@p0 = 0 [Type: Int32 (0)]</StdOut>
      </Output>
    </GallioTestResult>
    <GallioTestResult executionId="746275d9-61b4-4ac6-971c-6e6fecd845bc" testId="31343639-6235-3730-3937-313936373661" testName="EstaNoBD" computerName="CFC-WINDOWS" duration="00:00:00.0640000" startTime="2014-10-25T11:51:41.7591064-02:00" endTime="2014-10-25T11:51:41.8128572-02:00" testType="f3589083-259c-4054-87f7-75cdad4b08e5" outcome="Passed" testListId="8c84fa94-04c1-424b-9868-57a2d4851a1d" relativeResultsDirectory="746275d9-61b4-4ac6-971c-6e6fecd845bc">
      <Output>
        <StdOut>NHibernate: select NextHi from ProdutoId with (updlock, rowlock)
NHibernate: update ProdutoId set NextHi = @p0 where NextHi = @p1;@p0 = 11 [Type: Int32 (0)], @p1 = 10 [Type: Int32 (0)]
NHibernate: INSERT INTO [Produto] (Nome, Id) VALUES (@p0, @p1);@p0 = 'um' [Type: String (4000)], @p1 = 30 [Type: Int32 (0)]
NHibernate: SELECT produto0_.Id as Id0_0_, produto0_.Nome as Nome0_0_ FROM [Produto] produto0_ WHERE produto0_.Id=@p0;@p0 = 30 [Type: Int32 (0)]</StdOut>
      </Output>
    </GallioTestResult>
    <GallioTestResult executionId="9bd5136f-a193-4b1c-941c-003ef2b2a7ca" testId="36643536-6638-6536-3761-666465326231" testName="teste_consulta_vendedor_existente" computerName="CFC-WINDOWS" duration="00:00:00.1110000" startTime="2014-10-25T11:51:41.8716081-02:00" endTime="2014-10-25T11:51:41.9641095-02:00" testType="f3589083-259c-4054-87f7-75cdad4b08e5" outcome="Passed" testListId="8c84fa94-04c1-424b-9868-57a2d4851a1d" relativeResultsDirectory="9bd5136f-a193-4b1c-941c-003ef2b2a7ca">
      <Output>
        <StdOut>NHibernate: select sum(v.valor)  from venda v where v.IdVendedor = @p0;@p0 = 1 [Type: Int32 (0)]</StdOut>
      </Output>
    </GallioTestResult>
    <GallioTestResult executionId="978fda1f-cdc9-4413-83a4-dd8ee01d82b9" testId="37643634-3766-3465-3032-323030653834" testName="NaoEhIgualAZero" computerName="CFC-WINDOWS" duration="00:00:00.0350000" startTime="2014-10-25T11:51:41.8253574-02:00" endTime="2014-10-25T11:51:41.8491078-02:00" testType="f3589083-259c-4054-87f7-75cdad4b08e5" outcome="Passed" testListId="8c84fa94-04c1-424b-9868-57a2d4851a1d" relativeResultsDirectory="978fda1f-cdc9-4413-83a4-dd8ee01d82b9">
      <Output>
        <StdOut>NHibernate: INSERT INTO [Produto] (Nome, Id) VALUES (@p0, @p1);@p0 = 'um' [Type: String (4000)], @p1 = 31 [Type: Int32 (0)]</StdOut>
      </Output>
    </GallioTestResult>
    <GallioTestResult executionId="5205a4df-b429-4923-9721-379087cd106d" testId="39386662-3636-6465-3762-646138656239" testName="NaoEstaNoBD" computerName="CFC-WINDOWS" duration="00:00:00.0910000" startTime="2014-10-25T11:51:41.6653560-02:00" endTime="2014-10-25T11:51:41.7428561-02:00" testType="f3589083-259c-4054-87f7-75cdad4b08e5" outcome="Passed" testListId="8c84fa94-04c1-424b-9868-57a2d4851a1d" relativeResultsDirectory="5205a4df-b429-4923-9721-379087cd106d">
      <Output>
        <StdOut>NHibernate: SELECT produto0_.Id as Id0_0_, produto0_.Nome as Nome0_0_ FROM [Produto] produto0_ WHERE produto0_.Id=@p0;@p0 = 1 [Type: Int32 (0)]
NHibernate: DELETE FROM [Produto] WHERE Id = @p0;@p0 = 1 [Type: Int32 (0)]
NHibernate: SELECT produto0_.Id as Id0_0_, produto0_.Nome as Nome0_0_ FROM [Produto] produto0_ WHERE produto0_.Id=@p0;@p0 = 1 [Type: Int32 (0)]</StdOut>
      </Output>
    </GallioTestResult>
    <GallioTestResult executionId="0cd82ce5-510d-4f4c-a6c8-b382e4f440e5" testId="61636461-3738-6433-3132-383331313434" testName="TemNomeCorreto" computerName="CFC-WINDOWS" duration="00:00:00.0450000" startTime="2014-10-25T11:51:41.6003559-02:00" endTime="2014-10-25T11:51:41.6453559-02:00" testType="f3589083-259c-4054-87f7-75cdad4b08e5" outcome="Passed" testListId="8c84fa94-04c1-424b-9868-57a2d4851a1d" relativeResultsDirectory="0cd82ce5-510d-4f4c-a6c8-b382e4f440e5">
      <Output>
        <StdOut>NHibernate: SELECT produto0_.Id as Id0_0_, produto0_.Nome as Nome0_0_ FROM [Produto] produto0_ WHERE produto0_.Id=@p0;@p0 = 1 [Type: Int32 (0)]</StdOut>
      </Output>
    </GallioTestResult>
  </Results>
</TestRun>