<?xml version="1.0" encoding="UTF-8"?>
<TestRun id="52da3f9d-a470-4e55-9856-f703462e6a74" name="cfc@CFC-WINDOWS 2014-10-25 12:21:02" runUser="cfc-windows\cfc" xmlns="http://microsoft.com/schemas/VisualStudio/TeamTest/2010">
  <TestSettings name="Default Test Settings" id="d7d65738-3e53-4260-b402-e34d491ca7d9">
    <Deployment runDeploymentRoot="cfc_CFC-WINDOWS 2014-10-25 12_21_02">
      <DeploymentItem filename="C:\RJ\TestesUsandoBancoDados\src\packages\Castle.Windsor.2.5.4\lib\net40\Castle.Windsor.dll" />
      <DeploymentItem filename="C:\RJ\TestesUsandoBancoDados\src\packages\NHibernate.Castle.3.1.0.4000\lib\Net35\NHibernate.ByteCode.Castle.dll" />
      <DeploymentItem filename="C:\RJ\TestesUsandoBancoDados\src\packages\Newtonsoft.Json.4.0.4\lib\net40\Newtonsoft.Json.dll" />
      <DeploymentItem filename="C:\RJ\TestesUsandoBancoDados\src\packages\Castle.Facilities.NHibernateIntegration.1.1.0\lib\NET40\Castle.Facilities.NHibernateIntegration.dll" />
      <DeploymentItem filename="C:\RJ\TestesUsandoBancoDados\src\packages\mbunit.3.3.454.0\lib\net40\MbUnit40.dll" />
      <DeploymentItem filename="C:\RJ\TestesUsandoBancoDados\src\packages\NDbUnit.SqlClient.1.6.8.0\lib\Net35\NDbUnit.SqlClient.dll" />
      <DeploymentItem filename="C:\RJ\TestesUsandoBancoDados\src\packages\FluentNHibernate.1.2.0.712\lib\FluentNHibernate.dll" />
      <DeploymentItem filename="C:\RJ\TestesUsandoBancoDados\src\ClassLibrary1\bin\Debug\ClassLibrary1.dll" />
      <DeploymentItem filename="C:\RJ\TestesUsandoBancoDados\src\packages\DotNetZip.1.9.1.8\lib\net20\Ionic.Zip.dll" />
      <DeploymentItem filename="C:\RJ\TestesUsandoBancoDados\src\packages\Castle.Core.2.5.2\lib\NET35\Castle.Core.dll" />
      <DeploymentItem filename="C:\RJ\TestesUsandoBancoDados\src\packages\NHibernate.3.1.0.4000\lib\Net35\NHibernate.dll" />
      <DeploymentItem filename="C:\RJ\TestesUsandoBancoDados\src\packages\Iesi.Collections.3.2.0.4000\lib\Net35\Iesi.Collections.dll" />
      <DeploymentItem filename="C:\RJ\TestesUsandoBancoDados\src\packages\Selenium.Support.2.17.0\lib\net40\WebDriver.Support.dll" />
      <DeploymentItem filename="C:\RJ\TestesUsandoBancoDados\src\packages\NDbUnit.Core.1.6.8.0\lib\Net35\NDbUnit.Core.dll" />
      <DeploymentItem filename="C:\RJ\TestesUsandoBancoDados\src\packages\Castle.Services.Transaction.2.5.0\lib\NET40\Castle.Services.Transaction.dll" />
      <DeploymentItem filename="C:\RJ\TestesUsandoBancoDados\src\packages\SharpTestsEx.1.1.1\lib\SharpTestsEx.Mvc.dll" />
      <DeploymentItem filename="C:\RJ\TestesUsandoBancoDados\src\packages\mbunit.3.3.454.0\lib\net40\Gallio.dll" />
      <DeploymentItem filename="C:\RJ\TestesUsandoBancoDados\src\packages\mbunit.3.3.454.0\lib\net40\MbUnit.dll" />
      <DeploymentItem filename="C:\RJ\TestesUsandoBancoDados\src\packages\SharpTestsEx.1.1.1\lib\SharpTestsEx.dll" />
      <DeploymentItem filename="C:\RJ\TestesUsandoBancoDados\src\packages\NHibernate.Linq.1.0\lib\NHibernate.Linq.dll" />
      <DeploymentItem filename="C:\RJ\TestesUsandoBancoDados\src\packages\mbunit.3.3.454.0\lib\net40\Gallio40.dll" />
      <DeploymentItem filename="C:\RJ\TestesUsandoBancoDados\src\packages\Selenium.WebDriver.2.17.0\lib\net40\WebDriver.dll" />
      <DeploymentItem filename="C:\RJ\TestesUsandoBancoDados\src\packages\log4net.1.2.11\lib\net40-full\log4net.dll" />
    </Deployment>
    <Execution>
      <TestTypeSpecific />
      <AgentRule name="Execution Agents">
      </AgentRule>
    </Execution>
  </TestSettings>
  <Times creation="2014-10-25T12:21:02.0610395-02:00" queuing="2014-10-25T12:21:02.4080594-02:00" start="2014-10-25T12:21:02.4736623-02:00" finish="2014-10-25T12:21:05.4075194-02:00" />
  <ResultSummary outcome="Failed">
    <Counters total="9" executed="9" passed="8" error="0" failed="1" timeout="0" aborted="0" inconclusive="0" passedButRunAborted="0" notRunnable="0" notExecuted="0" disconnected="0" warning="0" completed="0" inProgress="0" pending="0" />
  </ResultSummary>
  <TestDefinitions>
    <GallioTestElement name="NaoEstaNoBD" storage="C:\RJ\TestesUsandoBancoDados\src\TestProject1\bin\Debug\TestProject1.dll" id="39386662-3636-6465-3762-646138656239" d3p1:Gallio.TestId="bf8966ed7bda8eb9" d3p1:Gallio.AssemblyName="TestProject1, Version=1.0.0.0, Culture=neutral, PublicKeyToken=null" d3p1:Gallio.NamespaceName="TestProject1.Testes" d3p1:Gallio.TypeName="TestProject1.Testes.TesteExclusaoProduto" d3p1:Gallio.MemberName="NaoEstaNoBD" d3p1:Gallio.ParameterName="" d3p1:Gallio.Path="C:\RJ\TestesUsandoBancoDados\src\TestProject1\Testes\TesteExclusaoProduto.cs" d3p1:Gallio.Line="39" d3p1:Gallio.Column="0" xmlns:d3p1="http://www.gallio.org/">
      <Execution id="ef5d49fd-23c3-44ce-98d6-3b1b65994502" />
      <Properties>
        <Property>
          <Key>TestKind</Key>
          <Value>Test</Value>
        </Property>
      </Properties>
    </GallioTestElement>
    <GallioTestElement name="TemNomeCorreto" storage="C:\RJ\TestesUsandoBancoDados\src\TestProject1\bin\Debug\TestProject1.dll" id="61636461-3738-6433-3132-383331313434" d3p1:Gallio.TestId="adca873d12831144" d3p1:Gallio.AssemblyName="TestProject1, Version=1.0.0.0, Culture=neutral, PublicKeyToken=null" d3p1:Gallio.NamespaceName="TestProject1.Testes" d3p1:Gallio.TypeName="TestProject1.Testes.TesteConsultaProduto" d3p1:Gallio.MemberName="TemNomeCorreto" d3p1:Gallio.ParameterName="" d3p1:Gallio.Path="C:\RJ\TestesUsandoBancoDados\src\TestProject1\Testes\TesteConsultaProduto.cs" d3p1:Gallio.Line="34" d3p1:Gallio.Column="0" xmlns:d3p1="http://www.gallio.org/">
      <Execution id="6c4ee54b-7de9-4885-9ea1-d4382e7e33a5" />
      <Properties>
        <Property>
          <Key>TestKind</Key>
          <Value>Test</Value>
        </Property>
      </Properties>
    </GallioTestElement>
    <GallioTestElement name="NaoEhIgualAZero" storage="C:\RJ\TestesUsandoBancoDados\src\TestProject1\bin\Debug\TestProject1.dll" id="37643634-3766-3465-3032-323030653834" d3p1:Gallio.TestId="46d7f7e402200e84" d3p1:Gallio.AssemblyName="TestProject1, Version=1.0.0.0, Culture=neutral, PublicKeyToken=null" d3p1:Gallio.NamespaceName="TestProject1.Testes" d3p1:Gallio.TypeName="TestProject1.Testes.TesteInclusaoProduto" d3p1:Gallio.MemberName="NaoEhIgualAZero" d3p1:Gallio.ParameterName="" d3p1:Gallio.Path="C:\RJ\TestesUsandoBancoDados\src\TestProject1\Testes\TesteInclusaoProduto.cs" d3p1:Gallio.Line="42" d3p1:Gallio.Column="0" xmlns:d3p1="http://www.gallio.org/">
      <Execution id="dbbb16de-3e1c-4909-b4af-689d50990cde" />
      <Properties>
        <Property>
          <Key>TestKind</Key>
          <Value>Test</Value>
        </Property>
      </Properties>
    </GallioTestElement>
    <GallioTestElement name="teste_consulta_vendedor_inexistente" storage="C:\RJ\TestesUsandoBancoDados\src\TestProject1\bin\Debug\TestProject1.dll" id="31326566-3431-3439-6631-326662393032" d3p1:Gallio.TestId="fe211494f12fb902" d3p1:Gallio.AssemblyName="TestProject1, Version=1.0.0.0, Culture=neutral, PublicKeyToken=null" d3p1:Gallio.NamespaceName="TestProject1.Testes" d3p1:Gallio.TypeName="TestProject1.Testes.TesteRelatorioDeVenda" d3p1:Gallio.MemberName="teste_consulta_vendedor_inexistente" d3p1:Gallio.ParameterName="" d3p1:Gallio.Path="C:\RJ\TestesUsandoBancoDados\src\TestProject1\Testes\TesteRelatorioDeVenda.cs" d3p1:Gallio.Line="27" d3p1:Gallio.Column="0" xmlns:d3p1="http://www.gallio.org/">
      <Execution id="a73d66d4-9059-4942-a9eb-b51c2712f3fb" />
      <Properties>
        <Property>
          <Key>TestKind</Key>
          <Value>Test</Value>
        </Property>
      </Properties>
    </GallioTestElement>
    <GallioTestElement name="teste_consulta_vendedor_vendas_em_mais_de_1_ano" storage="C:\RJ\TestesUsandoBancoDados\src\TestProject1\bin\Debug\TestProject1.dll" id="37323835-3766-6239-3332-343736356265" d3p1:Gallio.TestId="5827f79b324765be" d3p1:Gallio.AssemblyName="TestProject1, Version=1.0.0.0, Culture=neutral, PublicKeyToken=null" d3p1:Gallio.NamespaceName="TestProject1.Testes" d3p1:Gallio.TypeName="TestProject1.Testes.TesteRelatorioDeVenda" d3p1:Gallio.MemberName="teste_consulta_vendedor_vendas_em_mais_de_1_ano" d3p1:Gallio.ParameterName="" d3p1:Gallio.Path="C:\RJ\TestesUsandoBancoDados\src\TestProject1\Testes\TesteRelatorioDeVenda.cs" d3p1:Gallio.Line="62" d3p1:Gallio.Column="0" xmlns:d3p1="http://www.gallio.org/">
      <Execution id="692b3c2f-c794-448e-b7e4-12e4e97326a5" />
      <Properties>
        <Property>
          <Key>TestKind</Key>
          <Value>Test</Value>
        </Property>
      </Properties>
    </GallioTestElement>
    <GallioTestElement name="ExisteNoBD" storage="C:\RJ\TestesUsandoBancoDados\src\TestProject1\bin\Debug\TestProject1.dll" id="30393466-6234-6238-3934-393137663466" d3p1:Gallio.TestId="f4904b8b94917f4f" d3p1:Gallio.AssemblyName="TestProject1, Version=1.0.0.0, Culture=neutral, PublicKeyToken=null" d3p1:Gallio.NamespaceName="TestProject1.Testes" d3p1:Gallio.TypeName="TestProject1.Testes.TesteConsultaProduto" d3p1:Gallio.MemberName="ExisteNoBD" d3p1:Gallio.ParameterName="" d3p1:Gallio.Path="C:\RJ\TestesUsandoBancoDados\src\TestProject1\Testes\TesteConsultaProduto.cs" d3p1:Gallio.Line="24" d3p1:Gallio.Column="0" xmlns:d3p1="http://www.gallio.org/">
      <Execution id="d332eed1-5181-4314-bf90-c06a9db6a507" />
      <Properties>
        <Property>
          <Key>TestKind</Key>
          <Value>Test</Value>
        </Property>
      </Properties>
    </GallioTestElement>
    <GallioTestElement name="teste_consulta_vendedor_duas_ou_mais_vendas_ano" storage="C:\RJ\TestesUsandoBancoDados\src\TestProject1\bin\Debug\TestProject1.dll" id="30396361-3233-3436-6130-306463636639" d3p1:Gallio.TestId="ac903264a00dccf9" d3p1:Gallio.AssemblyName="TestProject1, Version=1.0.0.0, Culture=neutral, PublicKeyToken=null" d3p1:Gallio.NamespaceName="TestProject1.Testes" d3p1:Gallio.TypeName="TestProject1.Testes.TesteRelatorioDeVenda" d3p1:Gallio.MemberName="teste_consulta_vendedor_duas_ou_mais_vendas_ano" d3p1:Gallio.ParameterName="" d3p1:Gallio.Path="C:\RJ\TestesUsandoBancoDados\src\TestProject1\Testes\TesteRelatorioDeVenda.cs" d3p1:Gallio.Line="50" d3p1:Gallio.Column="0" xmlns:d3p1="http://www.gallio.org/">
      <Execution id="d9bfa9bd-6e89-4882-afa5-341b648d48b9" />
      <Properties>
        <Property>
          <Key>TestKind</Key>
          <Value>Test</Value>
        </Property>
      </Properties>
    </GallioTestElement>
    <GallioTestElement name="teste_consulta_vendedor_com_uma_venda" storage="C:\RJ\TestesUsandoBancoDados\src\TestProject1\bin\Debug\TestProject1.dll" id="65633635-3633-3536-3937-313163643339" d3p1:Gallio.TestId="56ce36659711cd39" d3p1:Gallio.AssemblyName="TestProject1, Version=1.0.0.0, Culture=neutral, PublicKeyToken=null" d3p1:Gallio.NamespaceName="TestProject1.Testes" d3p1:Gallio.TypeName="TestProject1.Testes.TesteRelatorioDeVenda" d3p1:Gallio.MemberName="teste_consulta_vendedor_com_uma_venda" d3p1:Gallio.ParameterName="" d3p1:Gallio.Path="C:\RJ\TestesUsandoBancoDados\src\TestProject1\Testes\TesteRelatorioDeVenda.cs" d3p1:Gallio.Line="39" d3p1:Gallio.Column="0" xmlns:d3p1="http://www.gallio.org/">
      <Execution id="ee915266-14da-4d1f-83f0-11fb66410f5e" />
      <Properties>
        <Property>
          <Key>TestKind</Key>
          <Value>Test</Value>
        </Property>
      </Properties>
    </GallioTestElement>
    <GallioTestElement name="EstaNoBD" storage="C:\RJ\TestesUsandoBancoDados\src\TestProject1\bin\Debug\TestProject1.dll" id="31343639-6235-3730-3937-313936373661" d3p1:Gallio.TestId="96415b079719676a" d3p1:Gallio.AssemblyName="TestProject1, Version=1.0.0.0, Culture=neutral, PublicKeyToken=null" d3p1:Gallio.NamespaceName="TestProject1.Testes" d3p1:Gallio.TypeName="TestProject1.Testes.TesteInclusaoProduto" d3p1:Gallio.MemberName="EstaNoBD" d3p1:Gallio.ParameterName="" d3p1:Gallio.Path="C:\RJ\TestesUsandoBancoDados\src\TestProject1\Testes\TesteInclusaoProduto.cs" d3p1:Gallio.Line="48" d3p1:Gallio.Column="0" xmlns:d3p1="http://www.gallio.org/">
      <Execution id="47de65e0-4f7b-4ebf-8707-d596963a9567" />
      <Properties>
        <Property>
          <Key>TestKind</Key>
          <Value>Test</Value>
        </Property>
      </Properties>
    </GallioTestElement>
  </TestDefinitions>
  <TestLists>
    <TestList name="Results Not in a List" id="8c84fa94-04c1-424b-9868-57a2d4851a1d" />
    <TestList name="All Loaded Results" id="19431567-8539-422a-85d7-44ee4e166bda" />
  </TestLists>
  <TestEntries>
    <TestEntry testId="30393466-6234-6238-3934-393137663466" executionId="d332eed1-5181-4314-bf90-c06a9db6a507" testListId="8c84fa94-04c1-424b-9868-57a2d4851a1d" />
    <TestEntry testId="30396361-3233-3436-6130-306463636639" executionId="d9bfa9bd-6e89-4882-afa5-341b648d48b9" testListId="8c84fa94-04c1-424b-9868-57a2d4851a1d" />
    <TestEntry testId="31326566-3431-3439-6631-326662393032" executionId="a73d66d4-9059-4942-a9eb-b51c2712f3fb" testListId="8c84fa94-04c1-424b-9868-57a2d4851a1d" />
    <TestEntry testId="31343639-6235-3730-3937-313936373661" executionId="47de65e0-4f7b-4ebf-8707-d596963a9567" testListId="8c84fa94-04c1-424b-9868-57a2d4851a1d" />
    <TestEntry testId="37323835-3766-6239-3332-343736356265" executionId="692b3c2f-c794-448e-b7e4-12e4e97326a5" testListId="8c84fa94-04c1-424b-9868-57a2d4851a1d" />
    <TestEntry testId="37643634-3766-3465-3032-323030653834" executionId="dbbb16de-3e1c-4909-b4af-689d50990cde" testListId="8c84fa94-04c1-424b-9868-57a2d4851a1d" />
    <TestEntry testId="39386662-3636-6465-3762-646138656239" executionId="ef5d49fd-23c3-44ce-98d6-3b1b65994502" testListId="8c84fa94-04c1-424b-9868-57a2d4851a1d" />
    <TestEntry testId="61636461-3738-6433-3132-383331313434" executionId="6c4ee54b-7de9-4885-9ea1-d4382e7e33a5" testListId="8c84fa94-04c1-424b-9868-57a2d4851a1d" />
    <TestEntry testId="65633635-3633-3536-3937-313163643339" executionId="ee915266-14da-4d1f-83f0-11fb66410f5e" testListId="8c84fa94-04c1-424b-9868-57a2d4851a1d" />
  </TestEntries>
  <Results>
    <GallioTestResult executionId="d332eed1-5181-4314-bf90-c06a9db6a507" testId="30393466-6234-6238-3934-393137663466" testName="ExisteNoBD" computerName="CFC-WINDOWS" duration="00:00:00.1360000" startTime="2014-10-25T12:21:04.7144797-02:00" endTime="2014-10-25T12:21:04.8514876-02:00" testType="f3589083-259c-4054-87f7-75cdad4b08e5" outcome="Passed" testListId="8c84fa94-04c1-424b-9868-57a2d4851a1d" relativeResultsDirectory="d332eed1-5181-4314-bf90-c06a9db6a507">
      <Output>
        <StdOut>NHibernate: SELECT produto0_.Id as Id0_0_, produto0_.Nome as Nome0_0_ FROM [Produto] produto0_ WHERE produto0_.Id=@p0;@p0 = 1 [Type: Int32 (0)]</StdOut>
      </Output>
    </GallioTestResult>
    <GallioTestResult executionId="d9bfa9bd-6e89-4882-afa5-341b648d48b9" testId="30396361-3233-3436-6130-306463636639" testName="teste_consulta_vendedor_duas_ou_mais_vendas_ano" computerName="CFC-WINDOWS" duration="00:00:00.0260000" startTime="2014-10-25T12:21:05.1665056-02:00" endTime="2014-10-25T12:21:05.1825065-02:00" testType="f3589083-259c-4054-87f7-75cdad4b08e5" outcome="Passed" testListId="8c84fa94-04c1-424b-9868-57a2d4851a1d" relativeResultsDirectory="d9bfa9bd-6e89-4882-afa5-341b648d48b9">
      <Output>
        <StdOut>NHibernate: select sum(v.valor)  from venda v where v.IdVendedor = @p0;@p0 = 2 [Type: Int32 (0)]</StdOut>
      </Output>
    </GallioTestResult>
    <GallioTestResult executionId="a73d66d4-9059-4942-a9eb-b51c2712f3fb" testId="31326566-3431-3439-6631-326662393032" testName="teste_consulta_vendedor_inexistente" computerName="CFC-WINDOWS" duration="00:00:00.0260000" startTime="2014-10-25T12:21:05.1935071-02:00" endTime="2014-10-25T12:21:05.2095080-02:00" testType="f3589083-259c-4054-87f7-75cdad4b08e5" outcome="Passed" testListId="8c84fa94-04c1-424b-9868-57a2d4851a1d" relativeResultsDirectory="a73d66d4-9059-4942-a9eb-b51c2712f3fb">
      <Output>
        <StdOut>NHibernate: select sum(v.valor)  from venda v where v.IdVendedor = @p0;@p0 = 0 [Type: Int32 (0)]</StdOut>
      </Output>
    </GallioTestResult>
    <GallioTestResult executionId="47de65e0-4f7b-4ebf-8707-d596963a9567" testId="31343639-6235-3730-3937-313936373661" testName="EstaNoBD" computerName="CFC-WINDOWS" duration="00:00:00.0590000" startTime="2014-10-25T12:21:04.9954958-02:00" endTime="2014-10-25T12:21:05.0434985-02:00" testType="f3589083-259c-4054-87f7-75cdad4b08e5" outcome="Passed" testListId="8c84fa94-04c1-424b-9868-57a2d4851a1d" relativeResultsDirectory="47de65e0-4f7b-4ebf-8707-d596963a9567">
      <Output>
        <StdOut>NHibernate: select NextHi from ProdutoId with (updlock, rowlock)
NHibernate: update ProdutoId set NextHi = @p0 where NextHi = @p1;@p0 = 11 [Type: Int32 (0)], @p1 = 10 [Type: Int32 (0)]
NHibernate: INSERT INTO [Produto] (Nome, Id) VALUES (@p0, @p1);@p0 = 'um' [Type: String (4000)], @p1 = 30 [Type: Int32 (0)]
NHibernate: SELECT produto0_.Id as Id0_0_, produto0_.Nome as Nome0_0_ FROM [Produto] produto0_ WHERE produto0_.Id=@p0;@p0 = 30 [Type: Int32 (0)]</StdOut>
      </Output>
    </GallioTestResult>
    <GallioTestResult executionId="692b3c2f-c794-448e-b7e4-12e4e97326a5" testId="37323835-3766-6239-3332-343736356265" testName="teste_consulta_vendedor_vendas_em_mais_de_1_ano" computerName="CFC-WINDOWS" duration="00:00:00.1000000" startTime="2014-10-25T12:21:05.2205087-02:00" endTime="2014-10-25T12:21:05.3175142-02:00" testType="f3589083-259c-4054-87f7-75cdad4b08e5" outcome="Failed" testListId="8c84fa94-04c1-424b-9868-57a2d4851a1d" relativeResultsDirectory="692b3c2f-c794-448e-b7e4-12e4e97326a5">
      <Output>
        <StdOut>NHibernate: select sum(v.valor)  from venda v where v.IdVendedor = @p0;@p0 = 3 [Type: Int32 (0)]</StdOut>
        <ErrorInfo>
          <Message>Expected values to be equal.

Expected Value : 101m
Actual Value   : 601m

   em TestProject1.Testes.TesteRelatorioDeVenda.teste_consulta_vendedor_vendas_em_mais_de_1_ano() na C:\RJ\TestesUsandoBancoDados\src\TestProject1\Testes\TesteRelatorioDeVenda.cs:linha 69
</Message>
        </ErrorInfo>
      </Output>
    </GallioTestResult>
    <GallioTestResult executionId="dbbb16de-3e1c-4909-b4af-689d50990cde" testId="37643634-3766-3465-3032-323030653834" testName="NaoEhIgualAZero" computerName="CFC-WINDOWS" duration="00:00:00.0290000" startTime="2014-10-25T12:21:05.0554992-02:00" endTime="2014-10-25T12:21:05.0745003-02:00" testType="f3589083-259c-4054-87f7-75cdad4b08e5" outcome="Passed" testListId="8c84fa94-04c1-424b-9868-57a2d4851a1d" relativeResultsDirectory="dbbb16de-3e1c-4909-b4af-689d50990cde">
      <Output>
        <StdOut>NHibernate: INSERT INTO [Produto] (Nome, Id) VALUES (@p0, @p1);@p0 = 'um' [Type: String (4000)], @p1 = 31 [Type: Int32 (0)]</StdOut>
      </Output>
    </GallioTestResult>
    <GallioTestResult executionId="ef5d49fd-23c3-44ce-98d6-3b1b65994502" testId="39386662-3636-6465-3762-646138656239" testName="NaoEstaNoBD" computerName="CFC-WINDOWS" duration="00:00:00.0730000" startTime="2014-10-25T12:21:04.9154912-02:00" endTime="2014-10-25T12:21:04.9804949-02:00" testType="f3589083-259c-4054-87f7-75cdad4b08e5" outcome="Passed" testListId="8c84fa94-04c1-424b-9868-57a2d4851a1d" relativeResultsDirectory="ef5d49fd-23c3-44ce-98d6-3b1b65994502">
      <Output>
        <StdOut>NHibernate: SELECT produto0_.Id as Id0_0_, produto0_.Nome as Nome0_0_ FROM [Produto] produto0_ WHERE produto0_.Id=@p0;@p0 = 1 [Type: Int32 (0)]
NHibernate: DELETE FROM [Produto] WHERE Id = @p0;@p0 = 1 [Type: Int32 (0)]
NHibernate: SELECT produto0_.Id as Id0_0_, produto0_.Nome as Nome0_0_ FROM [Produto] produto0_ WHERE produto0_.Id=@p0;@p0 = 1 [Type: Int32 (0)]</StdOut>
      </Output>
    </GallioTestResult>
    <GallioTestResult executionId="6c4ee54b-7de9-4885-9ea1-d4382e7e33a5" testId="61636461-3738-6433-3132-383331313434" testName="TemNomeCorreto" computerName="CFC-WINDOWS" duration="00:00:00.0430000" startTime="2014-10-25T12:21:04.8604881-02:00" endTime="2014-10-25T12:21:04.8994903-02:00" testType="f3589083-259c-4054-87f7-75cdad4b08e5" outcome="Passed" testListId="8c84fa94-04c1-424b-9868-57a2d4851a1d" relativeResultsDirectory="6c4ee54b-7de9-4885-9ea1-d4382e7e33a5">
      <Output>
        <StdOut>NHibernate: SELECT produto0_.Id as Id0_0_, produto0_.Nome as Nome0_0_ FROM [Produto] produto0_ WHERE produto0_.Id=@p0;@p0 = 1 [Type: Int32 (0)]</StdOut>
      </Output>
    </GallioTestResult>
    <GallioTestResult executionId="ee915266-14da-4d1f-83f0-11fb66410f5e" testId="65633635-3633-3536-3937-313163643339" testName="teste_consulta_vendedor_com_uma_venda" computerName="CFC-WINDOWS" duration="00:00:00.0760000" startTime="2014-10-25T12:21:05.0895012-02:00" endTime="2014-10-25T12:21:05.1555049-02:00" testType="f3589083-259c-4054-87f7-75cdad4b08e5" outcome="Passed" testListId="8c84fa94-04c1-424b-9868-57a2d4851a1d" relativeResultsDirectory="ee915266-14da-4d1f-83f0-11fb66410f5e">
      <Output>
        <StdOut>NHibernate: select sum(v.valor)  from venda v where v.IdVendedor = @p0;@p0 = 1 [Type: Int32 (0)]</StdOut>
      </Output>
    </GallioTestResult>
  </Results>
</TestRun>