<?xml version="1.0" encoding="UTF-8"?>
<TestRun id="6f48b544-8f5b-4fab-9bc0-4a2a622253a1" name="cfc@CFC-WINDOWS 2014-10-25 00:11:48" runUser="cfc-windows\cfc" xmlns="http://microsoft.com/schemas/VisualStudio/TeamTest/2010">
  <TestSettings name="Default Test Settings" id="3432cf78-22f2-4cda-977f-b1f2993eeeb3">
    <Deployment runDeploymentRoot="cfc_CFC-WINDOWS 2014-10-25 00_11_48">
      <DeploymentItem filename="C:\RJ\TestesUsandoBancoDados\src\packages\Castle.Windsor.2.5.4\lib\net40\Castle.Windsor.dll" />
      <DeploymentItem filename="C:\RJ\TestesUsandoBancoDados\src\packages\NHibernate.Castle.3.1.0.4000\lib\Net35\NHibernate.ByteCode.Castle.dll" />
      <DeploymentItem filename="C:\RJ\TestesUsandoBancoDados\src\packages\Newtonsoft.Json.4.0.4\lib\net40\Newtonsoft.Json.dll" />
      <DeploymentItem filename="C:\RJ\TestesUsandoBancoDados\src\packages\Castle.Facilities.NHibernateIntegration.1.1.0\lib\NET40\Castle.Facilities.NHibernateIntegration.dll" />
      <DeploymentItem filename="C:\RJ\TestesUsandoBancoDados\src\packages\mbunit.3.3.454.0\lib\net40\MbUnit40.dll" />
      <DeploymentItem filename="C:\RJ\TestesUsandoBancoDados\src\packages\NDbUnit.SqlClient.1.6.8.0\lib\Net35\NDbUnit.SqlClient.dll" />
      <DeploymentItem filename="C:\RJ\TestesUsandoBancoDados\src\packages\FluentNHibernate.1.2.0.712\lib\FluentNHibernate.dll" />
      <DeploymentItem filename="C:\RJ\TestesUsandoBancoDados\src\ClassLibrary1\bin\Debug\ClassLibrary1.dll" />
      <DeploymentItem filename="C:\RJ\TestesUsandoBancoDados\src\packages\DotNetZip.1.9.1.8\lib\net20\Ionic.Zip.dll" />
      <DeploymentItem filename="C:\RJ\TestesUsandoBancoDados\src\packages\Castle.Core.2.5.2\lib\NET35\Castle.Core.dll" />
      <DeploymentItem filename="C:\RJ\TestesUsandoBancoDados\src\packages\NHibernate.3.1.0.4000\lib\Net35\NHibernate.dll" />
      <DeploymentItem filename="C:\RJ\TestesUsandoBancoDados\src\packages\Iesi.Collections.3.2.0.4000\lib\Net35\Iesi.Collections.dll" />
      <DeploymentItem filename="C:\RJ\TestesUsandoBancoDados\src\packages\Selenium.Support.2.17.0\lib\net40\WebDriver.Support.dll" />
      <DeploymentItem filename="C:\RJ\TestesUsandoBancoDados\src\packages\NDbUnit.Core.1.6.8.0\lib\Net35\NDbUnit.Core.dll" />
      <DeploymentItem filename="C:\RJ\TestesUsandoBancoDados\src\packages\Castle.Services.Transaction.2.5.0\lib\NET40\Castle.Services.Transaction.dll" />
      <DeploymentItem filename="C:\RJ\TestesUsandoBancoDados\src\packages\SharpTestsEx.1.1.1\lib\SharpTestsEx.Mvc.dll" />
      <DeploymentItem filename="C:\RJ\TestesUsandoBancoDados\src\packages\mbunit.3.3.454.0\lib\net40\Gallio.dll" />
      <DeploymentItem filename="C:\RJ\TestesUsandoBancoDados\src\packages\mbunit.3.3.454.0\lib\net40\MbUnit.dll" />
      <DeploymentItem filename="C:\RJ\TestesUsandoBancoDados\src\packages\SharpTestsEx.1.1.1\lib\SharpTestsEx.dll" />
      <DeploymentItem filename="C:\RJ\TestesUsandoBancoDados\src\packages\NHibernate.Linq.1.0\lib\NHibernate.Linq.dll" />
      <DeploymentItem filename="C:\RJ\TestesUsandoBancoDados\src\packages\mbunit.3.3.454.0\lib\net40\Gallio40.dll" />
      <DeploymentItem filename="C:\RJ\TestesUsandoBancoDados\src\packages\Selenium.WebDriver.2.17.0\lib\net40\WebDriver.dll" />
      <DeploymentItem filename="C:\RJ\TestesUsandoBancoDados\src\packages\log4net.1.2.11\lib\net40-full\log4net.dll" />
    </Deployment>
    <Execution>
      <TestTypeSpecific />
      <AgentRule name="Execution Agents">
      </AgentRule>
    </Execution>
  </TestSettings>
  <Times creation="2014-10-25T00:11:48.7467521-02:00" queuing="2014-10-25T00:11:49.2067611-02:00" start="2014-10-25T00:11:49.2379612-02:00" finish="2014-10-25T00:11:51.7963656-02:00" />
  <ResultSummary outcome="Failed">
    <Counters total="6" executed="6" error="0" failed="6" timeout="0" aborted="0" inconclusive="0" passedButRunAborted="0" notRunnable="0" notExecuted="0" disconnected="0" warning="0" passed="0" completed="0" inProgress="0" pending="0" />
  </ResultSummary>
  <TestDefinitions>
    <GallioTestElement name="NaoEstaNoBD" storage="C:\RJ\TestesUsandoBancoDados\src\TestProject1\bin\Debug\TestProject1.dll" id="39386662-3636-6465-3762-646138656239" d3p1:Gallio.TestId="bf8966ed7bda8eb9" d3p1:Gallio.AssemblyName="TestProject1, Version=1.0.0.0, Culture=neutral, PublicKeyToken=null" d3p1:Gallio.NamespaceName="TestProject1.Testes" d3p1:Gallio.TypeName="TestProject1.Testes.TesteExclusaoProduto" d3p1:Gallio.MemberName="NaoEstaNoBD" d3p1:Gallio.ParameterName="" d3p1:Gallio.Path="C:\RJ\TestesUsandoBancoDados\src\TestProject1\Testes\TesteExclusaoProduto.cs" d3p1:Gallio.Line="39" d3p1:Gallio.Column="0" xmlns:d3p1="http://www.gallio.org/">
      <Execution id="dd7bee4a-c8b2-4d2f-b68f-2c634cc82201" />
      <Properties>
        <Property>
          <Key>TestKind</Key>
          <Value>Test</Value>
        </Property>
      </Properties>
    </GallioTestElement>
    <GallioTestElement name="TemNomeCorreto" storage="C:\RJ\TestesUsandoBancoDados\src\TestProject1\bin\Debug\TestProject1.dll" id="61636461-3738-6433-3132-383331313434" d3p1:Gallio.TestId="adca873d12831144" d3p1:Gallio.AssemblyName="TestProject1, Version=1.0.0.0, Culture=neutral, PublicKeyToken=null" d3p1:Gallio.NamespaceName="TestProject1.Testes" d3p1:Gallio.TypeName="TestProject1.Testes.TesteConsultaProduto" d3p1:Gallio.MemberName="TemNomeCorreto" d3p1:Gallio.ParameterName="" d3p1:Gallio.Path="C:\RJ\TestesUsandoBancoDados\src\TestProject1\Testes\TesteConsultaProduto.cs" d3p1:Gallio.Line="34" d3p1:Gallio.Column="0" xmlns:d3p1="http://www.gallio.org/">
      <Execution id="098912fc-8337-44b1-84e2-bc4c7d0c999e" />
      <Properties>
        <Property>
          <Key>TestKind</Key>
          <Value>Test</Value>
        </Property>
      </Properties>
    </GallioTestElement>
    <GallioTestElement name="teste_consulta_vendedor_inexistente" storage="C:\RJ\TestesUsandoBancoDados\src\TestProject1\bin\Debug\TestProject1.dll" id="31326566-3431-3439-6631-326662393032" d3p1:Gallio.TestId="fe211494f12fb902" d3p1:Gallio.AssemblyName="TestProject1, Version=1.0.0.0, Culture=neutral, PublicKeyToken=null" d3p1:Gallio.NamespaceName="TestProject1.Testes" d3p1:Gallio.TypeName="TestProject1.Testes.TesteRelatorioDeVenda" d3p1:Gallio.MemberName="teste_consulta_vendedor_inexistente" d3p1:Gallio.ParameterName="" d3p1:Gallio.Path="C:\RJ\TestesUsandoBancoDados\src\TestProject1\Testes\TesteRelatorioDeVenda.cs" d3p1:Gallio.Line="26" d3p1:Gallio.Column="0" xmlns:d3p1="http://www.gallio.org/">
      <Execution id="c14e3946-bc22-4dae-9ee3-b91e51b09c52" />
      <Properties>
        <Property>
          <Key>TestKind</Key>
          <Value>Test</Value>
        </Property>
      </Properties>
    </GallioTestElement>
    <GallioTestElement name="ExisteNoBD" storage="C:\RJ\TestesUsandoBancoDados\src\TestProject1\bin\Debug\TestProject1.dll" id="30393466-6234-6238-3934-393137663466" d3p1:Gallio.TestId="f4904b8b94917f4f" d3p1:Gallio.AssemblyName="TestProject1, Version=1.0.0.0, Culture=neutral, PublicKeyToken=null" d3p1:Gallio.NamespaceName="TestProject1.Testes" d3p1:Gallio.TypeName="TestProject1.Testes.TesteConsultaProduto" d3p1:Gallio.MemberName="ExisteNoBD" d3p1:Gallio.ParameterName="" d3p1:Gallio.Path="C:\RJ\TestesUsandoBancoDados\src\TestProject1\Testes\TesteConsultaProduto.cs" d3p1:Gallio.Line="24" d3p1:Gallio.Column="0" xmlns:d3p1="http://www.gallio.org/">
      <Execution id="b9e986cb-3697-4d30-bcbb-1436443557d4" />
      <Properties>
        <Property>
          <Key>TestKind</Key>
          <Value>Test</Value>
        </Property>
      </Properties>
    </GallioTestElement>
    <GallioTestElement name="NaoEhIgualAZero" storage="C:\RJ\TestesUsandoBancoDados\src\TestProject1\bin\Debug\TestProject1.dll" id="37643634-3766-3465-3032-323030653834" d3p1:Gallio.TestId="46d7f7e402200e84" d3p1:Gallio.AssemblyName="TestProject1, Version=1.0.0.0, Culture=neutral, PublicKeyToken=null" d3p1:Gallio.NamespaceName="TestProject1.Testes" d3p1:Gallio.TypeName="TestProject1.Testes.TesteInclusaoProduto" d3p1:Gallio.MemberName="NaoEhIgualAZero" d3p1:Gallio.ParameterName="" d3p1:Gallio.Path="C:\RJ\TestesUsandoBancoDados\src\TestProject1\Testes\TesteInclusaoProduto.cs" d3p1:Gallio.Line="42" d3p1:Gallio.Column="0" xmlns:d3p1="http://www.gallio.org/">
      <Execution id="3ab16ee0-2c73-4e16-8c4a-da14d2363c2e" />
      <Properties>
        <Property>
          <Key>TestKind</Key>
          <Value>Test</Value>
        </Property>
      </Properties>
    </GallioTestElement>
    <GallioTestElement name="EstaNoBD" storage="C:\RJ\TestesUsandoBancoDados\src\TestProject1\bin\Debug\TestProject1.dll" id="31343639-6235-3730-3937-313936373661" d3p1:Gallio.TestId="96415b079719676a" d3p1:Gallio.AssemblyName="TestProject1, Version=1.0.0.0, Culture=neutral, PublicKeyToken=null" d3p1:Gallio.NamespaceName="TestProject1.Testes" d3p1:Gallio.TypeName="TestProject1.Testes.TesteInclusaoProduto" d3p1:Gallio.MemberName="EstaNoBD" d3p1:Gallio.ParameterName="" d3p1:Gallio.Path="C:\RJ\TestesUsandoBancoDados\src\TestProject1\Testes\TesteInclusaoProduto.cs" d3p1:Gallio.Line="48" d3p1:Gallio.Column="0" xmlns:d3p1="http://www.gallio.org/">
      <Execution id="bd87affb-8392-45d6-8958-ae6779af74a5" />
      <Properties>
        <Property>
          <Key>TestKind</Key>
          <Value>Test</Value>
        </Property>
      </Properties>
    </GallioTestElement>
  </TestDefinitions>
  <TestLists>
    <TestList name="Results Not in a List" id="8c84fa94-04c1-424b-9868-57a2d4851a1d" />
    <TestList name="All Loaded Results" id="19431567-8539-422a-85d7-44ee4e166bda" />
  </TestLists>
  <TestEntries>
    <TestEntry testId="30393466-6234-6238-3934-393137663466" executionId="b9e986cb-3697-4d30-bcbb-1436443557d4" testListId="8c84fa94-04c1-424b-9868-57a2d4851a1d" />
    <TestEntry testId="31326566-3431-3439-6631-326662393032" executionId="c14e3946-bc22-4dae-9ee3-b91e51b09c52" testListId="8c84fa94-04c1-424b-9868-57a2d4851a1d" />
    <TestEntry testId="31343639-6235-3730-3937-313936373661" executionId="bd87affb-8392-45d6-8958-ae6779af74a5" testListId="8c84fa94-04c1-424b-9868-57a2d4851a1d" />
    <TestEntry testId="37643634-3766-3465-3032-323030653834" executionId="3ab16ee0-2c73-4e16-8c4a-da14d2363c2e" testListId="8c84fa94-04c1-424b-9868-57a2d4851a1d" />
    <TestEntry testId="39386662-3636-6465-3762-646138656239" executionId="dd7bee4a-c8b2-4d2f-b68f-2c634cc82201" testListId="8c84fa94-04c1-424b-9868-57a2d4851a1d" />
    <TestEntry testId="61636461-3738-6433-3132-383331313434" executionId="098912fc-8337-44b1-84e2-bc4c7d0c999e" testListId="8c84fa94-04c1-424b-9868-57a2d4851a1d" />
  </TestEntries>
  <Results>
    <GallioTestResult executionId="b9e986cb-3697-4d30-bcbb-1436443557d4" testId="30393466-6234-6238-3934-393137663466" testName="ExisteNoBD" computerName="CFC-WINDOWS" duration="00:00:00.0750000" startTime="2014-10-25T00:11:51.4843651-02:00" endTime="2014-10-25T00:11:51.5779653-02:00" testType="f3589083-259c-4054-87f7-75cdad4b08e5" outcome="Failed" testListId="8c84fa94-04c1-424b-9868-57a2d4851a1d" relativeResultsDirectory="b9e986cb-3697-4d30-bcbb-1436443557d4">
      <Output>
        <ErrorInfo>
          <Message>Set Up
System.Xml.XmlException: '&lt;' é um símbolo inesperado. O símbolo esperado é '&gt;'. Linha 15, posição 5.
LineNumber: 15
LinePosition: 5
SourceUri: 
   em System.Xml.XmlTextReaderImpl.Throw(Exception e)
   em System.Xml.XmlTextReaderImpl.Throw(String res, String[] args)
   em System.Xml.XmlTextReaderImpl.ThrowUnexpectedToken(String expectedToken1, String expectedToken2)
   em System.Xml.XmlTextReaderImpl.ParseEndElement()
   em System.Xml.XmlTextReaderImpl.ParseElementContent()
   em System.Xml.XmlTextReaderImpl.Read()
   em System.Xml.XmlTextReader.Read()
   em System.Data.DataTextReader.Read()
   em System.Data.XmlDataLoader.LoadColumn(DataColumn column, Object[] foundColumns)
   em System.Data.XmlDataLoader.LoadTable(DataTable table, Boolean isNested)
   em System.Data.XmlDataLoader.LoadData(XmlReader reader)
   em System.Data.DataSet.ReadXml(XmlReader reader, Boolean denyResolving)
   em System.Data.DataSet.ReadXml(Stream stream)
   em NDbUnit.Core.NDbUnitTest.DoReadXml(Stream xml, Boolean appendData)
   em NDbUnit.Core.NDbUnitTest.DoReadXml(String xmlFile, Boolean appendData)
   em NDbUnit.Core.NDbUnitTest.ReadXml(String xmlFile)
   em TestProject1.OperacoesDeTestes.CarregarBancoDeDados(String esquema, String dados) na C:\RJ\TestesUsandoBancoDados\src\TestProject1\infraTestes\OperacoesDeTestes.cs:linha 16
   em TestProject1.TesteBase.TestInitialize() na C:\RJ\TestesUsandoBancoDados\src\TestProject1\infraTestes\TesteBase.cs:linha 12</Message>
        </ErrorInfo>
      </Output>
    </GallioTestResult>
    <GallioTestResult executionId="c14e3946-bc22-4dae-9ee3-b91e51b09c52" testId="31326566-3431-3439-6631-326662393032" testName="teste_consulta_vendedor_inexistente" computerName="CFC-WINDOWS" duration="00:00:00.0180000" startTime="2014-10-25T00:11:51.7339655-02:00" endTime="2014-10-25T00:11:51.7495656-02:00" testType="f3589083-259c-4054-87f7-75cdad4b08e5" outcome="Failed" testListId="8c84fa94-04c1-424b-9868-57a2d4851a1d" relativeResultsDirectory="c14e3946-bc22-4dae-9ee3-b91e51b09c52">
      <Output>
        <ErrorInfo>
          <Message>Set Up
System.Xml.XmlException: '&lt;' é um símbolo inesperado. O símbolo esperado é '&gt;'. Linha 15, posição 5.
LineNumber: 15
LinePosition: 5
SourceUri: 
   em System.Xml.XmlTextReaderImpl.Throw(Exception e)
   em System.Xml.XmlTextReaderImpl.Throw(String res, String[] args)
   em System.Xml.XmlTextReaderImpl.ThrowUnexpectedToken(String expectedToken1, String expectedToken2)
   em System.Xml.XmlTextReaderImpl.ParseEndElement()
   em System.Xml.XmlTextReaderImpl.ParseElementContent()
   em System.Xml.XmlTextReaderImpl.Read()
   em System.Xml.XmlTextReader.Read()
   em System.Data.DataTextReader.Read()
   em System.Data.XmlDataLoader.LoadColumn(DataColumn column, Object[] foundColumns)
   em System.Data.XmlDataLoader.LoadTable(DataTable table, Boolean isNested)
   em System.Data.XmlDataLoader.LoadData(XmlReader reader)
   em System.Data.DataSet.ReadXml(XmlReader reader, Boolean denyResolving)
   em System.Data.DataSet.ReadXml(Stream stream)
   em NDbUnit.Core.NDbUnitTest.DoReadXml(Stream xml, Boolean appendData)
   em NDbUnit.Core.NDbUnitTest.DoReadXml(String xmlFile, Boolean appendData)
   em NDbUnit.Core.NDbUnitTest.ReadXml(String xmlFile)
   em TestProject1.OperacoesDeTestes.CarregarBancoDeDados(String esquema, String dados) na C:\RJ\TestesUsandoBancoDados\src\TestProject1\infraTestes\OperacoesDeTestes.cs:linha 16
   em TestProject1.TesteBase.TestInitialize() na C:\RJ\TestesUsandoBancoDados\src\TestProject1\infraTestes\TesteBase.cs:linha 12</Message>
        </ErrorInfo>
      </Output>
    </GallioTestResult>
    <GallioTestResult executionId="bd87affb-8392-45d6-8958-ae6779af74a5" testId="31343639-6235-3730-3937-313936373661" testName="EstaNoBD" computerName="CFC-WINDOWS" duration="00:00:00.0200000" startTime="2014-10-25T00:11:51.6715654-02:00" endTime="2014-10-25T00:11:51.6871655-02:00" testType="f3589083-259c-4054-87f7-75cdad4b08e5" outcome="Failed" testListId="8c84fa94-04c1-424b-9868-57a2d4851a1d" relativeResultsDirectory="bd87affb-8392-45d6-8958-ae6779af74a5">
      <Output>
        <ErrorInfo>
          <Message>Set Up
System.Xml.XmlException: '&lt;' é um símbolo inesperado. O símbolo esperado é '&gt;'. Linha 15, posição 5.
LineNumber: 15
LinePosition: 5
SourceUri: 
   em System.Xml.XmlTextReaderImpl.Throw(Exception e)
   em System.Xml.XmlTextReaderImpl.Throw(String res, String[] args)
   em System.Xml.XmlTextReaderImpl.ThrowUnexpectedToken(String expectedToken1, String expectedToken2)
   em System.Xml.XmlTextReaderImpl.ParseEndElement()
   em System.Xml.XmlTextReaderImpl.ParseElementContent()
   em System.Xml.XmlTextReaderImpl.Read()
   em System.Xml.XmlTextReader.Read()
   em System.Data.DataTextReader.Read()
   em System.Data.XmlDataLoader.LoadColumn(DataColumn column, Object[] foundColumns)
   em System.Data.XmlDataLoader.LoadTable(DataTable table, Boolean isNested)
   em System.Data.XmlDataLoader.LoadData(XmlReader reader)
   em System.Data.DataSet.ReadXml(XmlReader reader, Boolean denyResolving)
   em System.Data.DataSet.ReadXml(Stream stream)
   em NDbUnit.Core.NDbUnitTest.DoReadXml(Stream xml, Boolean appendData)
   em NDbUnit.Core.NDbUnitTest.DoReadXml(String xmlFile, Boolean appendData)
   em NDbUnit.Core.NDbUnitTest.ReadXml(String xmlFile)
   em TestProject1.OperacoesDeTestes.CarregarBancoDeDados(String esquema, String dados) na C:\RJ\TestesUsandoBancoDados\src\TestProject1\infraTestes\OperacoesDeTestes.cs:linha 16
   em TestProject1.TesteBase.TestInitialize() na C:\RJ\TestesUsandoBancoDados\src\TestProject1\infraTestes\TesteBase.cs:linha 12</Message>
        </ErrorInfo>
      </Output>
    </GallioTestResult>
    <GallioTestResult executionId="3ab16ee0-2c73-4e16-8c4a-da14d2363c2e" testId="37643634-3766-3465-3032-323030653834" testName="NaoEhIgualAZero" computerName="CFC-WINDOWS" duration="00:00:00.0200000" startTime="2014-10-25T00:11:51.7027655-02:00" endTime="2014-10-25T00:11:51.7183655-02:00" testType="f3589083-259c-4054-87f7-75cdad4b08e5" outcome="Failed" testListId="8c84fa94-04c1-424b-9868-57a2d4851a1d" relativeResultsDirectory="3ab16ee0-2c73-4e16-8c4a-da14d2363c2e">
      <Output>
        <ErrorInfo>
          <Message>Set Up
System.Xml.XmlException: '&lt;' é um símbolo inesperado. O símbolo esperado é '&gt;'. Linha 15, posição 5.
LineNumber: 15
LinePosition: 5
SourceUri: 
   em System.Xml.XmlTextReaderImpl.Throw(Exception e)
   em System.Xml.XmlTextReaderImpl.Throw(String res, String[] args)
   em System.Xml.XmlTextReaderImpl.ThrowUnexpectedToken(String expectedToken1, String expectedToken2)
   em System.Xml.XmlTextReaderImpl.ParseEndElement()
   em System.Xml.XmlTextReaderImpl.ParseElementContent()
   em System.Xml.XmlTextReaderImpl.Read()
   em System.Xml.XmlTextReader.Read()
   em System.Data.DataTextReader.Read()
   em System.Data.XmlDataLoader.LoadColumn(DataColumn column, Object[] foundColumns)
   em System.Data.XmlDataLoader.LoadTable(DataTable table, Boolean isNested)
   em System.Data.XmlDataLoader.LoadData(XmlReader reader)
   em System.Data.DataSet.ReadXml(XmlReader reader, Boolean denyResolving)
   em System.Data.DataSet.ReadXml(Stream stream)
   em NDbUnit.Core.NDbUnitTest.DoReadXml(Stream xml, Boolean appendData)
   em NDbUnit.Core.NDbUnitTest.DoReadXml(String xmlFile, Boolean appendData)
   em NDbUnit.Core.NDbUnitTest.ReadXml(String xmlFile)
   em TestProject1.OperacoesDeTestes.CarregarBancoDeDados(String esquema, String dados) na C:\RJ\TestesUsandoBancoDados\src\TestProject1\infraTestes\OperacoesDeTestes.cs:linha 16
   em TestProject1.TesteBase.TestInitialize() na C:\RJ\TestesUsandoBancoDados\src\TestProject1\infraTestes\TesteBase.cs:linha 12</Message>
        </ErrorInfo>
      </Output>
    </GallioTestResult>
    <GallioTestResult executionId="dd7bee4a-c8b2-4d2f-b68f-2c634cc82201" testId="39386662-3636-6465-3762-646138656239" testName="NaoEstaNoBD" computerName="CFC-WINDOWS" duration="00:00:00.0210000" startTime="2014-10-25T00:11:51.6247653-02:00" endTime="2014-10-25T00:11:51.6559654-02:00" testType="f3589083-259c-4054-87f7-75cdad4b08e5" outcome="Failed" testListId="8c84fa94-04c1-424b-9868-57a2d4851a1d" relativeResultsDirectory="dd7bee4a-c8b2-4d2f-b68f-2c634cc82201">
      <Output>
        <ErrorInfo>
          <Message>Set Up
System.Xml.XmlException: '&lt;' é um símbolo inesperado. O símbolo esperado é '&gt;'. Linha 15, posição 5.
LineNumber: 15
LinePosition: 5
SourceUri: 
   em System.Xml.XmlTextReaderImpl.Throw(Exception e)
   em System.Xml.XmlTextReaderImpl.Throw(String res, String[] args)
   em System.Xml.XmlTextReaderImpl.ThrowUnexpectedToken(String expectedToken1, String expectedToken2)
   em System.Xml.XmlTextReaderImpl.ParseEndElement()
   em System.Xml.XmlTextReaderImpl.ParseElementContent()
   em System.Xml.XmlTextReaderImpl.Read()
   em System.Xml.XmlTextReader.Read()
   em System.Data.DataTextReader.Read()
   em System.Data.XmlDataLoader.LoadColumn(DataColumn column, Object[] foundColumns)
   em System.Data.XmlDataLoader.LoadTable(DataTable table, Boolean isNested)
   em System.Data.XmlDataLoader.LoadData(XmlReader reader)
   em System.Data.DataSet.ReadXml(XmlReader reader, Boolean denyResolving)
   em System.Data.DataSet.ReadXml(Stream stream)
   em NDbUnit.Core.NDbUnitTest.DoReadXml(Stream xml, Boolean appendData)
   em NDbUnit.Core.NDbUnitTest.DoReadXml(String xmlFile, Boolean appendData)
   em NDbUnit.Core.NDbUnitTest.ReadXml(String xmlFile)
   em TestProject1.OperacoesDeTestes.CarregarBancoDeDados(String esquema, String dados) na C:\RJ\TestesUsandoBancoDados\src\TestProject1\infraTestes\OperacoesDeTestes.cs:linha 16
   em TestProject1.TesteBase.TestInitialize() na C:\RJ\TestesUsandoBancoDados\src\TestProject1\infraTestes\TesteBase.cs:linha 12</Message>
        </ErrorInfo>
      </Output>
    </GallioTestResult>
    <GallioTestResult executionId="098912fc-8337-44b1-84e2-bc4c7d0c999e" testId="61636461-3738-6433-3132-383331313434" testName="TemNomeCorreto" computerName="CFC-WINDOWS" duration="00:00:00.0220000" startTime="2014-10-25T00:11:51.5935653-02:00" endTime="2014-10-25T00:11:51.6091653-02:00" testType="f3589083-259c-4054-87f7-75cdad4b08e5" outcome="Failed" testListId="8c84fa94-04c1-424b-9868-57a2d4851a1d" relativeResultsDirectory="098912fc-8337-44b1-84e2-bc4c7d0c999e">
      <Output>
        <ErrorInfo>
          <Message>Set Up
System.Xml.XmlException: '&lt;' é um símbolo inesperado. O símbolo esperado é '&gt;'. Linha 15, posição 5.
LineNumber: 15
LinePosition: 5
SourceUri: 
   em System.Xml.XmlTextReaderImpl.Throw(Exception e)
   em System.Xml.XmlTextReaderImpl.Throw(String res, String[] args)
   em System.Xml.XmlTextReaderImpl.ThrowUnexpectedToken(String expectedToken1, String expectedToken2)
   em System.Xml.XmlTextReaderImpl.ParseEndElement()
   em System.Xml.XmlTextReaderImpl.ParseElementContent()
   em System.Xml.XmlTextReaderImpl.Read()
   em System.Xml.XmlTextReader.Read()
   em System.Data.DataTextReader.Read()
   em System.Data.XmlDataLoader.LoadColumn(DataColumn column, Object[] foundColumns)
   em System.Data.XmlDataLoader.LoadTable(DataTable table, Boolean isNested)
   em System.Data.XmlDataLoader.LoadData(XmlReader reader)
   em System.Data.DataSet.ReadXml(XmlReader reader, Boolean denyResolving)
   em System.Data.DataSet.ReadXml(Stream stream)
   em NDbUnit.Core.NDbUnitTest.DoReadXml(Stream xml, Boolean appendData)
   em NDbUnit.Core.NDbUnitTest.DoReadXml(String xmlFile, Boolean appendData)
   em NDbUnit.Core.NDbUnitTest.ReadXml(String xmlFile)
   em TestProject1.OperacoesDeTestes.CarregarBancoDeDados(String esquema, String dados) na C:\RJ\TestesUsandoBancoDados\src\TestProject1\infraTestes\OperacoesDeTestes.cs:linha 16
   em TestProject1.TesteBase.TestInitialize() na C:\RJ\TestesUsandoBancoDados\src\TestProject1\infraTestes\TesteBase.cs:linha 12</Message>
        </ErrorInfo>
      </Output>
    </GallioTestResult>
  </Results>
</TestRun>