<?xml version="1.0" encoding="UTF-8"?>
<TestRun id="e9898791-1882-41f3-97eb-ab4751545ef5" name="cfc@CFC-WINDOWS 2014-10-25 14:01:39" runUser="cfc-windows\cfc" xmlns="http://microsoft.com/schemas/VisualStudio/TeamTest/2010">
  <TestSettings name="Default Test Settings" id="1bb74ad8-95f0-4b5a-bf81-6f5252ec1f71">
    <Deployment runDeploymentRoot="cfc_CFC-WINDOWS 2014-10-25 14_01_39">
      <DeploymentItem filename="C:\RJ\TestesUsandoBancoDados\src\packages\Castle.Windsor.2.5.4\lib\net40\Castle.Windsor.dll" />
      <DeploymentItem filename="C:\RJ\TestesUsandoBancoDados\src\packages\NHibernate.Castle.3.1.0.4000\lib\Net35\NHibernate.ByteCode.Castle.dll" />
      <DeploymentItem filename="C:\RJ\TestesUsandoBancoDados\src\packages\Newtonsoft.Json.4.0.4\lib\net40\Newtonsoft.Json.dll" />
      <DeploymentItem filename="C:\RJ\TestesUsandoBancoDados\src\packages\Castle.Facilities.NHibernateIntegration.1.1.0\lib\NET40\Castle.Facilities.NHibernateIntegration.dll" />
      <DeploymentItem filename="C:\RJ\TestesUsandoBancoDados\src\packages\mbunit.3.3.454.0\lib\net40\MbUnit40.dll" />
      <DeploymentItem filename="C:\RJ\TestesUsandoBancoDados\src\packages\NDbUnit.SqlClient.1.6.8.0\lib\Net35\NDbUnit.SqlClient.dll" />
      <DeploymentItem filename="C:\RJ\TestesUsandoBancoDados\src\packages\FluentNHibernate.1.2.0.712\lib\FluentNHibernate.dll" />
      <DeploymentItem filename="C:\RJ\TestesUsandoBancoDados\src\ClassLibrary1\bin\Debug\ClassLibrary1.dll" />
      <DeploymentItem filename="C:\RJ\TestesUsandoBancoDados\src\packages\DotNetZip.1.9.1.8\lib\net20\Ionic.Zip.dll" />
      <DeploymentItem filename="C:\RJ\TestesUsandoBancoDados\src\packages\Castle.Core.2.5.2\lib\NET35\Castle.Core.dll" />
      <DeploymentItem filename="C:\RJ\TestesUsandoBancoDados\src\packages\NHibernate.3.1.0.4000\lib\Net35\NHibernate.dll" />
      <DeploymentItem filename="C:\RJ\TestesUsandoBancoDados\src\packages\Iesi.Collections.3.2.0.4000\lib\Net35\Iesi.Collections.dll" />
      <DeploymentItem filename="C:\RJ\TestesUsandoBancoDados\src\packages\Selenium.Support.2.17.0\lib\net40\WebDriver.Support.dll" />
      <DeploymentItem filename="C:\RJ\TestesUsandoBancoDados\src\packages\NDbUnit.Core.1.6.8.0\lib\Net35\NDbUnit.Core.dll" />
      <DeploymentItem filename="C:\RJ\TestesUsandoBancoDados\src\packages\Castle.Services.Transaction.2.5.0\lib\NET40\Castle.Services.Transaction.dll" />
      <DeploymentItem filename="C:\RJ\TestesUsandoBancoDados\src\packages\SharpTestsEx.1.1.1\lib\SharpTestsEx.Mvc.dll" />
      <DeploymentItem filename="C:\RJ\TestesUsandoBancoDados\src\packages\mbunit.3.3.454.0\lib\net40\Gallio.dll" />
      <DeploymentItem filename="C:\RJ\TestesUsandoBancoDados\src\packages\mbunit.3.3.454.0\lib\net40\MbUnit.dll" />
      <DeploymentItem filename="C:\RJ\TestesUsandoBancoDados\src\packages\SharpTestsEx.1.1.1\lib\SharpTestsEx.dll" />
      <DeploymentItem filename="C:\RJ\TestesUsandoBancoDados\src\packages\NHibernate.Linq.1.0\lib\NHibernate.Linq.dll" />
      <DeploymentItem filename="C:\RJ\TestesUsandoBancoDados\src\packages\mbunit.3.3.454.0\lib\net40\Gallio40.dll" />
      <DeploymentItem filename="C:\RJ\TestesUsandoBancoDados\src\packages\Selenium.WebDriver.2.17.0\lib\net40\WebDriver.dll" />
      <DeploymentItem filename="C:\RJ\TestesUsandoBancoDados\src\packages\log4net.1.2.11\lib\net40-full\log4net.dll" />
    </Deployment>
    <Execution>
      <TestTypeSpecific />
      <AgentRule name="Execution Agents">
      </AgentRule>
    </Execution>
  </TestSettings>
  <Times creation="2014-10-25T14:01:39.6501420-02:00" queuing="2014-10-25T14:01:40.1051541-02:00" start="2014-10-25T14:01:40.1841558-02:00" finish="2014-10-25T14:01:43.9251910-02:00" />
  <ResultSummary outcome="Completed">
    <Counters total="9" executed="9" passed="9" error="0" failed="0" timeout="0" aborted="0" inconclusive="0" passedButRunAborted="0" notRunnable="0" notExecuted="0" disconnected="0" warning="0" completed="0" inProgress="0" pending="0" />
  </ResultSummary>
  <TestDefinitions>
    <GallioTestElement name="NaoEstaNoBD" storage="C:\RJ\TestesUsandoBancoDados\src\TestProject1\bin\Debug\TestProject1.dll" id="39386662-3636-6465-3762-646138656239" d3p1:Gallio.TestId="bf8966ed7bda8eb9" d3p1:Gallio.AssemblyName="TestProject1, Version=1.0.0.0, Culture=neutral, PublicKeyToken=null" d3p1:Gallio.NamespaceName="TestProject1.Testes" d3p1:Gallio.TypeName="TestProject1.Testes.TesteExclusaoProduto" d3p1:Gallio.MemberName="NaoEstaNoBD" d3p1:Gallio.ParameterName="" d3p1:Gallio.Path="C:\RJ\TestesUsandoBancoDados\src\TestProject1\Testes\TesteExclusaoProduto.cs" d3p1:Gallio.Line="39" d3p1:Gallio.Column="0" xmlns:d3p1="http://www.gallio.org/">
      <Execution id="a5592797-c272-45a4-af69-ae02a6f3aa7a" />
      <Properties>
        <Property>
          <Key>TestKind</Key>
          <Value>Test</Value>
        </Property>
      </Properties>
    </GallioTestElement>
    <GallioTestElement name="TemNomeCorreto" storage="C:\RJ\TestesUsandoBancoDados\src\TestProject1\bin\Debug\TestProject1.dll" id="61636461-3738-6433-3132-383331313434" d3p1:Gallio.TestId="adca873d12831144" d3p1:Gallio.AssemblyName="TestProject1, Version=1.0.0.0, Culture=neutral, PublicKeyToken=null" d3p1:Gallio.NamespaceName="TestProject1.Testes" d3p1:Gallio.TypeName="TestProject1.Testes.TesteConsultaProduto" d3p1:Gallio.MemberName="TemNomeCorreto" d3p1:Gallio.ParameterName="" d3p1:Gallio.Path="C:\RJ\TestesUsandoBancoDados\src\TestProject1\Testes\TesteConsultaProduto.cs" d3p1:Gallio.Line="34" d3p1:Gallio.Column="0" xmlns:d3p1="http://www.gallio.org/">
      <Execution id="db88a102-ec8a-4a0f-bd91-c059b49446b0" />
      <Properties>
        <Property>
          <Key>TestKind</Key>
          <Value>Test</Value>
        </Property>
      </Properties>
    </GallioTestElement>
    <GallioTestElement name="NaoEhIgualAZero" storage="C:\RJ\TestesUsandoBancoDados\src\TestProject1\bin\Debug\TestProject1.dll" id="37643634-3766-3465-3032-323030653834" d3p1:Gallio.TestId="46d7f7e402200e84" d3p1:Gallio.AssemblyName="TestProject1, Version=1.0.0.0, Culture=neutral, PublicKeyToken=null" d3p1:Gallio.NamespaceName="TestProject1.Testes" d3p1:Gallio.TypeName="TestProject1.Testes.TesteInclusaoProduto" d3p1:Gallio.MemberName="NaoEhIgualAZero" d3p1:Gallio.ParameterName="" d3p1:Gallio.Path="C:\RJ\TestesUsandoBancoDados\src\TestProject1\Testes\TesteInclusaoProduto.cs" d3p1:Gallio.Line="42" d3p1:Gallio.Column="0" xmlns:d3p1="http://www.gallio.org/">
      <Execution id="3bace8da-8a53-4007-a7e2-e8974efc8ea1" />
      <Properties>
        <Property>
          <Key>TestKind</Key>
          <Value>Test</Value>
        </Property>
      </Properties>
    </GallioTestElement>
    <GallioTestElement name="teste_consulta_vendedor_inexistente" storage="C:\RJ\TestesUsandoBancoDados\src\TestProject1\bin\Debug\TestProject1.dll" id="31326566-3431-3439-6631-326662393032" d3p1:Gallio.TestId="fe211494f12fb902" d3p1:Gallio.AssemblyName="TestProject1, Version=1.0.0.0, Culture=neutral, PublicKeyToken=null" d3p1:Gallio.NamespaceName="TestProject1.Testes" d3p1:Gallio.TypeName="TestProject1.Testes.TesteRelatorioDeVenda" d3p1:Gallio.MemberName="teste_consulta_vendedor_inexistente" d3p1:Gallio.ParameterName="" d3p1:Gallio.Path="C:\RJ\TestesUsandoBancoDados\src\TestProject1\Testes\TesteRelatorioDeVenda.cs" d3p1:Gallio.Line="27" d3p1:Gallio.Column="0" xmlns:d3p1="http://www.gallio.org/">
      <Execution id="882af510-11f3-42fb-90b8-5597f515f4c8" />
      <Properties>
        <Property>
          <Key>TestKind</Key>
          <Value>Test</Value>
        </Property>
      </Properties>
    </GallioTestElement>
    <GallioTestElement name="teste_consulta_vendedor_vendas_em_mais_de_1_ano" storage="C:\RJ\TestesUsandoBancoDados\src\TestProject1\bin\Debug\TestProject1.dll" id="37323835-3766-6239-3332-343736356265" d3p1:Gallio.TestId="5827f79b324765be" d3p1:Gallio.AssemblyName="TestProject1, Version=1.0.0.0, Culture=neutral, PublicKeyToken=null" d3p1:Gallio.NamespaceName="TestProject1.Testes" d3p1:Gallio.TypeName="TestProject1.Testes.TesteRelatorioDeVenda" d3p1:Gallio.MemberName="teste_consulta_vendedor_vendas_em_mais_de_1_ano" d3p1:Gallio.ParameterName="" d3p1:Gallio.Path="C:\RJ\TestesUsandoBancoDados\src\TestProject1\Testes\TesteRelatorioDeVenda.cs" d3p1:Gallio.Line="62" d3p1:Gallio.Column="0" xmlns:d3p1="http://www.gallio.org/">
      <Execution id="3eea6c37-9d5b-449a-a29d-4c167273d5d2" />
      <Properties>
        <Property>
          <Key>TestKind</Key>
          <Value>Test</Value>
        </Property>
      </Properties>
    </GallioTestElement>
    <GallioTestElement name="ExisteNoBD" storage="C:\RJ\TestesUsandoBancoDados\src\TestProject1\bin\Debug\TestProject1.dll" id="30393466-6234-6238-3934-393137663466" d3p1:Gallio.TestId="f4904b8b94917f4f" d3p1:Gallio.AssemblyName="TestProject1, Version=1.0.0.0, Culture=neutral, PublicKeyToken=null" d3p1:Gallio.NamespaceName="TestProject1.Testes" d3p1:Gallio.TypeName="TestProject1.Testes.TesteConsultaProduto" d3p1:Gallio.MemberName="ExisteNoBD" d3p1:Gallio.ParameterName="" d3p1:Gallio.Path="C:\RJ\TestesUsandoBancoDados\src\TestProject1\Testes\TesteConsultaProduto.cs" d3p1:Gallio.Line="24" d3p1:Gallio.Column="0" xmlns:d3p1="http://www.gallio.org/">
      <Execution id="cc0e4801-17f6-485c-bf64-7347333c6ff3" />
      <Properties>
        <Property>
          <Key>TestKind</Key>
          <Value>Test</Value>
        </Property>
      </Properties>
    </GallioTestElement>
    <GallioTestElement name="teste_consulta_vendedor_duas_ou_mais_vendas_ano" storage="C:\RJ\TestesUsandoBancoDados\src\TestProject1\bin\Debug\TestProject1.dll" id="30396361-3233-3436-6130-306463636639" d3p1:Gallio.TestId="ac903264a00dccf9" d3p1:Gallio.AssemblyName="TestProject1, Version=1.0.0.0, Culture=neutral, PublicKeyToken=null" d3p1:Gallio.NamespaceName="TestProject1.Testes" d3p1:Gallio.TypeName="TestProject1.Testes.TesteRelatorioDeVenda" d3p1:Gallio.MemberName="teste_consulta_vendedor_duas_ou_mais_vendas_ano" d3p1:Gallio.ParameterName="" d3p1:Gallio.Path="C:\RJ\TestesUsandoBancoDados\src\TestProject1\Testes\TesteRelatorioDeVenda.cs" d3p1:Gallio.Line="50" d3p1:Gallio.Column="0" xmlns:d3p1="http://www.gallio.org/">
      <Execution id="736d0f7e-80de-4602-a51c-854486da4293" />
      <Properties>
        <Property>
          <Key>TestKind</Key>
          <Value>Test</Value>
        </Property>
      </Properties>
    </GallioTestElement>
    <GallioTestElement name="teste_consulta_vendedor_com_uma_venda" storage="C:\RJ\TestesUsandoBancoDados\src\TestProject1\bin\Debug\TestProject1.dll" id="65633635-3633-3536-3937-313163643339" d3p1:Gallio.TestId="56ce36659711cd39" d3p1:Gallio.AssemblyName="TestProject1, Version=1.0.0.0, Culture=neutral, PublicKeyToken=null" d3p1:Gallio.NamespaceName="TestProject1.Testes" d3p1:Gallio.TypeName="TestProject1.Testes.TesteRelatorioDeVenda" d3p1:Gallio.MemberName="teste_consulta_vendedor_com_uma_venda" d3p1:Gallio.ParameterName="" d3p1:Gallio.Path="C:\RJ\TestesUsandoBancoDados\src\TestProject1\Testes\TesteRelatorioDeVenda.cs" d3p1:Gallio.Line="39" d3p1:Gallio.Column="0" xmlns:d3p1="http://www.gallio.org/">
      <Execution id="c3be228a-4179-4d37-a7be-4013e1045209" />
      <Properties>
        <Property>
          <Key>TestKind</Key>
          <Value>Test</Value>
        </Property>
      </Properties>
    </GallioTestElement>
    <GallioTestElement name="EstaNoBD" storage="C:\RJ\TestesUsandoBancoDados\src\TestProject1\bin\Debug\TestProject1.dll" id="31343639-6235-3730-3937-313936373661" d3p1:Gallio.TestId="96415b079719676a" d3p1:Gallio.AssemblyName="TestProject1, Version=1.0.0.0, Culture=neutral, PublicKeyToken=null" d3p1:Gallio.NamespaceName="TestProject1.Testes" d3p1:Gallio.TypeName="TestProject1.Testes.TesteInclusaoProduto" d3p1:Gallio.MemberName="EstaNoBD" d3p1:Gallio.ParameterName="" d3p1:Gallio.Path="C:\RJ\TestesUsandoBancoDados\src\TestProject1\Testes\TesteInclusaoProduto.cs" d3p1:Gallio.Line="48" d3p1:Gallio.Column="0" xmlns:d3p1="http://www.gallio.org/">
      <Execution id="559e5eab-9bd1-4f4a-abc1-7326ed907ccf" />
      <Properties>
        <Property>
          <Key>TestKind</Key>
          <Value>Test</Value>
        </Property>
      </Properties>
    </GallioTestElement>
  </TestDefinitions>
  <TestLists>
    <TestList name="Results Not in a List" id="8c84fa94-04c1-424b-9868-57a2d4851a1d" />
    <TestList name="All Loaded Results" id="19431567-8539-422a-85d7-44ee4e166bda" />
  </TestLists>
  <TestEntries>
    <TestEntry testId="30393466-6234-6238-3934-393137663466" executionId="cc0e4801-17f6-485c-bf64-7347333c6ff3" testListId="8c84fa94-04c1-424b-9868-57a2d4851a1d" />
    <TestEntry testId="30396361-3233-3436-6130-306463636639" executionId="736d0f7e-80de-4602-a51c-854486da4293" testListId="8c84fa94-04c1-424b-9868-57a2d4851a1d" />
    <TestEntry testId="31326566-3431-3439-6631-326662393032" executionId="882af510-11f3-42fb-90b8-5597f515f4c8" testListId="8c84fa94-04c1-424b-9868-57a2d4851a1d" />
    <TestEntry testId="31343639-6235-3730-3937-313936373661" executionId="559e5eab-9bd1-4f4a-abc1-7326ed907ccf" testListId="8c84fa94-04c1-424b-9868-57a2d4851a1d" />
    <TestEntry testId="37323835-3766-6239-3332-343736356265" executionId="3eea6c37-9d5b-449a-a29d-4c167273d5d2" testListId="8c84fa94-04c1-424b-9868-57a2d4851a1d" />
    <TestEntry testId="37643634-3766-3465-3032-323030653834" executionId="3bace8da-8a53-4007-a7e2-e8974efc8ea1" testListId="8c84fa94-04c1-424b-9868-57a2d4851a1d" />
    <TestEntry testId="39386662-3636-6465-3762-646138656239" executionId="a5592797-c272-45a4-af69-ae02a6f3aa7a" testListId="8c84fa94-04c1-424b-9868-57a2d4851a1d" />
    <TestEntry testId="61636461-3738-6433-3132-383331313434" executionId="db88a102-ec8a-4a0f-bd91-c059b49446b0" testListId="8c84fa94-04c1-424b-9868-57a2d4851a1d" />
    <TestEntry testId="65633635-3633-3536-3937-313163643339" executionId="c3be228a-4179-4d37-a7be-4013e1045209" testListId="8c84fa94-04c1-424b-9868-57a2d4851a1d" />
  </TestEntries>
  <Results>
    <GallioTestResult executionId="cc0e4801-17f6-485c-bf64-7347333c6ff3" testId="30393466-6234-6238-3934-393137663466" testName="ExisteNoBD" computerName="CFC-WINDOWS" duration="00:00:00.2020000" startTime="2014-10-25T14:01:43.2514368-02:00" endTime="2014-10-25T14:01:43.4551899-02:00" testType="f3589083-259c-4054-87f7-75cdad4b08e5" outcome="Passed" testListId="8c84fa94-04c1-424b-9868-57a2d4851a1d" relativeResultsDirectory="cc0e4801-17f6-485c-bf64-7347333c6ff3">
      <Output>
        <StdOut>NHibernate: SELECT produto0_.Id as Id0_0_, produto0_.Nome as Nome0_0_ FROM [Produto] produto0_ WHERE produto0_.Id=@p0;@p0 = 1 [Type: Int32 (0)]</StdOut>
      </Output>
    </GallioTestResult>
    <GallioTestResult executionId="736d0f7e-80de-4602-a51c-854486da4293" testId="30396361-3233-3436-6130-306463636639" testName="teste_consulta_vendedor_duas_ou_mais_vendas_ano" computerName="CFC-WINDOWS" duration="00:00:00.0280000" startTime="2014-10-25T14:01:43.8051908-02:00" endTime="2014-10-25T14:01:43.8251909-02:00" testType="f3589083-259c-4054-87f7-75cdad4b08e5" outcome="Passed" testListId="8c84fa94-04c1-424b-9868-57a2d4851a1d" relativeResultsDirectory="736d0f7e-80de-4602-a51c-854486da4293">
      <Output>
        <StdOut>NHibernate: select sum(v.valor)  from venda v where v.IdVendedor = @p0 and year(v.datavenda) = @p1;@p0 = 2 [Type: Int32 (0)], @p1 = 2012 [Type: Int32 (0)]</StdOut>
      </Output>
    </GallioTestResult>
    <GallioTestResult executionId="882af510-11f3-42fb-90b8-5597f515f4c8" testId="31326566-3431-3439-6631-326662393032" testName="teste_consulta_vendedor_inexistente" computerName="CFC-WINDOWS" duration="00:00:00.0250000" startTime="2014-10-25T14:01:43.8351909-02:00" endTime="2014-10-25T14:01:43.8551909-02:00" testType="f3589083-259c-4054-87f7-75cdad4b08e5" outcome="Passed" testListId="8c84fa94-04c1-424b-9868-57a2d4851a1d" relativeResultsDirectory="882af510-11f3-42fb-90b8-5597f515f4c8">
      <Output>
        <StdOut>NHibernate: select sum(v.valor)  from venda v where v.IdVendedor = @p0 and year(v.datavenda) = @p1;@p0 = 0 [Type: Int32 (0)], @p1 = 2011 [Type: Int32 (0)]</StdOut>
      </Output>
    </GallioTestResult>
    <GallioTestResult executionId="559e5eab-9bd1-4f4a-abc1-7326ed907ccf" testId="31343639-6235-3730-3937-313936373661" testName="EstaNoBD" computerName="CFC-WINDOWS" duration="00:00:00.1040000" startTime="2014-10-25T14:01:43.5951905-02:00" endTime="2014-10-25T14:01:43.6851907-02:00" testType="f3589083-259c-4054-87f7-75cdad4b08e5" outcome="Passed" testListId="8c84fa94-04c1-424b-9868-57a2d4851a1d" relativeResultsDirectory="559e5eab-9bd1-4f4a-abc1-7326ed907ccf">
      <Output>
        <StdOut>NHibernate: select NextHi from ProdutoId with (updlock, rowlock)
NHibernate: update ProdutoId set NextHi = @p0 where NextHi = @p1;@p0 = 11 [Type: Int32 (0)], @p1 = 10 [Type: Int32 (0)]
NHibernate: INSERT INTO [Produto] (Nome, Id) VALUES (@p0, @p1);@p0 = 'um' [Type: String (4000)], @p1 = 30 [Type: Int32 (0)]
NHibernate: SELECT produto0_.Id as Id0_0_, produto0_.Nome as Nome0_0_ FROM [Produto] produto0_ WHERE produto0_.Id=@p0;@p0 = 30 [Type: Int32 (0)]</StdOut>
      </Output>
    </GallioTestResult>
    <GallioTestResult executionId="3eea6c37-9d5b-449a-a29d-4c167273d5d2" testId="37323835-3766-6239-3332-343736356265" testName="teste_consulta_vendedor_vendas_em_mais_de_1_ano" computerName="CFC-WINDOWS" duration="00:00:00.0250000" startTime="2014-10-25T14:01:43.8651909-02:00" endTime="2014-10-25T14:01:43.8751909-02:00" testType="f3589083-259c-4054-87f7-75cdad4b08e5" outcome="Passed" testListId="8c84fa94-04c1-424b-9868-57a2d4851a1d" relativeResultsDirectory="3eea6c37-9d5b-449a-a29d-4c167273d5d2">
      <Output>
        <StdOut>NHibernate: select sum(v.valor)  from venda v where v.IdVendedor = @p0 and year(v.datavenda) = @p1;@p0 = 3 [Type: Int32 (0)], @p1 = 2013 [Type: Int32 (0)]</StdOut>
      </Output>
    </GallioTestResult>
    <GallioTestResult executionId="3bace8da-8a53-4007-a7e2-e8974efc8ea1" testId="37643634-3766-3465-3032-323030653834" testName="NaoEhIgualAZero" computerName="CFC-WINDOWS" duration="00:00:00.0310000" startTime="2014-10-25T14:01:43.6951907-02:00" endTime="2014-10-25T14:01:43.7151907-02:00" testType="f3589083-259c-4054-87f7-75cdad4b08e5" outcome="Passed" testListId="8c84fa94-04c1-424b-9868-57a2d4851a1d" relativeResultsDirectory="3bace8da-8a53-4007-a7e2-e8974efc8ea1">
      <Output>
        <StdOut>NHibernate: INSERT INTO [Produto] (Nome, Id) VALUES (@p0, @p1);@p0 = 'um' [Type: String (4000)], @p1 = 31 [Type: Int32 (0)]</StdOut>
      </Output>
    </GallioTestResult>
    <GallioTestResult executionId="a5592797-c272-45a4-af69-ae02a6f3aa7a" testId="39386662-3636-6465-3762-646138656239" testName="NaoEstaNoBD" computerName="CFC-WINDOWS" duration="00:00:00.0720000" startTime="2014-10-25T14:01:43.5151904-02:00" endTime="2014-10-25T14:01:43.5751905-02:00" testType="f3589083-259c-4054-87f7-75cdad4b08e5" outcome="Passed" testListId="8c84fa94-04c1-424b-9868-57a2d4851a1d" relativeResultsDirectory="a5592797-c272-45a4-af69-ae02a6f3aa7a">
      <Output>
        <StdOut>NHibernate: SELECT produto0_.Id as Id0_0_, produto0_.Nome as Nome0_0_ FROM [Produto] produto0_ WHERE produto0_.Id=@p0;@p0 = 1 [Type: Int32 (0)]
NHibernate: DELETE FROM [Produto] WHERE Id = @p0;@p0 = 1 [Type: Int32 (0)]
NHibernate: SELECT produto0_.Id as Id0_0_, produto0_.Nome as Nome0_0_ FROM [Produto] produto0_ WHERE produto0_.Id=@p0;@p0 = 1 [Type: Int32 (0)]</StdOut>
      </Output>
    </GallioTestResult>
    <GallioTestResult executionId="db88a102-ec8a-4a0f-bd91-c059b49446b0" testId="61636461-3738-6433-3132-383331313434" testName="TemNomeCorreto" computerName="CFC-WINDOWS" duration="00:00:00.0420000" startTime="2014-10-25T14:01:43.4664401-02:00" endTime="2014-10-25T14:01:43.4951904-02:00" testType="f3589083-259c-4054-87f7-75cdad4b08e5" outcome="Passed" testListId="8c84fa94-04c1-424b-9868-57a2d4851a1d" relativeResultsDirectory="db88a102-ec8a-4a0f-bd91-c059b49446b0">
      <Output>
        <StdOut>NHibernate: SELECT produto0_.Id as Id0_0_, produto0_.Nome as Nome0_0_ FROM [Produto] produto0_ WHERE produto0_.Id=@p0;@p0 = 1 [Type: Int32 (0)]</StdOut>
      </Output>
    </GallioTestResult>
    <GallioTestResult executionId="c3be228a-4179-4d37-a7be-4013e1045209" testId="65633635-3633-3536-3937-313163643339" testName="teste_consulta_vendedor_com_uma_venda" computerName="CFC-WINDOWS" duration="00:00:00.0770000" startTime="2014-10-25T14:01:43.7351907-02:00" endTime="2014-10-25T14:01:43.7951908-02:00" testType="f3589083-259c-4054-87f7-75cdad4b08e5" outcome="Passed" testListId="8c84fa94-04c1-424b-9868-57a2d4851a1d" relativeResultsDirectory="c3be228a-4179-4d37-a7be-4013e1045209">
      <Output>
        <StdOut>NHibernate: select sum(v.valor)  from venda v where v.IdVendedor = @p0 and year(v.datavenda) = @p1;@p0 = 1 [Type: Int32 (0)], @p1 = 2011 [Type: Int32 (0)]</StdOut>
      </Output>
    </GallioTestResult>
  </Results>
</TestRun>